<?xml version="1.0" encoding="UTF-8"?>
<robot generator="Robot 4.0.1 (Python 3.9.4 on win32)" generated="20210617 14:49:01.329" rpa="false" schemaversion="2">
<suite id="s1" name="WLAN ChannelID" source="D:\Personal\Automation\KPN\WiFi\Tests\WLAN_ChannelID.robot">
<test id="s1-t1" name="Verify setting 2.4Ghz ChannelID 1 and Bandwith 20MHz">
<kw name="Login to DUT" library="CommonFunction" type="SETUP">
<kw name="Open Browser" library="SeleniumLibrary">
<arg>${HOME_PAGE}</arg>
<arg>${BROWSER}</arg>
<doc>Opens a new browser instance to the optional ``url``.</doc>
<msg timestamp="20210617 14:49:01.801" level="INFO">Opening browser 'firefox' to base url 'https://mijnmodem.kpn/login.htm'.</msg>
<msg timestamp="20210617 14:49:01.835" level="INFO">Firefox driver log is always forced to to: D:\Personal\Automation\KPN\WiFi\result\geckodriver-179.log</msg>
<status status="PASS" starttime="20210617 14:49:01.801" endtime="20210617 14:49:12.649"/>
</kw>
<kw name="Maximize Browser Window" library="SeleniumLibrary">
<doc>Maximizes current browser window.</doc>
<status status="PASS" starttime="20210617 14:49:12.649" endtime="20210617 14:49:12.665"/>
</kw>
<kw name="Sleep" library="BuiltIn">
<arg>2s</arg>
<doc>Pauses the test executed for the given time.</doc>
<msg timestamp="20210617 14:49:14.667" level="INFO">Slept 2 seconds</msg>
<status status="PASS" starttime="20210617 14:49:12.665" endtime="20210617 14:49:14.667"/>
</kw>
<kw name="Press Keys" library="SeleniumLibrary">
<arg>${Password}</arg>
<arg>${Password_value}</arg>
<doc>Simulates the user pressing key(s) to an element or on the active browser.</doc>
<msg timestamp="20210617 14:49:14.667" level="INFO">Sending key(s) ('Qwerty1!',) to //input[@name='ui_pws'] element.</msg>
<msg timestamp="20210617 14:49:14.952" level="INFO">Sending keys Qwerty1!</msg>
<status status="PASS" starttime="20210617 14:49:14.667" endtime="20210617 14:49:14.968"/>
</kw>
<kw name="Sleep" library="BuiltIn">
<arg>2s</arg>
<doc>Pauses the test executed for the given time.</doc>
<msg timestamp="20210617 14:49:16.975" level="INFO">Slept 2 seconds</msg>
<status status="PASS" starttime="20210617 14:49:14.968" endtime="20210617 14:49:16.975"/>
</kw>
<kw name="Click Element" library="SeleniumLibrary">
<arg>${Login_button}</arg>
<doc>Click the element identified by ``locator``.</doc>
<msg timestamp="20210617 14:49:16.975" level="INFO">Clicking element '//tbody/tr[5]/td[1]'.</msg>
<status status="PASS" starttime="20210617 14:49:16.975" endtime="20210617 14:49:18.762"/>
</kw>
<kw name="Sleep" library="BuiltIn">
<arg>5s</arg>
<doc>Pauses the test executed for the given time.</doc>
<msg timestamp="20210617 14:49:23.777" level="INFO">Slept 5 seconds</msg>
<status status="PASS" starttime="20210617 14:49:18.762" endtime="20210617 14:49:23.777"/>
</kw>
<kw name="Wait Until Page Contains" library="SeleniumLibrary">
<arg>${Topology Overview}</arg>
<arg>15s</arg>
<doc>Waits until ``text`` appears on the current page.</doc>
<status status="PASS" starttime="20210617 14:49:23.777" endtime="20210617 14:49:23.777"/>
</kw>
<status status="PASS" starttime="20210617 14:49:01.798" endtime="20210617 14:49:23.777"/>
</kw>
<kw name="Verify 2.4Ghz ChannelID scenarios">
<arg>1</arg>
<arg>2</arg>
<arg>1</arg>
<tag>ChannelIDSet</tag>
<tag>Funtional</tag>
<tag>WiFi</tag>
<doc>This Test case is to verify setting different channel with Bandwith 20mhz</doc>
<kw name="Go to WLAN Page" library="WLANPage">
<kw name="Click Element" library="SeleniumLibrary">
<arg>${WLAN_Tab}</arg>
<doc>Click the element identified by ``locator``.</doc>
<msg timestamp="20210617 14:49:23.788" level="INFO">Clicking element '//a[normalize-space()='WLAN']'.</msg>
<status status="PASS" starttime="20210617 14:49:23.788" endtime="20210617 14:49:23.836"/>
</kw>
<kw name="Sleep" library="BuiltIn">
<arg>5s</arg>
<doc>Pauses the test executed for the given time.</doc>
<msg timestamp="20210617 14:49:28.838" level="INFO">Slept 5 seconds</msg>
<status status="PASS" starttime="20210617 14:49:23.837" endtime="20210617 14:49:28.838"/>
</kw>
<kw name="Wait Until Page Contains" library="SeleniumLibrary">
<arg>Access Points</arg>
<doc>Waits until ``text`` appears on the current page.</doc>
<status status="PASS" starttime="20210617 14:49:28.838" endtime="20210617 14:49:28.844"/>
</kw>
<kw name="Select Frame" library="SeleniumLibrary">
<arg>id:frm_main2</arg>
<doc>Sets frame identified by ``locator`` as the current frame.</doc>
<msg timestamp="20210617 14:49:28.844" level="INFO">Selecting frame 'id:frm_main2'.</msg>
<status status="PASS" starttime="20210617 14:49:28.844" endtime="20210617 14:49:28.844"/>
</kw>
<kw name="Current Frame Should Contain" library="SeleniumLibrary">
<arg>${wlan_page}</arg>
<doc>Verifies that the current frame contains ``text``.</doc>
<msg timestamp="20210617 14:49:28.860" level="INFO">Current frame contains text 'Restore WiFi Defaults'.</msg>
<status status="PASS" starttime="20210617 14:49:28.844" endtime="20210617 14:49:28.860"/>
</kw>
<status status="PASS" starttime="20210617 14:49:23.788" endtime="20210617 14:49:28.860"/>
</kw>
<kw name="Set 2.4Ghz Channel ID with value" library="WLANPage">
<arg>${ChannelID_index}</arg>
<kw name="Click Element" library="SeleniumLibrary">
<arg>${2.4Ghz_ChannelID_dropdown}</arg>
<doc>Click the element identified by ``locator``.</doc>
<msg timestamp="20210617 14:49:28.860" level="INFO">Clicking element '//tbody/tr[@id='tr_wchan_both']/td[@class='tdText']/div[1]'.</msg>
<status status="PASS" starttime="20210617 14:49:28.860" endtime="20210617 14:49:29.091"/>
</kw>
<kw name="Click Element" library="SeleniumLibrary">
<arg>//*[@id="tr_wchan_both"]/td[2]/div[1]/ul/li[${item label}]/a</arg>
<doc>Click the element identified by ``locator``.</doc>
<msg timestamp="20210617 14:49:29.091" level="INFO">Clicking element '//*[@id="tr_wchan_both"]/td[2]/div[1]/ul/li[2]/a'.</msg>
<status status="PASS" starttime="20210617 14:49:29.091" endtime="20210617 14:49:29.310"/>
</kw>
<status status="PASS" starttime="20210617 14:49:28.860" endtime="20210617 14:49:29.310"/>
</kw>
<kw name="Set 2.4Ghz Bandwith with value" library="WLANPage">
<arg>${24GHz_Bandwidth}</arg>
<kw name="Click Element" library="SeleniumLibrary">
<arg>${2.4Ghz_Bandwidth_dropdown}</arg>
<doc>Click the element identified by ``locator``.</doc>
<msg timestamp="20210617 14:49:29.310" level="INFO">Clicking element '//tbody/tr[@id='tr_bandwidth_both']/td[@class='tdText']/div[1]'.</msg>
<status status="PASS" starttime="20210617 14:49:29.310" endtime="20210617 14:49:29.540"/>
</kw>
<kw name="Click Element" library="SeleniumLibrary">
<arg>//*[@id="tr_bandwidth_both"]/td[2]/div[1]/ul/li[${item label}]/a</arg>
<doc>Click the element identified by ``locator``.</doc>
<msg timestamp="20210617 14:49:29.540" level="INFO">Clicking element '//*[@id="tr_bandwidth_both"]/td[2]/div[1]/ul/li[1]/a'.</msg>
<status status="PASS" starttime="20210617 14:49:29.540" endtime="20210617 14:49:29.763"/>
</kw>
<status status="PASS" starttime="20210617 14:49:29.310" endtime="20210617 14:49:29.763"/>
</kw>
<kw name="Save the WiFi setting" library="WLANPage">
<kw name="Click Element" library="SeleniumLibrary">
<arg>${WLAN_save_setting}</arg>
<doc>Click the element identified by ``locator``.</doc>
<msg timestamp="20210617 14:49:29.763" level="INFO">Clicking element '//*[@id="save"]/span[2]'.</msg>
<status status="PASS" starttime="20210617 14:49:29.763" endtime="20210617 14:49:30.010"/>
</kw>
<kw name="Sleep" library="BuiltIn">
<arg>15s</arg>
<doc>Pauses the test executed for the given time.</doc>
<msg timestamp="20210617 14:49:45.016" level="INFO">Slept 15 seconds</msg>
<status status="PASS" starttime="20210617 14:49:30.010" endtime="20210617 14:49:45.016"/>
</kw>
<status status="PASS" starttime="20210617 14:49:29.763" endtime="20210617 14:49:45.016"/>
</kw>
<kw name="Telnet to DUT Console" library="Telnet">
<kw name="Open Connection" library="Telnet">
<arg>192.168.2.254</arg>
<arg>prompt_is_regexp=yes</arg>
<arg>prompt=#</arg>
<doc>Opens a new Telnet connection to the given host and port.</doc>
<msg timestamp="20210617 14:49:45.016" level="INFO">Opening connection to 192.168.2.254:23 with prompt: # (regexp)</msg>
<status status="PASS" starttime="20210617 14:49:45.016" endtime="20210617 14:49:45.016"/>
</kw>
<kw name="Login" library="Telnet">
<arg>ls</arg>
<arg>date</arg>
<arg>login_prompt=#</arg>
<arg>password_prompt=#</arg>
<doc>Logs in to the Telnet server with the given user information.</doc>
<msg timestamp="20210617 14:49:45.179" level="INFO">BusyBox v1.26.2 (2020-06-23 18:38:50 CST) built-in shell (ash)
Enter 'help' for a list of built-in commands.

# ls
[1;34mbin[0m      [1;34mdev[0m      [1;36mmnt[0m      [1;34mproc[0m     [1;34msys[0m      [1;36mvar[0m
[1;34mbootfs[0m   [1;36metc[0m      [1;36mopt[0m      [1;34mramdisk[0m  [1;34mtmp[0m      [1;34mwww[0m
[1;34mdata[0m     [1;34mlib[0m      [1;34mowl[0m      [1;34msbin[0m     [1;34musr[0m
# date
Thu Jan  1 05:10:29 UTC 1970
#</msg>
<status status="PASS" starttime="20210617 14:49:45.016" endtime="20210617 14:49:45.179"/>
</kw>
<status status="PASS" starttime="20210617 14:49:45.016" endtime="20210617 14:49:45.179"/>
</kw>
<kw name="Get the 2.4Ghz channel id from console" library="Telnet">
<var>${2.4Ghz_ChannelID_Console}</var>
<kw name="Execute Command" library="Telnet">
<var>${out}</var>
<arg>cat /etc/config/.glbcfg |grep 24G_Channel=</arg>
<doc>Executes the given ``command`` and reads, logs, and returns everything until the prompt.</doc>
<msg timestamp="20210617 14:49:45.179" level="INFO">cat /etc/config/.glbcfg |grep 24G_Channel=</msg>
<msg timestamp="20210617 14:49:45.280" level="INFO">ARC_WLAN_24G_Channel=1
#</msg>
<msg timestamp="20210617 14:49:45.280" level="INFO">${out} = ARC_WLAN_24G_Channel=1
#</msg>
<status status="PASS" starttime="20210617 14:49:45.179" endtime="20210617 14:49:45.280"/>
</kw>
<kw name="Log" library="BuiltIn">
<arg>${out}</arg>
<doc>Logs the given message with the given level.</doc>
<msg timestamp="20210617 14:49:45.280" level="INFO">ARC_WLAN_24G_Channel=1
#</msg>
<status status="PASS" starttime="20210617 14:49:45.280" endtime="20210617 14:49:45.280"/>
</kw>
<kw name="Get Regexp Matches" library="String">
<var>${result}</var>
<arg>${out}</arg>
<arg>=(\\d+)</arg>
<arg>1</arg>
<doc>Returns a list of all non-overlapping matches in the given string.</doc>
<msg timestamp="20210617 14:49:45.280" level="INFO">${result} = ['1']</msg>
<status status="PASS" starttime="20210617 14:49:45.280" endtime="20210617 14:49:45.280"/>
</kw>
<kw name="Log" library="BuiltIn">
<arg>2.4Ghz Channel ID from console is ${result[0]}</arg>
<doc>Logs the given message with the given level.</doc>
<msg timestamp="20210617 14:49:45.280" level="INFO">2.4Ghz Channel ID from console is 1</msg>
<status status="PASS" starttime="20210617 14:49:45.280" endtime="20210617 14:49:45.280"/>
</kw>
<msg timestamp="20210617 14:49:45.280" level="INFO">${2.4Ghz_ChannelID_Console} = 1</msg>
<status status="PASS" starttime="20210617 14:49:45.179" endtime="20210617 14:49:45.280"/>
</kw>
<kw name="Log" library="BuiltIn">
<arg>Channel ID from Console is ${2.4Ghz_ChannelID_Console}</arg>
<doc>Logs the given message with the given level.</doc>
<msg timestamp="20210617 14:49:45.285" level="INFO">Channel ID from Console is 1</msg>
<status status="PASS" starttime="20210617 14:49:45.285" endtime="20210617 14:49:45.285"/>
</kw>
<kw name="Close All Connections" library="Telnet">
<doc>Closes all open connections and empties the connection cache.</doc>
<status status="PASS" starttime="20210617 14:49:45.285" endtime="20210617 14:49:45.285"/>
</kw>
<kw name="Should Be Equal" library="BuiltIn">
<arg>${2.4Ghz_ChannelID_Console}</arg>
<arg>${24GHz_Channel}</arg>
<doc>Fails if the given objects are unequal.</doc>
<status status="PASS" starttime="20210617 14:49:45.285" endtime="20210617 14:49:45.285"/>
</kw>
<status status="PASS" starttime="20210617 14:49:23.777" endtime="20210617 14:49:45.285"/>
</kw>
<kw name="Logout from DUT" library="CommonFunction" type="TEARDOWN">
<kw name="Unselect Frame" library="SeleniumLibrary">
<doc>Sets the main frame as the current frame.</doc>
<status status="PASS" starttime="20210617 14:49:45.288" endtime="20210617 14:49:45.291"/>
</kw>
<kw name="Click Element" library="SeleniumLibrary">
<arg>${Logout_button}</arg>
<doc>Click the element identified by ``locator``.</doc>
<msg timestamp="20210617 14:49:45.292" level="INFO">Clicking element 'btn_logout'.</msg>
<status status="PASS" starttime="20210617 14:49:45.292" endtime="20210617 14:49:45.546"/>
</kw>
<kw name="Sleep" library="BuiltIn">
<arg>2s</arg>
<doc>Pauses the test executed for the given time.</doc>
<msg timestamp="20210617 14:49:47.552" level="INFO">Slept 2 seconds</msg>
<status status="PASS" starttime="20210617 14:49:45.546" endtime="20210617 14:49:47.552"/>
</kw>
<kw name="Close All Browsers" library="SeleniumLibrary">
<doc>Closes all open browsers and resets the browser cache.</doc>
<status status="PASS" starttime="20210617 14:49:47.552" endtime="20210617 14:49:48.959"/>
</kw>
<status status="PASS" starttime="20210617 14:49:45.285" endtime="20210617 14:49:48.975"/>
</kw>
<status status="PASS" starttime="20210617 14:49:01.797" endtime="20210617 14:49:48.976"/>
</test>
<test id="s1-t2" name="Verify setting 2.4Ghz ChannelID 2 and Bandwith 20MHz">
<kw name="Login to DUT" library="CommonFunction" type="SETUP">
<kw name="Open Browser" library="SeleniumLibrary">
<arg>${HOME_PAGE}</arg>
<arg>${BROWSER}</arg>
<doc>Opens a new browser instance to the optional ``url``.</doc>
<msg timestamp="20210617 14:49:48.979" level="INFO">Opening browser 'firefox' to base url 'https://mijnmodem.kpn/login.htm'.</msg>
<msg timestamp="20210617 14:49:49.005" level="INFO">Firefox driver log is always forced to to: D:\Personal\Automation\KPN\WiFi\result\geckodriver-180.log</msg>
<status status="PASS" starttime="20210617 14:49:48.979" endtime="20210617 14:49:59.226"/>
</kw>
<kw name="Maximize Browser Window" library="SeleniumLibrary">
<doc>Maximizes current browser window.</doc>
<status status="PASS" starttime="20210617 14:49:59.242" endtime="20210617 14:49:59.248"/>
</kw>
<kw name="Sleep" library="BuiltIn">
<arg>2s</arg>
<doc>Pauses the test executed for the given time.</doc>
<msg timestamp="20210617 14:50:01.270" level="INFO">Slept 2 seconds</msg>
<status status="PASS" starttime="20210617 14:49:59.248" endtime="20210617 14:50:01.270"/>
</kw>
<kw name="Press Keys" library="SeleniumLibrary">
<arg>${Password}</arg>
<arg>${Password_value}</arg>
<doc>Simulates the user pressing key(s) to an element or on the active browser.</doc>
<msg timestamp="20210617 14:50:01.270" level="INFO">Sending key(s) ('Qwerty1!',) to //input[@name='ui_pws'] element.</msg>
<msg timestamp="20210617 14:50:01.554" level="INFO">Sending keys Qwerty1!</msg>
<status status="PASS" starttime="20210617 14:50:01.270" endtime="20210617 14:50:01.570"/>
</kw>
<kw name="Sleep" library="BuiltIn">
<arg>2s</arg>
<doc>Pauses the test executed for the given time.</doc>
<msg timestamp="20210617 14:50:03.582" level="INFO">Slept 2 seconds</msg>
<status status="PASS" starttime="20210617 14:50:01.570" endtime="20210617 14:50:03.582"/>
</kw>
<kw name="Click Element" library="SeleniumLibrary">
<arg>${Login_button}</arg>
<doc>Click the element identified by ``locator``.</doc>
<msg timestamp="20210617 14:50:03.583" level="INFO">Clicking element '//tbody/tr[5]/td[1]'.</msg>
<status status="PASS" starttime="20210617 14:50:03.583" endtime="20210617 14:50:06.042"/>
</kw>
<kw name="Sleep" library="BuiltIn">
<arg>5s</arg>
<doc>Pauses the test executed for the given time.</doc>
<msg timestamp="20210617 14:50:11.055" level="INFO">Slept 5 seconds</msg>
<status status="PASS" starttime="20210617 14:50:06.042" endtime="20210617 14:50:11.055"/>
</kw>
<kw name="Wait Until Page Contains" library="SeleniumLibrary">
<arg>${Topology Overview}</arg>
<arg>15s</arg>
<doc>Waits until ``text`` appears on the current page.</doc>
<status status="PASS" starttime="20210617 14:50:11.055" endtime="20210617 14:50:11.055"/>
</kw>
<status status="PASS" starttime="20210617 14:49:48.978" endtime="20210617 14:50:11.055"/>
</kw>
<kw name="Verify 2.4Ghz ChannelID scenarios">
<arg>2</arg>
<arg>3</arg>
<arg>1</arg>
<tag>ChannelIDSet</tag>
<tag>Funtional</tag>
<tag>WiFi</tag>
<doc>This Test case is to verify setting different channel with Bandwith 20mhz</doc>
<kw name="Go to WLAN Page" library="WLANPage">
<kw name="Click Element" library="SeleniumLibrary">
<arg>${WLAN_Tab}</arg>
<doc>Click the element identified by ``locator``.</doc>
<msg timestamp="20210617 14:50:11.071" level="INFO">Clicking element '//a[normalize-space()='WLAN']'.</msg>
<status status="PASS" starttime="20210617 14:50:11.070" endtime="20210617 14:50:11.116"/>
</kw>
<kw name="Sleep" library="BuiltIn">
<arg>5s</arg>
<doc>Pauses the test executed for the given time.</doc>
<msg timestamp="20210617 14:50:16.121" level="INFO">Slept 5 seconds</msg>
<status status="PASS" starttime="20210617 14:50:11.117" endtime="20210617 14:50:16.121"/>
</kw>
<kw name="Wait Until Page Contains" library="SeleniumLibrary">
<arg>Access Points</arg>
<doc>Waits until ``text`` appears on the current page.</doc>
<status status="PASS" starttime="20210617 14:50:16.121" endtime="20210617 14:50:16.121"/>
</kw>
<kw name="Select Frame" library="SeleniumLibrary">
<arg>id:frm_main2</arg>
<doc>Sets frame identified by ``locator`` as the current frame.</doc>
<msg timestamp="20210617 14:50:16.121" level="INFO">Selecting frame 'id:frm_main2'.</msg>
<status status="PASS" starttime="20210617 14:50:16.121" endtime="20210617 14:50:16.136"/>
</kw>
<kw name="Current Frame Should Contain" library="SeleniumLibrary">
<arg>${wlan_page}</arg>
<doc>Verifies that the current frame contains ``text``.</doc>
<msg timestamp="20210617 14:50:16.136" level="INFO">Current frame contains text 'Restore WiFi Defaults'.</msg>
<status status="PASS" starttime="20210617 14:50:16.136" endtime="20210617 14:50:16.136"/>
</kw>
<status status="PASS" starttime="20210617 14:50:11.070" endtime="20210617 14:50:16.136"/>
</kw>
<kw name="Set 2.4Ghz Channel ID with value" library="WLANPage">
<arg>${ChannelID_index}</arg>
<kw name="Click Element" library="SeleniumLibrary">
<arg>${2.4Ghz_ChannelID_dropdown}</arg>
<doc>Click the element identified by ``locator``.</doc>
<msg timestamp="20210617 14:50:16.136" level="INFO">Clicking element '//tbody/tr[@id='tr_wchan_both']/td[@class='tdText']/div[1]'.</msg>
<status status="PASS" starttime="20210617 14:50:16.136" endtime="20210617 14:50:16.380"/>
</kw>
<kw name="Click Element" library="SeleniumLibrary">
<arg>//*[@id="tr_wchan_both"]/td[2]/div[1]/ul/li[${item label}]/a</arg>
<doc>Click the element identified by ``locator``.</doc>
<msg timestamp="20210617 14:50:16.380" level="INFO">Clicking element '//*[@id="tr_wchan_both"]/td[2]/div[1]/ul/li[3]/a'.</msg>
<status status="PASS" starttime="20210617 14:50:16.380" endtime="20210617 14:50:16.606"/>
</kw>
<status status="PASS" starttime="20210617 14:50:16.136" endtime="20210617 14:50:16.606"/>
</kw>
<kw name="Set 2.4Ghz Bandwith with value" library="WLANPage">
<arg>${24GHz_Bandwidth}</arg>
<kw name="Click Element" library="SeleniumLibrary">
<arg>${2.4Ghz_Bandwidth_dropdown}</arg>
<doc>Click the element identified by ``locator``.</doc>
<msg timestamp="20210617 14:50:16.606" level="INFO">Clicking element '//tbody/tr[@id='tr_bandwidth_both']/td[@class='tdText']/div[1]'.</msg>
<status status="PASS" starttime="20210617 14:50:16.606" endtime="20210617 14:50:16.851"/>
</kw>
<kw name="Click Element" library="SeleniumLibrary">
<arg>//*[@id="tr_bandwidth_both"]/td[2]/div[1]/ul/li[${item label}]/a</arg>
<doc>Click the element identified by ``locator``.</doc>
<msg timestamp="20210617 14:50:16.851" level="INFO">Clicking element '//*[@id="tr_bandwidth_both"]/td[2]/div[1]/ul/li[1]/a'.</msg>
<status status="PASS" starttime="20210617 14:50:16.851" endtime="20210617 14:50:17.070"/>
</kw>
<status status="PASS" starttime="20210617 14:50:16.606" endtime="20210617 14:50:17.070"/>
</kw>
<kw name="Save the WiFi setting" library="WLANPage">
<kw name="Click Element" library="SeleniumLibrary">
<arg>${WLAN_save_setting}</arg>
<doc>Click the element identified by ``locator``.</doc>
<msg timestamp="20210617 14:50:17.070" level="INFO">Clicking element '//*[@id="save"]/span[2]'.</msg>
<status status="PASS" starttime="20210617 14:50:17.070" endtime="20210617 14:50:17.324"/>
</kw>
<kw name="Sleep" library="BuiltIn">
<arg>15s</arg>
<doc>Pauses the test executed for the given time.</doc>
<msg timestamp="20210617 14:50:32.344" level="INFO">Slept 15 seconds</msg>
<status status="PASS" starttime="20210617 14:50:17.324" endtime="20210617 14:50:32.344"/>
</kw>
<status status="PASS" starttime="20210617 14:50:17.070" endtime="20210617 14:50:32.344"/>
</kw>
<kw name="Telnet to DUT Console" library="Telnet">
<kw name="Open Connection" library="Telnet">
<arg>192.168.2.254</arg>
<arg>prompt_is_regexp=yes</arg>
<arg>prompt=#</arg>
<doc>Opens a new Telnet connection to the given host and port.</doc>
<msg timestamp="20210617 14:50:32.344" level="INFO">Opening connection to 192.168.2.254:23 with prompt: # (regexp)</msg>
<status status="PASS" starttime="20210617 14:50:32.344" endtime="20210617 14:50:32.344"/>
</kw>
<kw name="Login" library="Telnet">
<arg>ls</arg>
<arg>date</arg>
<arg>login_prompt=#</arg>
<arg>password_prompt=#</arg>
<doc>Logs in to the Telnet server with the given user information.</doc>
<msg timestamp="20210617 14:50:32.507" level="INFO">BusyBox v1.26.2 (2020-06-23 18:38:50 CST) built-in shell (ash)
Enter 'help' for a list of built-in commands.

# ls
[1;34mbin[0m      [1;34mdev[0m      [1;36mmnt[0m      [1;34mproc[0m     [1;34msys[0m      [1;36mvar[0m
[1;34mbootfs[0m   [1;36metc[0m      [1;36mopt[0m      [1;34mramdisk[0m  [1;34mtmp[0m      [1;34mwww[0m
[1;34mdata[0m     [1;34mlib[0m      [1;34mowl[0m      [1;34msbin[0m     [1;34musr[0m
# date
Thu Jan  1 05:11:16 UTC 1970
#</msg>
<status status="PASS" starttime="20210617 14:50:32.344" endtime="20210617 14:50:32.507"/>
</kw>
<status status="PASS" starttime="20210617 14:50:32.344" endtime="20210617 14:50:32.507"/>
</kw>
<kw name="Get the 2.4Ghz channel id from console" library="Telnet">
<var>${2.4Ghz_ChannelID_Console}</var>
<kw name="Execute Command" library="Telnet">
<var>${out}</var>
<arg>cat /etc/config/.glbcfg |grep 24G_Channel=</arg>
<doc>Executes the given ``command`` and reads, logs, and returns everything until the prompt.</doc>
<msg timestamp="20210617 14:50:32.507" level="INFO">cat /etc/config/.glbcfg |grep 24G_Channel=</msg>
<msg timestamp="20210617 14:50:32.618" level="INFO">ARC_WLAN_24G_Channel=2
#</msg>
<msg timestamp="20210617 14:50:32.618" level="INFO">${out} = ARC_WLAN_24G_Channel=2
#</msg>
<status status="PASS" starttime="20210617 14:50:32.507" endtime="20210617 14:50:32.618"/>
</kw>
<kw name="Log" library="BuiltIn">
<arg>${out}</arg>
<doc>Logs the given message with the given level.</doc>
<msg timestamp="20210617 14:50:32.618" level="INFO">ARC_WLAN_24G_Channel=2
#</msg>
<status status="PASS" starttime="20210617 14:50:32.618" endtime="20210617 14:50:32.618"/>
</kw>
<kw name="Get Regexp Matches" library="String">
<var>${result}</var>
<arg>${out}</arg>
<arg>=(\\d+)</arg>
<arg>1</arg>
<doc>Returns a list of all non-overlapping matches in the given string.</doc>
<msg timestamp="20210617 14:50:32.618" level="INFO">${result} = ['2']</msg>
<status status="PASS" starttime="20210617 14:50:32.618" endtime="20210617 14:50:32.618"/>
</kw>
<kw name="Log" library="BuiltIn">
<arg>2.4Ghz Channel ID from console is ${result[0]}</arg>
<doc>Logs the given message with the given level.</doc>
<msg timestamp="20210617 14:50:32.618" level="INFO">2.4Ghz Channel ID from console is 2</msg>
<status status="PASS" starttime="20210617 14:50:32.618" endtime="20210617 14:50:32.618"/>
</kw>
<msg timestamp="20210617 14:50:32.618" level="INFO">${2.4Ghz_ChannelID_Console} = 2</msg>
<status status="PASS" starttime="20210617 14:50:32.507" endtime="20210617 14:50:32.618"/>
</kw>
<kw name="Log" library="BuiltIn">
<arg>Channel ID from Console is ${2.4Ghz_ChannelID_Console}</arg>
<doc>Logs the given message with the given level.</doc>
<msg timestamp="20210617 14:50:32.618" level="INFO">Channel ID from Console is 2</msg>
<status status="PASS" starttime="20210617 14:50:32.618" endtime="20210617 14:50:32.618"/>
</kw>
<kw name="Close All Connections" library="Telnet">
<doc>Closes all open connections and empties the connection cache.</doc>
<status status="PASS" starttime="20210617 14:50:32.618" endtime="20210617 14:50:32.618"/>
</kw>
<kw name="Should Be Equal" library="BuiltIn">
<arg>${2.4Ghz_ChannelID_Console}</arg>
<arg>${24GHz_Channel}</arg>
<doc>Fails if the given objects are unequal.</doc>
<status status="PASS" starttime="20210617 14:50:32.618" endtime="20210617 14:50:32.618"/>
</kw>
<status status="PASS" starttime="20210617 14:50:11.068" endtime="20210617 14:50:32.618"/>
</kw>
<kw name="Logout from DUT" library="CommonFunction" type="TEARDOWN">
<kw name="Unselect Frame" library="SeleniumLibrary">
<doc>Sets the main frame as the current frame.</doc>
<status status="PASS" starttime="20210617 14:50:32.625" endtime="20210617 14:50:32.629"/>
</kw>
<kw name="Click Element" library="SeleniumLibrary">
<arg>${Logout_button}</arg>
<doc>Click the element identified by ``locator``.</doc>
<msg timestamp="20210617 14:50:32.630" level="INFO">Clicking element 'btn_logout'.</msg>
<status status="PASS" starttime="20210617 14:50:32.629" endtime="20210617 14:50:32.877"/>
</kw>
<kw name="Sleep" library="BuiltIn">
<arg>2s</arg>
<doc>Pauses the test executed for the given time.</doc>
<msg timestamp="20210617 14:50:34.877" level="INFO">Slept 2 seconds</msg>
<status status="PASS" starttime="20210617 14:50:32.877" endtime="20210617 14:50:34.877"/>
</kw>
<kw name="Close All Browsers" library="SeleniumLibrary">
<doc>Closes all open browsers and resets the browser cache.</doc>
<status status="PASS" starttime="20210617 14:50:34.877" endtime="20210617 14:50:35.908"/>
</kw>
<status status="PASS" starttime="20210617 14:50:32.618" endtime="20210617 14:50:35.909"/>
</kw>
<status status="PASS" starttime="20210617 14:49:48.977" endtime="20210617 14:50:35.910"/>
</test>
<test id="s1-t3" name="Verify setting 2.4Ghz ChannelID 3 and Bandwith 20MHz">
<kw name="Login to DUT" library="CommonFunction" type="SETUP">
<kw name="Open Browser" library="SeleniumLibrary">
<arg>${HOME_PAGE}</arg>
<arg>${BROWSER}</arg>
<doc>Opens a new browser instance to the optional ``url``.</doc>
<msg timestamp="20210617 14:50:35.913" level="INFO">Opening browser 'firefox' to base url 'https://mijnmodem.kpn/login.htm'.</msg>
<msg timestamp="20210617 14:50:35.934" level="INFO">Firefox driver log is always forced to to: D:\Personal\Automation\KPN\WiFi\result\geckodriver-181.log</msg>
<status status="PASS" starttime="20210617 14:50:35.913" endtime="20210617 14:50:46.513"/>
</kw>
<kw name="Maximize Browser Window" library="SeleniumLibrary">
<doc>Maximizes current browser window.</doc>
<status status="PASS" starttime="20210617 14:50:46.513" endtime="20210617 14:50:46.529"/>
</kw>
<kw name="Sleep" library="BuiltIn">
<arg>2s</arg>
<doc>Pauses the test executed for the given time.</doc>
<msg timestamp="20210617 14:50:48.559" level="INFO">Slept 2 seconds</msg>
<status status="PASS" starttime="20210617 14:50:46.544" endtime="20210617 14:50:48.559"/>
</kw>
<kw name="Press Keys" library="SeleniumLibrary">
<arg>${Password}</arg>
<arg>${Password_value}</arg>
<doc>Simulates the user pressing key(s) to an element or on the active browser.</doc>
<msg timestamp="20210617 14:50:48.559" level="INFO">Sending key(s) ('Qwerty1!',) to //input[@name='ui_pws'] element.</msg>
<msg timestamp="20210617 14:50:48.845" level="INFO">Sending keys Qwerty1!</msg>
<status status="PASS" starttime="20210617 14:50:48.559" endtime="20210617 14:50:48.860"/>
</kw>
<kw name="Sleep" library="BuiltIn">
<arg>2s</arg>
<doc>Pauses the test executed for the given time.</doc>
<msg timestamp="20210617 14:50:50.867" level="INFO">Slept 2 seconds</msg>
<status status="PASS" starttime="20210617 14:50:48.860" endtime="20210617 14:50:50.867"/>
</kw>
<kw name="Click Element" library="SeleniumLibrary">
<arg>${Login_button}</arg>
<doc>Click the element identified by ``locator``.</doc>
<msg timestamp="20210617 14:50:50.867" level="INFO">Clicking element '//tbody/tr[5]/td[1]'.</msg>
<status status="PASS" starttime="20210617 14:50:50.867" endtime="20210617 14:50:52.689"/>
</kw>
<kw name="Sleep" library="BuiltIn">
<arg>5s</arg>
<doc>Pauses the test executed for the given time.</doc>
<msg timestamp="20210617 14:50:57.696" level="INFO">Slept 5 seconds</msg>
<status status="PASS" starttime="20210617 14:50:52.689" endtime="20210617 14:50:57.696"/>
</kw>
<kw name="Wait Until Page Contains" library="SeleniumLibrary">
<arg>${Topology Overview}</arg>
<arg>15s</arg>
<doc>Waits until ``text`` appears on the current page.</doc>
<status status="PASS" starttime="20210617 14:50:57.696" endtime="20210617 14:50:57.696"/>
</kw>
<status status="PASS" starttime="20210617 14:50:35.912" endtime="20210617 14:50:57.696"/>
</kw>
<kw name="Verify 2.4Ghz ChannelID scenarios">
<arg>3</arg>
<arg>4</arg>
<arg>1</arg>
<tag>ChannelIDSet</tag>
<tag>Funtional</tag>
<tag>WiFi</tag>
<doc>This Test case is to verify setting different channel with Bandwith 20mhz</doc>
<kw name="Go to WLAN Page" library="WLANPage">
<kw name="Click Element" library="SeleniumLibrary">
<arg>${WLAN_Tab}</arg>
<doc>Click the element identified by ``locator``.</doc>
<msg timestamp="20210617 14:50:57.705" level="INFO">Clicking element '//a[normalize-space()='WLAN']'.</msg>
<status status="PASS" starttime="20210617 14:50:57.705" endtime="20210617 14:50:57.753"/>
</kw>
<kw name="Sleep" library="BuiltIn">
<arg>5s</arg>
<doc>Pauses the test executed for the given time.</doc>
<msg timestamp="20210617 14:51:02.766" level="INFO">Slept 5 seconds</msg>
<status status="PASS" starttime="20210617 14:50:57.753" endtime="20210617 14:51:02.766"/>
</kw>
<kw name="Wait Until Page Contains" library="SeleniumLibrary">
<arg>Access Points</arg>
<doc>Waits until ``text`` appears on the current page.</doc>
<status status="PASS" starttime="20210617 14:51:02.766" endtime="20210617 14:51:02.766"/>
</kw>
<kw name="Select Frame" library="SeleniumLibrary">
<arg>id:frm_main2</arg>
<doc>Sets frame identified by ``locator`` as the current frame.</doc>
<msg timestamp="20210617 14:51:02.766" level="INFO">Selecting frame 'id:frm_main2'.</msg>
<status status="PASS" starttime="20210617 14:51:02.766" endtime="20210617 14:51:02.782"/>
</kw>
<kw name="Current Frame Should Contain" library="SeleniumLibrary">
<arg>${wlan_page}</arg>
<doc>Verifies that the current frame contains ``text``.</doc>
<msg timestamp="20210617 14:51:02.782" level="INFO">Current frame contains text 'Restore WiFi Defaults'.</msg>
<status status="PASS" starttime="20210617 14:51:02.782" endtime="20210617 14:51:02.782"/>
</kw>
<status status="PASS" starttime="20210617 14:50:57.705" endtime="20210617 14:51:02.782"/>
</kw>
<kw name="Set 2.4Ghz Channel ID with value" library="WLANPage">
<arg>${ChannelID_index}</arg>
<kw name="Click Element" library="SeleniumLibrary">
<arg>${2.4Ghz_ChannelID_dropdown}</arg>
<doc>Click the element identified by ``locator``.</doc>
<msg timestamp="20210617 14:51:02.782" level="INFO">Clicking element '//tbody/tr[@id='tr_wchan_both']/td[@class='tdText']/div[1]'.</msg>
<status status="PASS" starttime="20210617 14:51:02.782" endtime="20210617 14:51:03.022"/>
</kw>
<kw name="Click Element" library="SeleniumLibrary">
<arg>//*[@id="tr_wchan_both"]/td[2]/div[1]/ul/li[${item label}]/a</arg>
<doc>Click the element identified by ``locator``.</doc>
<msg timestamp="20210617 14:51:03.022" level="INFO">Clicking element '//*[@id="tr_wchan_both"]/td[2]/div[1]/ul/li[4]/a'.</msg>
<status status="PASS" starttime="20210617 14:51:03.022" endtime="20210617 14:51:03.254"/>
</kw>
<status status="PASS" starttime="20210617 14:51:02.782" endtime="20210617 14:51:03.255"/>
</kw>
<kw name="Set 2.4Ghz Bandwith with value" library="WLANPage">
<arg>${24GHz_Bandwidth}</arg>
<kw name="Click Element" library="SeleniumLibrary">
<arg>${2.4Ghz_Bandwidth_dropdown}</arg>
<doc>Click the element identified by ``locator``.</doc>
<msg timestamp="20210617 14:51:03.255" level="INFO">Clicking element '//tbody/tr[@id='tr_bandwidth_both']/td[@class='tdText']/div[1]'.</msg>
<status status="PASS" starttime="20210617 14:51:03.255" endtime="20210617 14:51:03.490"/>
</kw>
<kw name="Click Element" library="SeleniumLibrary">
<arg>//*[@id="tr_bandwidth_both"]/td[2]/div[1]/ul/li[${item label}]/a</arg>
<doc>Click the element identified by ``locator``.</doc>
<msg timestamp="20210617 14:51:03.490" level="INFO">Clicking element '//*[@id="tr_bandwidth_both"]/td[2]/div[1]/ul/li[1]/a'.</msg>
<status status="PASS" starttime="20210617 14:51:03.490" endtime="20210617 14:51:03.715"/>
</kw>
<status status="PASS" starttime="20210617 14:51:03.255" endtime="20210617 14:51:03.715"/>
</kw>
<kw name="Save the WiFi setting" library="WLANPage">
<kw name="Click Element" library="SeleniumLibrary">
<arg>${WLAN_save_setting}</arg>
<doc>Click the element identified by ``locator``.</doc>
<msg timestamp="20210617 14:51:03.715" level="INFO">Clicking element '//*[@id="save"]/span[2]'.</msg>
<status status="PASS" starttime="20210617 14:51:03.715" endtime="20210617 14:51:03.953"/>
</kw>
<kw name="Sleep" library="BuiltIn">
<arg>15s</arg>
<doc>Pauses the test executed for the given time.</doc>
<msg timestamp="20210617 14:51:18.965" level="INFO">Slept 15 seconds</msg>
<status status="PASS" starttime="20210617 14:51:03.953" endtime="20210617 14:51:18.965"/>
</kw>
<status status="PASS" starttime="20210617 14:51:03.715" endtime="20210617 14:51:18.965"/>
</kw>
<kw name="Telnet to DUT Console" library="Telnet">
<kw name="Open Connection" library="Telnet">
<arg>192.168.2.254</arg>
<arg>prompt_is_regexp=yes</arg>
<arg>prompt=#</arg>
<doc>Opens a new Telnet connection to the given host and port.</doc>
<msg timestamp="20210617 14:51:18.965" level="INFO">Opening connection to 192.168.2.254:23 with prompt: # (regexp)</msg>
<status status="PASS" starttime="20210617 14:51:18.965" endtime="20210617 14:51:18.965"/>
</kw>
<kw name="Login" library="Telnet">
<arg>ls</arg>
<arg>date</arg>
<arg>login_prompt=#</arg>
<arg>password_prompt=#</arg>
<doc>Logs in to the Telnet server with the given user information.</doc>
<msg timestamp="20210617 14:51:19.119" level="INFO">BusyBox v1.26.2 (2020-06-23 18:38:50 CST) built-in shell (ash)
Enter 'help' for a list of built-in commands.

# ls
[1;34mbin[0m      [1;34mdev[0m      [1;36mmnt[0m      [1;34mproc[0m     [1;34msys[0m      [1;36mvar[0m
[1;34mbootfs[0m   [1;36metc[0m      [1;36mopt[0m      [1;34mramdisk[0m  [1;34mtmp[0m      [1;34mwww[0m
[1;34mdata[0m     [1;34mlib[0m      [1;34mowl[0m      [1;34msbin[0m     [1;34musr[0m
# date
Thu Jan  1 05:12:03 UTC 1970
#</msg>
<status status="PASS" starttime="20210617 14:51:18.965" endtime="20210617 14:51:19.119"/>
</kw>
<status status="PASS" starttime="20210617 14:51:18.965" endtime="20210617 14:51:19.119"/>
</kw>
<kw name="Get the 2.4Ghz channel id from console" library="Telnet">
<var>${2.4Ghz_ChannelID_Console}</var>
<kw name="Execute Command" library="Telnet">
<var>${out}</var>
<arg>cat /etc/config/.glbcfg |grep 24G_Channel=</arg>
<doc>Executes the given ``command`` and reads, logs, and returns everything until the prompt.</doc>
<msg timestamp="20210617 14:51:19.119" level="INFO">cat /etc/config/.glbcfg |grep 24G_Channel=</msg>
<msg timestamp="20210617 14:51:19.220" level="INFO">ARC_WLAN_24G_Channel=3
#</msg>
<msg timestamp="20210617 14:51:19.220" level="INFO">${out} = ARC_WLAN_24G_Channel=3
#</msg>
<status status="PASS" starttime="20210617 14:51:19.119" endtime="20210617 14:51:19.220"/>
</kw>
<kw name="Log" library="BuiltIn">
<arg>${out}</arg>
<doc>Logs the given message with the given level.</doc>
<msg timestamp="20210617 14:51:19.220" level="INFO">ARC_WLAN_24G_Channel=3
#</msg>
<status status="PASS" starttime="20210617 14:51:19.220" endtime="20210617 14:51:19.220"/>
</kw>
<kw name="Get Regexp Matches" library="String">
<var>${result}</var>
<arg>${out}</arg>
<arg>=(\\d+)</arg>
<arg>1</arg>
<doc>Returns a list of all non-overlapping matches in the given string.</doc>
<msg timestamp="20210617 14:51:19.220" level="INFO">${result} = ['3']</msg>
<status status="PASS" starttime="20210617 14:51:19.220" endtime="20210617 14:51:19.220"/>
</kw>
<kw name="Log" library="BuiltIn">
<arg>2.4Ghz Channel ID from console is ${result[0]}</arg>
<doc>Logs the given message with the given level.</doc>
<msg timestamp="20210617 14:51:19.220" level="INFO">2.4Ghz Channel ID from console is 3</msg>
<status status="PASS" starttime="20210617 14:51:19.220" endtime="20210617 14:51:19.220"/>
</kw>
<msg timestamp="20210617 14:51:19.220" level="INFO">${2.4Ghz_ChannelID_Console} = 3</msg>
<status status="PASS" starttime="20210617 14:51:19.119" endtime="20210617 14:51:19.220"/>
</kw>
<kw name="Log" library="BuiltIn">
<arg>Channel ID from Console is ${2.4Ghz_ChannelID_Console}</arg>
<doc>Logs the given message with the given level.</doc>
<msg timestamp="20210617 14:51:19.220" level="INFO">Channel ID from Console is 3</msg>
<status status="PASS" starttime="20210617 14:51:19.220" endtime="20210617 14:51:19.220"/>
</kw>
<kw name="Close All Connections" library="Telnet">
<doc>Closes all open connections and empties the connection cache.</doc>
<status status="PASS" starttime="20210617 14:51:19.220" endtime="20210617 14:51:19.220"/>
</kw>
<kw name="Should Be Equal" library="BuiltIn">
<arg>${2.4Ghz_ChannelID_Console}</arg>
<arg>${24GHz_Channel}</arg>
<doc>Fails if the given objects are unequal.</doc>
<status status="PASS" starttime="20210617 14:51:19.220" endtime="20210617 14:51:19.220"/>
</kw>
<status status="PASS" starttime="20210617 14:50:57.696" endtime="20210617 14:51:19.220"/>
</kw>
<kw name="Logout from DUT" library="CommonFunction" type="TEARDOWN">
<kw name="Unselect Frame" library="SeleniumLibrary">
<doc>Sets the main frame as the current frame.</doc>
<status status="PASS" starttime="20210617 14:51:19.220" endtime="20210617 14:51:19.231"/>
</kw>
<kw name="Click Element" library="SeleniumLibrary">
<arg>${Logout_button}</arg>
<doc>Click the element identified by ``locator``.</doc>
<msg timestamp="20210617 14:51:19.232" level="INFO">Clicking element 'btn_logout'.</msg>
<status status="PASS" starttime="20210617 14:51:19.231" endtime="20210617 14:51:19.467"/>
</kw>
<kw name="Sleep" library="BuiltIn">
<arg>2s</arg>
<doc>Pauses the test executed for the given time.</doc>
<msg timestamp="20210617 14:51:21.473" level="INFO">Slept 2 seconds</msg>
<status status="PASS" starttime="20210617 14:51:19.467" endtime="20210617 14:51:21.473"/>
</kw>
<kw name="Close All Browsers" library="SeleniumLibrary">
<doc>Closes all open browsers and resets the browser cache.</doc>
<status status="PASS" starttime="20210617 14:51:21.473" endtime="20210617 14:51:22.513"/>
</kw>
<status status="PASS" starttime="20210617 14:51:19.220" endtime="20210617 14:51:22.513"/>
</kw>
<status status="PASS" starttime="20210617 14:50:35.911" endtime="20210617 14:51:22.513"/>
</test>
<test id="s1-t4" name="Verify setting 2.4Ghz ChannelID 4 and Bandwith 20MHz">
<kw name="Login to DUT" library="CommonFunction" type="SETUP">
<kw name="Open Browser" library="SeleniumLibrary">
<arg>${HOME_PAGE}</arg>
<arg>${BROWSER}</arg>
<doc>Opens a new browser instance to the optional ``url``.</doc>
<msg timestamp="20210617 14:51:22.520" level="INFO">Opening browser 'firefox' to base url 'https://mijnmodem.kpn/login.htm'.</msg>
<msg timestamp="20210617 14:51:22.545" level="INFO">Firefox driver log is always forced to to: D:\Personal\Automation\KPN\WiFi\result\geckodriver-182.log</msg>
<status status="PASS" starttime="20210617 14:51:22.520" endtime="20210617 14:51:31.534"/>
</kw>
<kw name="Maximize Browser Window" library="SeleniumLibrary">
<doc>Maximizes current browser window.</doc>
<status status="PASS" starttime="20210617 14:51:31.534" endtime="20210617 14:51:31.545"/>
</kw>
<kw name="Sleep" library="BuiltIn">
<arg>2s</arg>
<doc>Pauses the test executed for the given time.</doc>
<msg timestamp="20210617 14:51:33.553" level="INFO">Slept 2 seconds</msg>
<status status="PASS" starttime="20210617 14:51:31.545" endtime="20210617 14:51:33.553"/>
</kw>
<kw name="Press Keys" library="SeleniumLibrary">
<arg>${Password}</arg>
<arg>${Password_value}</arg>
<doc>Simulates the user pressing key(s) to an element or on the active browser.</doc>
<msg timestamp="20210617 14:51:33.553" level="INFO">Sending key(s) ('Qwerty1!',) to //input[@name='ui_pws'] element.</msg>
<msg timestamp="20210617 14:51:33.854" level="INFO">Sending keys Qwerty1!</msg>
<status status="PASS" starttime="20210617 14:51:33.553" endtime="20210617 14:51:33.870"/>
</kw>
<kw name="Sleep" library="BuiltIn">
<arg>2s</arg>
<doc>Pauses the test executed for the given time.</doc>
<msg timestamp="20210617 14:51:35.875" level="INFO">Slept 2 seconds</msg>
<status status="PASS" starttime="20210617 14:51:33.870" endtime="20210617 14:51:35.875"/>
</kw>
<kw name="Click Element" library="SeleniumLibrary">
<arg>${Login_button}</arg>
<doc>Click the element identified by ``locator``.</doc>
<msg timestamp="20210617 14:51:35.875" level="INFO">Clicking element '//tbody/tr[5]/td[1]'.</msg>
<status status="PASS" starttime="20210617 14:51:35.875" endtime="20210617 14:51:37.663"/>
</kw>
<kw name="Sleep" library="BuiltIn">
<arg>5s</arg>
<doc>Pauses the test executed for the given time.</doc>
<msg timestamp="20210617 14:51:42.679" level="INFO">Slept 5 seconds</msg>
<status status="PASS" starttime="20210617 14:51:37.663" endtime="20210617 14:51:42.680"/>
</kw>
<kw name="Wait Until Page Contains" library="SeleniumLibrary">
<arg>${Topology Overview}</arg>
<arg>15s</arg>
<doc>Waits until ``text`` appears on the current page.</doc>
<status status="PASS" starttime="20210617 14:51:42.680" endtime="20210617 14:51:42.691"/>
</kw>
<status status="PASS" starttime="20210617 14:51:22.519" endtime="20210617 14:51:42.691"/>
</kw>
<kw name="Verify 2.4Ghz ChannelID scenarios">
<arg>4</arg>
<arg>5</arg>
<arg>1</arg>
<tag>ChannelIDSet</tag>
<tag>Funtional</tag>
<tag>WiFi</tag>
<doc>This Test case is to verify setting different channel with Bandwith 20mhz</doc>
<kw name="Go to WLAN Page" library="WLANPage">
<kw name="Click Element" library="SeleniumLibrary">
<arg>${WLAN_Tab}</arg>
<doc>Click the element identified by ``locator``.</doc>
<msg timestamp="20210617 14:51:42.693" level="INFO">Clicking element '//a[normalize-space()='WLAN']'.</msg>
<status status="PASS" starttime="20210617 14:51:42.693" endtime="20210617 14:51:42.738"/>
</kw>
<kw name="Sleep" library="BuiltIn">
<arg>5s</arg>
<doc>Pauses the test executed for the given time.</doc>
<msg timestamp="20210617 14:51:47.747" level="INFO">Slept 5 seconds</msg>
<status status="PASS" starttime="20210617 14:51:42.739" endtime="20210617 14:51:47.747"/>
</kw>
<kw name="Wait Until Page Contains" library="SeleniumLibrary">
<arg>Access Points</arg>
<doc>Waits until ``text`` appears on the current page.</doc>
<status status="PASS" starttime="20210617 14:51:47.747" endtime="20210617 14:51:47.747"/>
</kw>
<kw name="Select Frame" library="SeleniumLibrary">
<arg>id:frm_main2</arg>
<doc>Sets frame identified by ``locator`` as the current frame.</doc>
<msg timestamp="20210617 14:51:47.747" level="INFO">Selecting frame 'id:frm_main2'.</msg>
<status status="PASS" starttime="20210617 14:51:47.747" endtime="20210617 14:51:47.747"/>
</kw>
<kw name="Current Frame Should Contain" library="SeleniumLibrary">
<arg>${wlan_page}</arg>
<doc>Verifies that the current frame contains ``text``.</doc>
<msg timestamp="20210617 14:51:47.769" level="INFO">Current frame contains text 'Restore WiFi Defaults'.</msg>
<status status="PASS" starttime="20210617 14:51:47.763" endtime="20210617 14:51:47.769"/>
</kw>
<status status="PASS" starttime="20210617 14:51:42.693" endtime="20210617 14:51:47.769"/>
</kw>
<kw name="Set 2.4Ghz Channel ID with value" library="WLANPage">
<arg>${ChannelID_index}</arg>
<kw name="Click Element" library="SeleniumLibrary">
<arg>${2.4Ghz_ChannelID_dropdown}</arg>
<doc>Click the element identified by ``locator``.</doc>
<msg timestamp="20210617 14:51:47.769" level="INFO">Clicking element '//tbody/tr[@id='tr_wchan_both']/td[@class='tdText']/div[1]'.</msg>
<status status="PASS" starttime="20210617 14:51:47.769" endtime="20210617 14:51:47.999"/>
</kw>
<kw name="Click Element" library="SeleniumLibrary">
<arg>//*[@id="tr_wchan_both"]/td[2]/div[1]/ul/li[${item label}]/a</arg>
<doc>Click the element identified by ``locator``.</doc>
<msg timestamp="20210617 14:51:47.999" level="INFO">Clicking element '//*[@id="tr_wchan_both"]/td[2]/div[1]/ul/li[5]/a'.</msg>
<status status="PASS" starttime="20210617 14:51:47.999" endtime="20210617 14:51:48.232"/>
</kw>
<status status="PASS" starttime="20210617 14:51:47.769" endtime="20210617 14:51:48.232"/>
</kw>
<kw name="Set 2.4Ghz Bandwith with value" library="WLANPage">
<arg>${24GHz_Bandwidth}</arg>
<kw name="Click Element" library="SeleniumLibrary">
<arg>${2.4Ghz_Bandwidth_dropdown}</arg>
<doc>Click the element identified by ``locator``.</doc>
<msg timestamp="20210617 14:51:48.233" level="INFO">Clicking element '//tbody/tr[@id='tr_bandwidth_both']/td[@class='tdText']/div[1]'.</msg>
<status status="PASS" starttime="20210617 14:51:48.233" endtime="20210617 14:51:48.449"/>
</kw>
<kw name="Click Element" library="SeleniumLibrary">
<arg>//*[@id="tr_bandwidth_both"]/td[2]/div[1]/ul/li[${item label}]/a</arg>
<doc>Click the element identified by ``locator``.</doc>
<msg timestamp="20210617 14:51:48.449" level="INFO">Clicking element '//*[@id="tr_bandwidth_both"]/td[2]/div[1]/ul/li[1]/a'.</msg>
<status status="PASS" starttime="20210617 14:51:48.449" endtime="20210617 14:51:48.665"/>
</kw>
<status status="PASS" starttime="20210617 14:51:48.232" endtime="20210617 14:51:48.665"/>
</kw>
<kw name="Save the WiFi setting" library="WLANPage">
<kw name="Click Element" library="SeleniumLibrary">
<arg>${WLAN_save_setting}</arg>
<doc>Click the element identified by ``locator``.</doc>
<msg timestamp="20210617 14:51:48.665" level="INFO">Clicking element '//*[@id="save"]/span[2]'.</msg>
<status status="PASS" starttime="20210617 14:51:48.665" endtime="20210617 14:51:48.904"/>
</kw>
<kw name="Sleep" library="BuiltIn">
<arg>15s</arg>
<doc>Pauses the test executed for the given time.</doc>
<msg timestamp="20210617 14:52:03.922" level="INFO">Slept 15 seconds</msg>
<status status="PASS" starttime="20210617 14:51:48.904" endtime="20210617 14:52:03.922"/>
</kw>
<status status="PASS" starttime="20210617 14:51:48.665" endtime="20210617 14:52:03.922"/>
</kw>
<kw name="Telnet to DUT Console" library="Telnet">
<kw name="Open Connection" library="Telnet">
<arg>192.168.2.254</arg>
<arg>prompt_is_regexp=yes</arg>
<arg>prompt=#</arg>
<doc>Opens a new Telnet connection to the given host and port.</doc>
<msg timestamp="20210617 14:52:03.922" level="INFO">Opening connection to 192.168.2.254:23 with prompt: # (regexp)</msg>
<status status="PASS" starttime="20210617 14:52:03.922" endtime="20210617 14:52:03.922"/>
</kw>
<kw name="Login" library="Telnet">
<arg>ls</arg>
<arg>date</arg>
<arg>login_prompt=#</arg>
<arg>password_prompt=#</arg>
<doc>Logs in to the Telnet server with the given user information.</doc>
<msg timestamp="20210617 14:52:04.085" level="INFO">BusyBox v1.26.2 (2020-06-23 18:38:50 CST) built-in shell (ash)
Enter 'help' for a list of built-in commands.

# ls
[1;34mbin[0m      [1;34mdev[0m      [1;36mmnt[0m      [1;34mproc[0m     [1;34msys[0m      [1;36mvar[0m
[1;34mbootfs[0m   [1;36metc[0m      [1;36mopt[0m      [1;34mramdisk[0m  [1;34mtmp[0m      [1;34mwww[0m
[1;34mdata[0m     [1;34mlib[0m      [1;34mowl[0m      [1;34msbin[0m     [1;34musr[0m
# date
Thu Jan  1 05:12:47 UTC 1970
#</msg>
<status status="PASS" starttime="20210617 14:52:03.922" endtime="20210617 14:52:04.085"/>
</kw>
<status status="PASS" starttime="20210617 14:52:03.922" endtime="20210617 14:52:04.085"/>
</kw>
<kw name="Get the 2.4Ghz channel id from console" library="Telnet">
<var>${2.4Ghz_ChannelID_Console}</var>
<kw name="Execute Command" library="Telnet">
<var>${out}</var>
<arg>cat /etc/config/.glbcfg |grep 24G_Channel=</arg>
<doc>Executes the given ``command`` and reads, logs, and returns everything until the prompt.</doc>
<msg timestamp="20210617 14:52:04.085" level="INFO">cat /etc/config/.glbcfg |grep 24G_Channel=</msg>
<msg timestamp="20210617 14:52:04.201" level="INFO">ARC_WLAN_24G_Channel=4
#</msg>
<msg timestamp="20210617 14:52:04.201" level="INFO">${out} = ARC_WLAN_24G_Channel=4
#</msg>
<status status="PASS" starttime="20210617 14:52:04.085" endtime="20210617 14:52:04.201"/>
</kw>
<kw name="Log" library="BuiltIn">
<arg>${out}</arg>
<doc>Logs the given message with the given level.</doc>
<msg timestamp="20210617 14:52:04.201" level="INFO">ARC_WLAN_24G_Channel=4
#</msg>
<status status="PASS" starttime="20210617 14:52:04.201" endtime="20210617 14:52:04.201"/>
</kw>
<kw name="Get Regexp Matches" library="String">
<var>${result}</var>
<arg>${out}</arg>
<arg>=(\\d+)</arg>
<arg>1</arg>
<doc>Returns a list of all non-overlapping matches in the given string.</doc>
<msg timestamp="20210617 14:52:04.201" level="INFO">${result} = ['4']</msg>
<status status="PASS" starttime="20210617 14:52:04.201" endtime="20210617 14:52:04.201"/>
</kw>
<kw name="Log" library="BuiltIn">
<arg>2.4Ghz Channel ID from console is ${result[0]}</arg>
<doc>Logs the given message with the given level.</doc>
<msg timestamp="20210617 14:52:04.201" level="INFO">2.4Ghz Channel ID from console is 4</msg>
<status status="PASS" starttime="20210617 14:52:04.201" endtime="20210617 14:52:04.201"/>
</kw>
<msg timestamp="20210617 14:52:04.201" level="INFO">${2.4Ghz_ChannelID_Console} = 4</msg>
<status status="PASS" starttime="20210617 14:52:04.085" endtime="20210617 14:52:04.201"/>
</kw>
<kw name="Log" library="BuiltIn">
<arg>Channel ID from Console is ${2.4Ghz_ChannelID_Console}</arg>
<doc>Logs the given message with the given level.</doc>
<msg timestamp="20210617 14:52:04.201" level="INFO">Channel ID from Console is 4</msg>
<status status="PASS" starttime="20210617 14:52:04.201" endtime="20210617 14:52:04.201"/>
</kw>
<kw name="Close All Connections" library="Telnet">
<doc>Closes all open connections and empties the connection cache.</doc>
<status status="PASS" starttime="20210617 14:52:04.201" endtime="20210617 14:52:04.201"/>
</kw>
<kw name="Should Be Equal" library="BuiltIn">
<arg>${2.4Ghz_ChannelID_Console}</arg>
<arg>${24GHz_Channel}</arg>
<doc>Fails if the given objects are unequal.</doc>
<status status="PASS" starttime="20210617 14:52:04.201" endtime="20210617 14:52:04.201"/>
</kw>
<status status="PASS" starttime="20210617 14:51:42.692" endtime="20210617 14:52:04.201"/>
</kw>
<kw name="Logout from DUT" library="CommonFunction" type="TEARDOWN">
<kw name="Unselect Frame" library="SeleniumLibrary">
<doc>Sets the main frame as the current frame.</doc>
<status status="PASS" starttime="20210617 14:52:04.209" endtime="20210617 14:52:04.212"/>
</kw>
<kw name="Click Element" library="SeleniumLibrary">
<arg>${Logout_button}</arg>
<doc>Click the element identified by ``locator``.</doc>
<msg timestamp="20210617 14:52:04.212" level="INFO">Clicking element 'btn_logout'.</msg>
<status status="PASS" starttime="20210617 14:52:04.212" endtime="20210617 14:52:04.443"/>
</kw>
<kw name="Sleep" library="BuiltIn">
<arg>2s</arg>
<doc>Pauses the test executed for the given time.</doc>
<msg timestamp="20210617 14:52:06.445" level="INFO">Slept 2 seconds</msg>
<status status="PASS" starttime="20210617 14:52:04.443" endtime="20210617 14:52:06.445"/>
</kw>
<kw name="Close All Browsers" library="SeleniumLibrary">
<doc>Closes all open browsers and resets the browser cache.</doc>
<status status="PASS" starttime="20210617 14:52:06.445" endtime="20210617 14:52:07.463"/>
</kw>
<status status="PASS" starttime="20210617 14:52:04.208" endtime="20210617 14:52:07.463"/>
</kw>
<status status="PASS" starttime="20210617 14:51:22.518" endtime="20210617 14:52:07.478"/>
</test>
<test id="s1-t5" name="Verify setting 2.4Ghz ChannelID 5 and Bandwith 20MHz">
<kw name="Login to DUT" library="CommonFunction" type="SETUP">
<kw name="Open Browser" library="SeleniumLibrary">
<arg>${HOME_PAGE}</arg>
<arg>${BROWSER}</arg>
<doc>Opens a new browser instance to the optional ``url``.</doc>
<msg timestamp="20210617 14:52:07.481" level="INFO">Opening browser 'firefox' to base url 'https://mijnmodem.kpn/login.htm'.</msg>
<msg timestamp="20210617 14:52:07.507" level="INFO">Firefox driver log is always forced to to: D:\Personal\Automation\KPN\WiFi\result\geckodriver-183.log</msg>
<status status="PASS" starttime="20210617 14:52:07.481" endtime="20210617 14:52:17.325"/>
</kw>
<kw name="Maximize Browser Window" library="SeleniumLibrary">
<doc>Maximizes current browser window.</doc>
<status status="PASS" starttime="20210617 14:52:17.325" endtime="20210617 14:52:17.340"/>
</kw>
<kw name="Sleep" library="BuiltIn">
<arg>2s</arg>
<doc>Pauses the test executed for the given time.</doc>
<msg timestamp="20210617 14:52:19.347" level="INFO">Slept 2 seconds</msg>
<status status="PASS" starttime="20210617 14:52:17.340" endtime="20210617 14:52:19.347"/>
</kw>
<kw name="Press Keys" library="SeleniumLibrary">
<arg>${Password}</arg>
<arg>${Password_value}</arg>
<doc>Simulates the user pressing key(s) to an element or on the active browser.</doc>
<msg timestamp="20210617 14:52:19.347" level="INFO">Sending key(s) ('Qwerty1!',) to //input[@name='ui_pws'] element.</msg>
<msg timestamp="20210617 14:52:19.647" level="INFO">Sending keys Qwerty1!</msg>
<status status="PASS" starttime="20210617 14:52:19.347" endtime="20210617 14:52:19.670"/>
</kw>
<kw name="Sleep" library="BuiltIn">
<arg>2s</arg>
<doc>Pauses the test executed for the given time.</doc>
<msg timestamp="20210617 14:52:21.690" level="INFO">Slept 2 seconds</msg>
<status status="PASS" starttime="20210617 14:52:19.670" endtime="20210617 14:52:21.690"/>
</kw>
<kw name="Click Element" library="SeleniumLibrary">
<arg>${Login_button}</arg>
<doc>Click the element identified by ``locator``.</doc>
<msg timestamp="20210617 14:52:21.690" level="INFO">Clicking element '//tbody/tr[5]/td[1]'.</msg>
<status status="PASS" starttime="20210617 14:52:21.690" endtime="20210617 14:52:23.534"/>
</kw>
<kw name="Sleep" library="BuiltIn">
<arg>5s</arg>
<doc>Pauses the test executed for the given time.</doc>
<msg timestamp="20210617 14:52:28.537" level="INFO">Slept 5 seconds</msg>
<status status="PASS" starttime="20210617 14:52:23.534" endtime="20210617 14:52:28.537"/>
</kw>
<kw name="Wait Until Page Contains" library="SeleniumLibrary">
<arg>${Topology Overview}</arg>
<arg>15s</arg>
<doc>Waits until ``text`` appears on the current page.</doc>
<status status="PASS" starttime="20210617 14:52:28.537" endtime="20210617 14:52:28.537"/>
</kw>
<status status="PASS" starttime="20210617 14:52:07.481" endtime="20210617 14:52:28.537"/>
</kw>
<kw name="Verify 2.4Ghz ChannelID scenarios">
<arg>5</arg>
<arg>6</arg>
<arg>1</arg>
<tag>ChannelIDSet</tag>
<tag>Funtional</tag>
<tag>WiFi</tag>
<doc>This Test case is to verify setting different channel with Bandwith 20mhz</doc>
<kw name="Go to WLAN Page" library="WLANPage">
<kw name="Click Element" library="SeleniumLibrary">
<arg>${WLAN_Tab}</arg>
<doc>Click the element identified by ``locator``.</doc>
<msg timestamp="20210617 14:52:28.547" level="INFO">Clicking element '//a[normalize-space()='WLAN']'.</msg>
<status status="PASS" starttime="20210617 14:52:28.547" endtime="20210617 14:52:28.590"/>
</kw>
<kw name="Sleep" library="BuiltIn">
<arg>5s</arg>
<doc>Pauses the test executed for the given time.</doc>
<msg timestamp="20210617 14:52:33.619" level="INFO">Slept 5 seconds</msg>
<status status="PASS" starttime="20210617 14:52:28.591" endtime="20210617 14:52:33.619"/>
</kw>
<kw name="Wait Until Page Contains" library="SeleniumLibrary">
<arg>Access Points</arg>
<doc>Waits until ``text`` appears on the current page.</doc>
<status status="PASS" starttime="20210617 14:52:33.619" endtime="20210617 14:52:33.619"/>
</kw>
<kw name="Select Frame" library="SeleniumLibrary">
<arg>id:frm_main2</arg>
<doc>Sets frame identified by ``locator`` as the current frame.</doc>
<msg timestamp="20210617 14:52:33.619" level="INFO">Selecting frame 'id:frm_main2'.</msg>
<status status="PASS" starttime="20210617 14:52:33.619" endtime="20210617 14:52:33.635"/>
</kw>
<kw name="Current Frame Should Contain" library="SeleniumLibrary">
<arg>${wlan_page}</arg>
<doc>Verifies that the current frame contains ``text``.</doc>
<msg timestamp="20210617 14:52:33.635" level="INFO">Current frame contains text 'Restore WiFi Defaults'.</msg>
<status status="PASS" starttime="20210617 14:52:33.635" endtime="20210617 14:52:33.635"/>
</kw>
<status status="PASS" starttime="20210617 14:52:28.547" endtime="20210617 14:52:33.635"/>
</kw>
<kw name="Set 2.4Ghz Channel ID with value" library="WLANPage">
<arg>${ChannelID_index}</arg>
<kw name="Click Element" library="SeleniumLibrary">
<arg>${2.4Ghz_ChannelID_dropdown}</arg>
<doc>Click the element identified by ``locator``.</doc>
<msg timestamp="20210617 14:52:33.635" level="INFO">Clicking element '//tbody/tr[@id='tr_wchan_both']/td[@class='tdText']/div[1]'.</msg>
<status status="PASS" starttime="20210617 14:52:33.635" endtime="20210617 14:52:33.867"/>
</kw>
<kw name="Click Element" library="SeleniumLibrary">
<arg>//*[@id="tr_wchan_both"]/td[2]/div[1]/ul/li[${item label}]/a</arg>
<doc>Click the element identified by ``locator``.</doc>
<msg timestamp="20210617 14:52:33.867" level="INFO">Clicking element '//*[@id="tr_wchan_both"]/td[2]/div[1]/ul/li[6]/a'.</msg>
<status status="PASS" starttime="20210617 14:52:33.867" endtime="20210617 14:52:34.090"/>
</kw>
<status status="PASS" starttime="20210617 14:52:33.635" endtime="20210617 14:52:34.090"/>
</kw>
<kw name="Set 2.4Ghz Bandwith with value" library="WLANPage">
<arg>${24GHz_Bandwidth}</arg>
<kw name="Click Element" library="SeleniumLibrary">
<arg>${2.4Ghz_Bandwidth_dropdown}</arg>
<doc>Click the element identified by ``locator``.</doc>
<msg timestamp="20210617 14:52:34.090" level="INFO">Clicking element '//tbody/tr[@id='tr_bandwidth_both']/td[@class='tdText']/div[1]'.</msg>
<status status="PASS" starttime="20210617 14:52:34.090" endtime="20210617 14:52:34.321"/>
</kw>
<kw name="Click Element" library="SeleniumLibrary">
<arg>//*[@id="tr_bandwidth_both"]/td[2]/div[1]/ul/li[${item label}]/a</arg>
<doc>Click the element identified by ``locator``.</doc>
<msg timestamp="20210617 14:52:34.321" level="INFO">Clicking element '//*[@id="tr_bandwidth_both"]/td[2]/div[1]/ul/li[1]/a'.</msg>
<status status="PASS" starttime="20210617 14:52:34.321" endtime="20210617 14:52:34.553"/>
</kw>
<status status="PASS" starttime="20210617 14:52:34.090" endtime="20210617 14:52:34.553"/>
</kw>
<kw name="Save the WiFi setting" library="WLANPage">
<kw name="Click Element" library="SeleniumLibrary">
<arg>${WLAN_save_setting}</arg>
<doc>Click the element identified by ``locator``.</doc>
<msg timestamp="20210617 14:52:34.553" level="INFO">Clicking element '//*[@id="save"]/span[2]'.</msg>
<status status="PASS" starttime="20210617 14:52:34.553" endtime="20210617 14:52:34.801"/>
</kw>
<kw name="Sleep" library="BuiltIn">
<arg>15s</arg>
<doc>Pauses the test executed for the given time.</doc>
<msg timestamp="20210617 14:52:49.803" level="INFO">Slept 15 seconds</msg>
<status status="PASS" starttime="20210617 14:52:34.801" endtime="20210617 14:52:49.803"/>
</kw>
<status status="PASS" starttime="20210617 14:52:34.553" endtime="20210617 14:52:49.803"/>
</kw>
<kw name="Telnet to DUT Console" library="Telnet">
<kw name="Open Connection" library="Telnet">
<arg>192.168.2.254</arg>
<arg>prompt_is_regexp=yes</arg>
<arg>prompt=#</arg>
<doc>Opens a new Telnet connection to the given host and port.</doc>
<msg timestamp="20210617 14:52:49.803" level="INFO">Opening connection to 192.168.2.254:23 with prompt: # (regexp)</msg>
<status status="PASS" starttime="20210617 14:52:49.803" endtime="20210617 14:52:49.803"/>
</kw>
<kw name="Login" library="Telnet">
<arg>ls</arg>
<arg>date</arg>
<arg>login_prompt=#</arg>
<arg>password_prompt=#</arg>
<doc>Logs in to the Telnet server with the given user information.</doc>
<msg timestamp="20210617 14:52:49.956" level="INFO">BusyBox v1.26.2 (2020-06-23 18:38:50 CST) built-in shell (ash)
Enter 'help' for a list of built-in commands.

# ls
[1;34mbin[0m      [1;34mdev[0m      [1;36mmnt[0m      [1;34mproc[0m     [1;34msys[0m      [1;36mvar[0m
[1;34mbootfs[0m   [1;36metc[0m      [1;36mopt[0m      [1;34mramdisk[0m  [1;34mtmp[0m      [1;34mwww[0m
[1;34mdata[0m     [1;34mlib[0m      [1;34mowl[0m      [1;34msbin[0m     [1;34musr[0m
# date
Thu Jan  1 05:13:33 UTC 1970
#</msg>
<status status="PASS" starttime="20210617 14:52:49.803" endtime="20210617 14:52:49.956"/>
</kw>
<status status="PASS" starttime="20210617 14:52:49.803" endtime="20210617 14:52:49.956"/>
</kw>
<kw name="Get the 2.4Ghz channel id from console" library="Telnet">
<var>${2.4Ghz_ChannelID_Console}</var>
<kw name="Execute Command" library="Telnet">
<var>${out}</var>
<arg>cat /etc/config/.glbcfg |grep 24G_Channel=</arg>
<doc>Executes the given ``command`` and reads, logs, and returns everything until the prompt.</doc>
<msg timestamp="20210617 14:52:49.956" level="INFO">cat /etc/config/.glbcfg |grep 24G_Channel=</msg>
<msg timestamp="20210617 14:52:50.056" level="INFO">ARC_WLAN_24G_Channel=5
#</msg>
<msg timestamp="20210617 14:52:50.056" level="INFO">${out} = ARC_WLAN_24G_Channel=5
#</msg>
<status status="PASS" starttime="20210617 14:52:49.956" endtime="20210617 14:52:50.056"/>
</kw>
<kw name="Log" library="BuiltIn">
<arg>${out}</arg>
<doc>Logs the given message with the given level.</doc>
<msg timestamp="20210617 14:52:50.056" level="INFO">ARC_WLAN_24G_Channel=5
#</msg>
<status status="PASS" starttime="20210617 14:52:50.056" endtime="20210617 14:52:50.056"/>
</kw>
<kw name="Get Regexp Matches" library="String">
<var>${result}</var>
<arg>${out}</arg>
<arg>=(\\d+)</arg>
<arg>1</arg>
<doc>Returns a list of all non-overlapping matches in the given string.</doc>
<msg timestamp="20210617 14:52:50.056" level="INFO">${result} = ['5']</msg>
<status status="PASS" starttime="20210617 14:52:50.056" endtime="20210617 14:52:50.056"/>
</kw>
<kw name="Log" library="BuiltIn">
<arg>2.4Ghz Channel ID from console is ${result[0]}</arg>
<doc>Logs the given message with the given level.</doc>
<msg timestamp="20210617 14:52:50.056" level="INFO">2.4Ghz Channel ID from console is 5</msg>
<status status="PASS" starttime="20210617 14:52:50.056" endtime="20210617 14:52:50.056"/>
</kw>
<msg timestamp="20210617 14:52:50.072" level="INFO">${2.4Ghz_ChannelID_Console} = 5</msg>
<status status="PASS" starttime="20210617 14:52:49.956" endtime="20210617 14:52:50.072"/>
</kw>
<kw name="Log" library="BuiltIn">
<arg>Channel ID from Console is ${2.4Ghz_ChannelID_Console}</arg>
<doc>Logs the given message with the given level.</doc>
<msg timestamp="20210617 14:52:50.072" level="INFO">Channel ID from Console is 5</msg>
<status status="PASS" starttime="20210617 14:52:50.072" endtime="20210617 14:52:50.072"/>
</kw>
<kw name="Close All Connections" library="Telnet">
<doc>Closes all open connections and empties the connection cache.</doc>
<status status="PASS" starttime="20210617 14:52:50.072" endtime="20210617 14:52:50.072"/>
</kw>
<kw name="Should Be Equal" library="BuiltIn">
<arg>${2.4Ghz_ChannelID_Console}</arg>
<arg>${24GHz_Channel}</arg>
<doc>Fails if the given objects are unequal.</doc>
<status status="PASS" starttime="20210617 14:52:50.072" endtime="20210617 14:52:50.072"/>
</kw>
<status status="PASS" starttime="20210617 14:52:28.537" endtime="20210617 14:52:50.072"/>
</kw>
<kw name="Logout from DUT" library="CommonFunction" type="TEARDOWN">
<kw name="Unselect Frame" library="SeleniumLibrary">
<doc>Sets the main frame as the current frame.</doc>
<status status="PASS" starttime="20210617 14:52:50.076" endtime="20210617 14:52:50.081"/>
</kw>
<kw name="Click Element" library="SeleniumLibrary">
<arg>${Logout_button}</arg>
<doc>Click the element identified by ``locator``.</doc>
<msg timestamp="20210617 14:52:50.082" level="INFO">Clicking element 'btn_logout'.</msg>
<status status="PASS" starttime="20210617 14:52:50.081" endtime="20210617 14:52:50.335"/>
</kw>
<kw name="Sleep" library="BuiltIn">
<arg>2s</arg>
<doc>Pauses the test executed for the given time.</doc>
<msg timestamp="20210617 14:52:52.341" level="INFO">Slept 2 seconds</msg>
<status status="PASS" starttime="20210617 14:52:50.335" endtime="20210617 14:52:52.341"/>
</kw>
<kw name="Close All Browsers" library="SeleniumLibrary">
<doc>Closes all open browsers and resets the browser cache.</doc>
<status status="PASS" starttime="20210617 14:52:52.341" endtime="20210617 14:52:53.350"/>
</kw>
<status status="PASS" starttime="20210617 14:52:50.072" endtime="20210617 14:52:53.350"/>
</kw>
<status status="PASS" starttime="20210617 14:52:07.480" endtime="20210617 14:52:53.350"/>
</test>
<test id="s1-t6" name="Verify setting 2.4Ghz ChannelID 6 and Bandwith 20MHz">
<kw name="Login to DUT" library="CommonFunction" type="SETUP">
<kw name="Open Browser" library="SeleniumLibrary">
<arg>${HOME_PAGE}</arg>
<arg>${BROWSER}</arg>
<doc>Opens a new browser instance to the optional ``url``.</doc>
<msg timestamp="20210617 14:52:53.358" level="INFO">Opening browser 'firefox' to base url 'https://mijnmodem.kpn/login.htm'.</msg>
<msg timestamp="20210617 14:52:53.385" level="INFO">Firefox driver log is always forced to to: D:\Personal\Automation\KPN\WiFi\result\geckodriver-184.log</msg>
<status status="PASS" starttime="20210617 14:52:53.357" endtime="20210617 14:53:02.345"/>
</kw>
<kw name="Maximize Browser Window" library="SeleniumLibrary">
<doc>Maximizes current browser window.</doc>
<status status="PASS" starttime="20210617 14:53:02.345" endtime="20210617 14:53:02.361"/>
</kw>
<kw name="Sleep" library="BuiltIn">
<arg>2s</arg>
<doc>Pauses the test executed for the given time.</doc>
<msg timestamp="20210617 14:53:04.363" level="INFO">Slept 2 seconds</msg>
<status status="PASS" starttime="20210617 14:53:02.361" endtime="20210617 14:53:04.363"/>
</kw>
<kw name="Press Keys" library="SeleniumLibrary">
<arg>${Password}</arg>
<arg>${Password_value}</arg>
<doc>Simulates the user pressing key(s) to an element or on the active browser.</doc>
<msg timestamp="20210617 14:53:04.363" level="INFO">Sending key(s) ('Qwerty1!',) to //input[@name='ui_pws'] element.</msg>
<msg timestamp="20210617 14:53:04.634" level="INFO">Sending keys Qwerty1!</msg>
<status status="PASS" starttime="20210617 14:53:04.363" endtime="20210617 14:53:04.650"/>
</kw>
<kw name="Sleep" library="BuiltIn">
<arg>2s</arg>
<doc>Pauses the test executed for the given time.</doc>
<msg timestamp="20210617 14:53:06.656" level="INFO">Slept 2 seconds</msg>
<status status="PASS" starttime="20210617 14:53:04.650" endtime="20210617 14:53:06.656"/>
</kw>
<kw name="Click Element" library="SeleniumLibrary">
<arg>${Login_button}</arg>
<doc>Click the element identified by ``locator``.</doc>
<msg timestamp="20210617 14:53:06.656" level="INFO">Clicking element '//tbody/tr[5]/td[1]'.</msg>
<status status="PASS" starttime="20210617 14:53:06.656" endtime="20210617 14:53:08.643"/>
</kw>
<kw name="Sleep" library="BuiltIn">
<arg>5s</arg>
<doc>Pauses the test executed for the given time.</doc>
<msg timestamp="20210617 14:53:13.655" level="INFO">Slept 5 seconds</msg>
<status status="PASS" starttime="20210617 14:53:08.643" endtime="20210617 14:53:13.655"/>
</kw>
<kw name="Wait Until Page Contains" library="SeleniumLibrary">
<arg>${Topology Overview}</arg>
<arg>15s</arg>
<doc>Waits until ``text`` appears on the current page.</doc>
<status status="PASS" starttime="20210617 14:53:13.655" endtime="20210617 14:53:13.655"/>
</kw>
<status status="PASS" starttime="20210617 14:52:53.357" endtime="20210617 14:53:13.655"/>
</kw>
<kw name="Verify 2.4Ghz ChannelID scenarios">
<arg>6</arg>
<arg>7</arg>
<arg>1</arg>
<tag>ChannelIDSet</tag>
<tag>Funtional</tag>
<tag>WiFi</tag>
<doc>This Test case is to verify setting different channel with Bandwith 20mhz</doc>
<kw name="Go to WLAN Page" library="WLANPage">
<kw name="Click Element" library="SeleniumLibrary">
<arg>${WLAN_Tab}</arg>
<doc>Click the element identified by ``locator``.</doc>
<msg timestamp="20210617 14:53:13.666" level="INFO">Clicking element '//a[normalize-space()='WLAN']'.</msg>
<status status="PASS" starttime="20210617 14:53:13.666" endtime="20210617 14:53:13.713"/>
</kw>
<kw name="Sleep" library="BuiltIn">
<arg>5s</arg>
<doc>Pauses the test executed for the given time.</doc>
<msg timestamp="20210617 14:53:18.737" level="INFO">Slept 5 seconds</msg>
<status status="PASS" starttime="20210617 14:53:13.713" endtime="20210617 14:53:18.737"/>
</kw>
<kw name="Wait Until Page Contains" library="SeleniumLibrary">
<arg>Access Points</arg>
<doc>Waits until ``text`` appears on the current page.</doc>
<status status="PASS" starttime="20210617 14:53:18.737" endtime="20210617 14:53:18.737"/>
</kw>
<kw name="Select Frame" library="SeleniumLibrary">
<arg>id:frm_main2</arg>
<doc>Sets frame identified by ``locator`` as the current frame.</doc>
<msg timestamp="20210617 14:53:18.737" level="INFO">Selecting frame 'id:frm_main2'.</msg>
<status status="PASS" starttime="20210617 14:53:18.737" endtime="20210617 14:53:18.753"/>
</kw>
<kw name="Current Frame Should Contain" library="SeleniumLibrary">
<arg>${wlan_page}</arg>
<doc>Verifies that the current frame contains ``text``.</doc>
<msg timestamp="20210617 14:53:18.753" level="INFO">Current frame contains text 'Restore WiFi Defaults'.</msg>
<status status="PASS" starttime="20210617 14:53:18.753" endtime="20210617 14:53:18.753"/>
</kw>
<status status="PASS" starttime="20210617 14:53:13.666" endtime="20210617 14:53:18.753"/>
</kw>
<kw name="Set 2.4Ghz Channel ID with value" library="WLANPage">
<arg>${ChannelID_index}</arg>
<kw name="Click Element" library="SeleniumLibrary">
<arg>${2.4Ghz_ChannelID_dropdown}</arg>
<doc>Click the element identified by ``locator``.</doc>
<msg timestamp="20210617 14:53:18.753" level="INFO">Clicking element '//tbody/tr[@id='tr_wchan_both']/td[@class='tdText']/div[1]'.</msg>
<status status="PASS" starttime="20210617 14:53:18.753" endtime="20210617 14:53:18.995"/>
</kw>
<kw name="Click Element" library="SeleniumLibrary">
<arg>//*[@id="tr_wchan_both"]/td[2]/div[1]/ul/li[${item label}]/a</arg>
<doc>Click the element identified by ``locator``.</doc>
<msg timestamp="20210617 14:53:18.995" level="INFO">Clicking element '//*[@id="tr_wchan_both"]/td[2]/div[1]/ul/li[7]/a'.</msg>
<status status="PASS" starttime="20210617 14:53:18.995" endtime="20210617 14:53:19.211"/>
</kw>
<status status="PASS" starttime="20210617 14:53:18.753" endtime="20210617 14:53:19.211"/>
</kw>
<kw name="Set 2.4Ghz Bandwith with value" library="WLANPage">
<arg>${24GHz_Bandwidth}</arg>
<kw name="Click Element" library="SeleniumLibrary">
<arg>${2.4Ghz_Bandwidth_dropdown}</arg>
<doc>Click the element identified by ``locator``.</doc>
<msg timestamp="20210617 14:53:19.211" level="INFO">Clicking element '//tbody/tr[@id='tr_bandwidth_both']/td[@class='tdText']/div[1]'.</msg>
<status status="PASS" starttime="20210617 14:53:19.211" endtime="20210617 14:53:19.438"/>
</kw>
<kw name="Click Element" library="SeleniumLibrary">
<arg>//*[@id="tr_bandwidth_both"]/td[2]/div[1]/ul/li[${item label}]/a</arg>
<doc>Click the element identified by ``locator``.</doc>
<msg timestamp="20210617 14:53:19.438" level="INFO">Clicking element '//*[@id="tr_bandwidth_both"]/td[2]/div[1]/ul/li[1]/a'.</msg>
<status status="PASS" starttime="20210617 14:53:19.438" endtime="20210617 14:53:19.656"/>
</kw>
<status status="PASS" starttime="20210617 14:53:19.211" endtime="20210617 14:53:19.656"/>
</kw>
<kw name="Save the WiFi setting" library="WLANPage">
<kw name="Click Element" library="SeleniumLibrary">
<arg>${WLAN_save_setting}</arg>
<doc>Click the element identified by ``locator``.</doc>
<msg timestamp="20210617 14:53:19.657" level="INFO">Clicking element '//*[@id="save"]/span[2]'.</msg>
<status status="PASS" starttime="20210617 14:53:19.657" endtime="20210617 14:53:19.901"/>
</kw>
<kw name="Sleep" library="BuiltIn">
<arg>15s</arg>
<doc>Pauses the test executed for the given time.</doc>
<msg timestamp="20210617 14:53:34.903" level="INFO">Slept 15 seconds</msg>
<status status="PASS" starttime="20210617 14:53:19.901" endtime="20210617 14:53:34.903"/>
</kw>
<status status="PASS" starttime="20210617 14:53:19.656" endtime="20210617 14:53:34.903"/>
</kw>
<kw name="Telnet to DUT Console" library="Telnet">
<kw name="Open Connection" library="Telnet">
<arg>192.168.2.254</arg>
<arg>prompt_is_regexp=yes</arg>
<arg>prompt=#</arg>
<doc>Opens a new Telnet connection to the given host and port.</doc>
<msg timestamp="20210617 14:53:34.903" level="INFO">Opening connection to 192.168.2.254:23 with prompt: # (regexp)</msg>
<status status="PASS" starttime="20210617 14:53:34.903" endtime="20210617 14:53:34.903"/>
</kw>
<kw name="Login" library="Telnet">
<arg>ls</arg>
<arg>date</arg>
<arg>login_prompt=#</arg>
<arg>password_prompt=#</arg>
<doc>Logs in to the Telnet server with the given user information.</doc>
<msg timestamp="20210617 14:53:35.073" level="INFO">BusyBox v1.26.2 (2020-06-23 18:38:50 CST) built-in shell (ash)
Enter 'help' for a list of built-in commands.

# ls
[1;34mbin[0m      [1;34mdev[0m      [1;36mmnt[0m      [1;34mproc[0m     [1;34msys[0m      [1;36mvar[0m
[1;34mbootfs[0m   [1;36metc[0m      [1;36mopt[0m      [1;34mramdisk[0m  [1;34mtmp[0m      [1;34mwww[0m
[1;34mdata[0m     [1;34mlib[0m      [1;34mowl[0m      [1;34msbin[0m     [1;34musr[0m
# date
Thu Jan  1 05:14:18 UTC 1970
#</msg>
<status status="PASS" starttime="20210617 14:53:34.903" endtime="20210617 14:53:35.073"/>
</kw>
<status status="PASS" starttime="20210617 14:53:34.903" endtime="20210617 14:53:35.073"/>
</kw>
<kw name="Get the 2.4Ghz channel id from console" library="Telnet">
<var>${2.4Ghz_ChannelID_Console}</var>
<kw name="Execute Command" library="Telnet">
<var>${out}</var>
<arg>cat /etc/config/.glbcfg |grep 24G_Channel=</arg>
<doc>Executes the given ``command`` and reads, logs, and returns everything until the prompt.</doc>
<msg timestamp="20210617 14:53:35.073" level="INFO">cat /etc/config/.glbcfg |grep 24G_Channel=</msg>
<msg timestamp="20210617 14:53:35.173" level="INFO">ARC_WLAN_24G_Channel=6
#</msg>
<msg timestamp="20210617 14:53:35.173" level="INFO">${out} = ARC_WLAN_24G_Channel=6
#</msg>
<status status="PASS" starttime="20210617 14:53:35.073" endtime="20210617 14:53:35.173"/>
</kw>
<kw name="Log" library="BuiltIn">
<arg>${out}</arg>
<doc>Logs the given message with the given level.</doc>
<msg timestamp="20210617 14:53:35.173" level="INFO">ARC_WLAN_24G_Channel=6
#</msg>
<status status="PASS" starttime="20210617 14:53:35.173" endtime="20210617 14:53:35.173"/>
</kw>
<kw name="Get Regexp Matches" library="String">
<var>${result}</var>
<arg>${out}</arg>
<arg>=(\\d+)</arg>
<arg>1</arg>
<doc>Returns a list of all non-overlapping matches in the given string.</doc>
<msg timestamp="20210617 14:53:35.173" level="INFO">${result} = ['6']</msg>
<status status="PASS" starttime="20210617 14:53:35.173" endtime="20210617 14:53:35.173"/>
</kw>
<kw name="Log" library="BuiltIn">
<arg>2.4Ghz Channel ID from console is ${result[0]}</arg>
<doc>Logs the given message with the given level.</doc>
<msg timestamp="20210617 14:53:35.173" level="INFO">2.4Ghz Channel ID from console is 6</msg>
<status status="PASS" starttime="20210617 14:53:35.173" endtime="20210617 14:53:35.173"/>
</kw>
<msg timestamp="20210617 14:53:35.173" level="INFO">${2.4Ghz_ChannelID_Console} = 6</msg>
<status status="PASS" starttime="20210617 14:53:35.073" endtime="20210617 14:53:35.173"/>
</kw>
<kw name="Log" library="BuiltIn">
<arg>Channel ID from Console is ${2.4Ghz_ChannelID_Console}</arg>
<doc>Logs the given message with the given level.</doc>
<msg timestamp="20210617 14:53:35.173" level="INFO">Channel ID from Console is 6</msg>
<status status="PASS" starttime="20210617 14:53:35.173" endtime="20210617 14:53:35.173"/>
</kw>
<kw name="Close All Connections" library="Telnet">
<doc>Closes all open connections and empties the connection cache.</doc>
<status status="PASS" starttime="20210617 14:53:35.173" endtime="20210617 14:53:35.173"/>
</kw>
<kw name="Should Be Equal" library="BuiltIn">
<arg>${2.4Ghz_ChannelID_Console}</arg>
<arg>${24GHz_Channel}</arg>
<doc>Fails if the given objects are unequal.</doc>
<status status="PASS" starttime="20210617 14:53:35.173" endtime="20210617 14:53:35.173"/>
</kw>
<status status="PASS" starttime="20210617 14:53:13.655" endtime="20210617 14:53:35.173"/>
</kw>
<kw name="Logout from DUT" library="CommonFunction" type="TEARDOWN">
<kw name="Unselect Frame" library="SeleniumLibrary">
<doc>Sets the main frame as the current frame.</doc>
<status status="PASS" starttime="20210617 14:53:35.183" endtime="20210617 14:53:35.189"/>
</kw>
<kw name="Click Element" library="SeleniumLibrary">
<arg>${Logout_button}</arg>
<doc>Click the element identified by ``locator``.</doc>
<msg timestamp="20210617 14:53:35.190" level="INFO">Clicking element 'btn_logout'.</msg>
<status status="PASS" starttime="20210617 14:53:35.190" endtime="20210617 14:53:35.565"/>
</kw>
<kw name="Sleep" library="BuiltIn">
<arg>2s</arg>
<doc>Pauses the test executed for the given time.</doc>
<msg timestamp="20210617 14:53:37.579" level="INFO">Slept 2 seconds</msg>
<status status="PASS" starttime="20210617 14:53:35.565" endtime="20210617 14:53:37.579"/>
</kw>
<kw name="Close All Browsers" library="SeleniumLibrary">
<doc>Closes all open browsers and resets the browser cache.</doc>
<status status="PASS" starttime="20210617 14:53:37.579" endtime="20210617 14:53:38.740"/>
</kw>
<status status="PASS" starttime="20210617 14:53:35.173" endtime="20210617 14:53:38.740"/>
</kw>
<status status="PASS" starttime="20210617 14:52:53.355" endtime="20210617 14:53:38.740"/>
</test>
<test id="s1-t7" name="Verify setting 2.4Ghz ChannelID 7 and Bandwith 20MHz">
<kw name="Login to DUT" library="CommonFunction" type="SETUP">
<kw name="Open Browser" library="SeleniumLibrary">
<arg>${HOME_PAGE}</arg>
<arg>${BROWSER}</arg>
<doc>Opens a new browser instance to the optional ``url``.</doc>
<msg timestamp="20210617 14:53:38.743" level="INFO">Opening browser 'firefox' to base url 'https://mijnmodem.kpn/login.htm'.</msg>
<msg timestamp="20210617 14:53:38.767" level="INFO">Firefox driver log is always forced to to: D:\Personal\Automation\KPN\WiFi\result\geckodriver-185.log</msg>
<status status="PASS" starttime="20210617 14:53:38.743" endtime="20210617 14:53:47.419"/>
</kw>
<kw name="Maximize Browser Window" library="SeleniumLibrary">
<doc>Maximizes current browser window.</doc>
<status status="PASS" starttime="20210617 14:53:47.419" endtime="20210617 14:53:47.434"/>
</kw>
<kw name="Sleep" library="BuiltIn">
<arg>2s</arg>
<doc>Pauses the test executed for the given time.</doc>
<msg timestamp="20210617 14:53:49.440" level="INFO">Slept 2 seconds</msg>
<status status="PASS" starttime="20210617 14:53:47.434" endtime="20210617 14:53:49.440"/>
</kw>
<kw name="Press Keys" library="SeleniumLibrary">
<arg>${Password}</arg>
<arg>${Password_value}</arg>
<doc>Simulates the user pressing key(s) to an element or on the active browser.</doc>
<msg timestamp="20210617 14:53:49.440" level="INFO">Sending key(s) ('Qwerty1!',) to //input[@name='ui_pws'] element.</msg>
<msg timestamp="20210617 14:53:49.725" level="INFO">Sending keys Qwerty1!</msg>
<status status="PASS" starttime="20210617 14:53:49.440" endtime="20210617 14:53:49.740"/>
</kw>
<kw name="Sleep" library="BuiltIn">
<arg>2s</arg>
<doc>Pauses the test executed for the given time.</doc>
<msg timestamp="20210617 14:53:51.747" level="INFO">Slept 2 seconds</msg>
<status status="PASS" starttime="20210617 14:53:49.740" endtime="20210617 14:53:51.747"/>
</kw>
[...]
<arg>//*[@id="tr_bandwidth_both"]/td[2]/div[1]/ul/li[${item label}]/a</arg>
<doc>Click the element identified by ``locator``.</doc>
<msg timestamp="20210617 15:07:38.359" level="INFO">Clicking element '//*[@id="tr_bandwidth_both"]/td[2]/div[1]/ul/li[2]/a'.</msg>
<status status="PASS" starttime="20210617 15:07:38.359" endtime="20210617 15:07:38.591"/>
</kw>
<status status="PASS" starttime="20210617 15:07:38.137" endtime="20210617 15:07:38.591"/>
</kw>
<kw name="Save the WiFi setting" library="WLANPage">
<kw name="Click Element" library="SeleniumLibrary">
<arg>${WLAN_save_setting}</arg>
<doc>Click the element identified by ``locator``.</doc>
<msg timestamp="20210617 15:07:38.591" level="INFO">Clicking element '//*[@id="save"]/span[2]'.</msg>
<status status="PASS" starttime="20210617 15:07:38.591" endtime="20210617 15:07:38.845"/>
</kw>
<kw name="Sleep" library="BuiltIn">
<arg>15s</arg>
<doc>Pauses the test executed for the given time.</doc>
<msg timestamp="20210617 15:07:53.856" level="INFO">Slept 15 seconds</msg>
<status status="PASS" starttime="20210617 15:07:38.845" endtime="20210617 15:07:53.856"/>
</kw>
<status status="PASS" starttime="20210617 15:07:38.591" endtime="20210617 15:07:53.856"/>
</kw>
<kw name="Telnet to DUT Console" library="Telnet">
<kw name="Open Connection" library="Telnet">
<arg>192.168.2.254</arg>
<arg>prompt_is_regexp=yes</arg>
<arg>prompt=#</arg>
<doc>Opens a new Telnet connection to the given host and port.</doc>
<msg timestamp="20210617 15:07:53.857" level="INFO">Opening connection to 192.168.2.254:23 with prompt: # (regexp)</msg>
<status status="PASS" starttime="20210617 15:07:53.857" endtime="20210617 15:07:53.859"/>
</kw>
<kw name="Login" library="Telnet">
<arg>ls</arg>
<arg>date</arg>
<arg>login_prompt=#</arg>
<arg>password_prompt=#</arg>
<doc>Logs in to the Telnet server with the given user information.</doc>
<msg timestamp="20210617 15:07:53.993" level="INFO">BusyBox v1.26.2 (2020-06-23 18:38:50 CST) built-in shell (ash)
Enter 'help' for a list of built-in commands.

# ls
[1;34mbin[0m      [1;34mdev[0m      [1;36mmnt[0m      [1;34mproc[0m     [1;34msys[0m      [1;36mvar[0m
[1;34mbootfs[0m   [1;36metc[0m      [1;36mopt[0m      [1;34mramdisk[0m  [1;34mtmp[0m      [1;34mwww[0m
[1;34mdata[0m     [1;34mlib[0m      [1;34mowl[0m      [1;34msbin[0m     [1;34musr[0m
# date
Thu Jan  1 05:28:37 UTC 1970
#</msg>
<status status="PASS" starttime="20210617 15:07:53.859" endtime="20210617 15:07:53.994"/>
</kw>
<status status="PASS" starttime="20210617 15:07:53.857" endtime="20210617 15:07:53.994"/>
</kw>
<kw name="Get the 2.4Ghz channel id from console" library="Telnet">
<var>${2.4Ghz_ChannelID_Console}</var>
<kw name="Execute Command" library="Telnet">
<var>${out}</var>
<arg>cat /etc/config/.glbcfg |grep 24G_Channel=</arg>
<doc>Executes the given ``command`` and reads, logs, and returns everything until the prompt.</doc>
<msg timestamp="20210617 15:07:53.998" level="INFO">cat /etc/config/.glbcfg |grep 24G_Channel=</msg>
<msg timestamp="20210617 15:07:54.098" level="INFO">ARC_WLAN_24G_Channel=12
#</msg>
<msg timestamp="20210617 15:07:54.098" level="INFO">${out} = ARC_WLAN_24G_Channel=12
#</msg>
<status status="PASS" starttime="20210617 15:07:53.994" endtime="20210617 15:07:54.098"/>
</kw>
<kw name="Log" library="BuiltIn">
<arg>${out}</arg>
<doc>Logs the given message with the given level.</doc>
<msg timestamp="20210617 15:07:54.099" level="INFO">ARC_WLAN_24G_Channel=12
#</msg>
<status status="PASS" starttime="20210617 15:07:54.098" endtime="20210617 15:07:54.099"/>
</kw>
<kw name="Get Regexp Matches" library="String">
<var>${result}</var>
<arg>${out}</arg>
<arg>=(\\d+)</arg>
<arg>1</arg>
<doc>Returns a list of all non-overlapping matches in the given string.</doc>
<msg timestamp="20210617 15:07:54.099" level="INFO">${result} = ['12']</msg>
<status status="PASS" starttime="20210617 15:07:54.099" endtime="20210617 15:07:54.099"/>
</kw>
<kw name="Log" library="BuiltIn">
<arg>2.4Ghz Channel ID from console is ${result[0]}</arg>
<doc>Logs the given message with the given level.</doc>
<msg timestamp="20210617 15:07:54.100" level="INFO">2.4Ghz Channel ID from console is 12</msg>
<status status="PASS" starttime="20210617 15:07:54.099" endtime="20210617 15:07:54.101"/>
</kw>
<msg timestamp="20210617 15:07:54.102" level="INFO">${2.4Ghz_ChannelID_Console} = 12</msg>
<status status="PASS" starttime="20210617 15:07:53.994" endtime="20210617 15:07:54.102"/>
</kw>
<kw name="Log" library="BuiltIn">
<arg>Channel ID from Console is ${2.4Ghz_ChannelID_Console}</arg>
<doc>Logs the given message with the given level.</doc>
<msg timestamp="20210617 15:07:54.102" level="INFO">Channel ID from Console is 12</msg>
<status status="PASS" starttime="20210617 15:07:54.102" endtime="20210617 15:07:54.102"/>
</kw>
<kw name="Close All Connections" library="Telnet">
<doc>Closes all open connections and empties the connection cache.</doc>
<status status="PASS" starttime="20210617 15:07:54.102" endtime="20210617 15:07:54.102"/>
</kw>
<kw name="Should Be Equal" library="BuiltIn">
<arg>${2.4Ghz_ChannelID_Console}</arg>
<arg>${24GHz_Channel}</arg>
<doc>Fails if the given objects are unequal.</doc>
<status status="PASS" starttime="20210617 15:07:54.103" endtime="20210617 15:07:54.103"/>
</kw>
<status status="PASS" starttime="20210617 15:07:32.603" endtime="20210617 15:07:54.103"/>
</kw>
<kw name="Logout from DUT" library="CommonFunction" type="TEARDOWN">
<kw name="Unselect Frame" library="SeleniumLibrary">
<doc>Sets the main frame as the current frame.</doc>
<status status="PASS" starttime="20210617 15:07:54.104" endtime="20210617 15:07:54.107"/>
</kw>
<kw name="Click Element" library="SeleniumLibrary">
<arg>${Logout_button}</arg>
<doc>Click the element identified by ``locator``.</doc>
<msg timestamp="20210617 15:07:54.108" level="INFO">Clicking element 'btn_logout'.</msg>
<status status="PASS" starttime="20210617 15:07:54.108" endtime="20210617 15:07:54.356"/>
</kw>
<kw name="Sleep" library="BuiltIn">
<arg>2s</arg>
<doc>Pauses the test executed for the given time.</doc>
<msg timestamp="20210617 15:07:56.364" level="INFO">Slept 2 seconds</msg>
<status status="PASS" starttime="20210617 15:07:54.357" endtime="20210617 15:07:56.364"/>
</kw>
<kw name="Close All Browsers" library="SeleniumLibrary">
<doc>Closes all open browsers and resets the browser cache.</doc>
<status status="PASS" starttime="20210617 15:07:56.364" endtime="20210617 15:07:57.388"/>
</kw>
<status status="PASS" starttime="20210617 15:07:54.103" endtime="20210617 15:07:57.388"/>
</kw>
<status status="PASS" starttime="20210617 15:07:12.371" endtime="20210617 15:07:57.388"/>
</test>
<test id="s1-t26" name="Verify setting 2.4Ghz ChannelID 13 and Bandwith 20/40 MHz">
<kw name="Login to DUT" library="CommonFunction" type="SETUP">
<kw name="Open Browser" library="SeleniumLibrary">
<arg>${HOME_PAGE}</arg>
<arg>${BROWSER}</arg>
<doc>Opens a new browser instance to the optional ``url``.</doc>
<msg timestamp="20210617 15:07:57.393" level="INFO">Opening browser 'firefox' to base url 'https://mijnmodem.kpn/login.htm'.</msg>
<msg timestamp="20210617 15:07:57.419" level="INFO">Firefox driver log is always forced to to: D:\Personal\Automation\KPN\WiFi\result\geckodriver-204.log</msg>
<status status="PASS" starttime="20210617 15:07:57.392" endtime="20210617 15:08:07.308"/>
</kw>
<kw name="Maximize Browser Window" library="SeleniumLibrary">
<doc>Maximizes current browser window.</doc>
<status status="PASS" starttime="20210617 15:08:07.309" endtime="20210617 15:08:07.326"/>
</kw>
<kw name="Sleep" library="BuiltIn">
<arg>2s</arg>
<doc>Pauses the test executed for the given time.</doc>
<msg timestamp="20210617 15:08:09.339" level="INFO">Slept 2 seconds</msg>
<status status="PASS" starttime="20210617 15:08:07.327" endtime="20210617 15:08:09.339"/>
</kw>
<kw name="Press Keys" library="SeleniumLibrary">
<arg>${Password}</arg>
<arg>${Password_value}</arg>
<doc>Simulates the user pressing key(s) to an element or on the active browser.</doc>
<msg timestamp="20210617 15:08:09.340" level="INFO">Sending key(s) ('Qwerty1!',) to //input[@name='ui_pws'] element.</msg>
<msg timestamp="20210617 15:08:09.637" level="INFO">Sending keys Qwerty1!</msg>
<status status="PASS" starttime="20210617 15:08:09.339" endtime="20210617 15:08:09.653"/>
</kw>
<kw name="Sleep" library="BuiltIn">
<arg>2s</arg>
<doc>Pauses the test executed for the given time.</doc>
<msg timestamp="20210617 15:08:11.654" level="INFO">Slept 2 seconds</msg>
<status status="PASS" starttime="20210617 15:08:09.653" endtime="20210617 15:08:11.654"/>
</kw>
<kw name="Click Element" library="SeleniumLibrary">
<arg>${Login_button}</arg>
<doc>Click the element identified by ``locator``.</doc>
<msg timestamp="20210617 15:08:11.655" level="INFO">Clicking element '//tbody/tr[5]/td[1]'.</msg>
<status status="PASS" starttime="20210617 15:08:11.655" endtime="20210617 15:08:13.473"/>
</kw>
<kw name="Sleep" library="BuiltIn">
<arg>5s</arg>
<doc>Pauses the test executed for the given time.</doc>
<msg timestamp="20210617 15:08:18.485" level="INFO">Slept 5 seconds</msg>
<status status="PASS" starttime="20210617 15:08:13.473" endtime="20210617 15:08:18.485"/>
</kw>
<kw name="Wait Until Page Contains" library="SeleniumLibrary">
<arg>${Topology Overview}</arg>
<arg>15s</arg>
<doc>Waits until ``text`` appears on the current page.</doc>
<status status="PASS" starttime="20210617 15:08:18.485" endtime="20210617 15:08:18.492"/>
</kw>
<status status="PASS" starttime="20210617 15:07:57.391" endtime="20210617 15:08:18.492"/>
</kw>
<kw name="Verify 2.4Ghz ChannelID scenarios">
<arg>13</arg>
<arg>14</arg>
<arg>2</arg>
<tag>ChannelIDSet</tag>
<tag>Funtional</tag>
<tag>WiFi</tag>
<doc>This Test case is to verify setting different channel with Bandwith 20mhz</doc>
<kw name="Go to WLAN Page" library="WLANPage">
<kw name="Click Element" library="SeleniumLibrary">
<arg>${WLAN_Tab}</arg>
<doc>Click the element identified by ``locator``.</doc>
<msg timestamp="20210617 15:08:18.494" level="INFO">Clicking element '//a[normalize-space()='WLAN']'.</msg>
<status status="PASS" starttime="20210617 15:08:18.494" endtime="20210617 15:08:18.544"/>
</kw>
<kw name="Sleep" library="BuiltIn">
<arg>5s</arg>
<doc>Pauses the test executed for the given time.</doc>
<msg timestamp="20210617 15:08:23.546" level="INFO">Slept 5 seconds</msg>
<status status="PASS" starttime="20210617 15:08:18.545" endtime="20210617 15:08:23.546"/>
</kw>
<kw name="Wait Until Page Contains" library="SeleniumLibrary">
<arg>Access Points</arg>
<doc>Waits until ``text`` appears on the current page.</doc>
<status status="PASS" starttime="20210617 15:08:23.546" endtime="20210617 15:08:23.553"/>
</kw>
<kw name="Select Frame" library="SeleniumLibrary">
<arg>id:frm_main2</arg>
<doc>Sets frame identified by ``locator`` as the current frame.</doc>
<msg timestamp="20210617 15:08:23.554" level="INFO">Selecting frame 'id:frm_main2'.</msg>
<status status="PASS" starttime="20210617 15:08:23.554" endtime="20210617 15:08:23.563"/>
</kw>
<kw name="Current Frame Should Contain" library="SeleniumLibrary">
<arg>${wlan_page}</arg>
<doc>Verifies that the current frame contains ``text``.</doc>
<msg timestamp="20210617 15:08:23.570" level="INFO">Current frame contains text 'Restore WiFi Defaults'.</msg>
<status status="PASS" starttime="20210617 15:08:23.563" endtime="20210617 15:08:23.570"/>
</kw>
<status status="PASS" starttime="20210617 15:08:18.494" endtime="20210617 15:08:23.570"/>
</kw>
<kw name="Set 2.4Ghz Channel ID with value" library="WLANPage">
<arg>${ChannelID_index}</arg>
<kw name="Click Element" library="SeleniumLibrary">
<arg>${2.4Ghz_ChannelID_dropdown}</arg>
<doc>Click the element identified by ``locator``.</doc>
<msg timestamp="20210617 15:08:23.571" level="INFO">Clicking element '//tbody/tr[@id='tr_wchan_both']/td[@class='tdText']/div[1]'.</msg>
<status status="PASS" starttime="20210617 15:08:23.571" endtime="20210617 15:08:23.804"/>
</kw>
<kw name="Click Element" library="SeleniumLibrary">
<arg>//*[@id="tr_wchan_both"]/td[2]/div[1]/ul/li[${item label}]/a</arg>
<doc>Click the element identified by ``locator``.</doc>
<msg timestamp="20210617 15:08:23.805" level="INFO">Clicking element '//*[@id="tr_wchan_both"]/td[2]/div[1]/ul/li[14]/a'.</msg>
<status status="PASS" starttime="20210617 15:08:23.804" endtime="20210617 15:08:24.030"/>
</kw>
<status status="PASS" starttime="20210617 15:08:23.570" endtime="20210617 15:08:24.030"/>
</kw>
<kw name="Set 2.4Ghz Bandwith with value" library="WLANPage">
<arg>${24GHz_Bandwidth}</arg>
<kw name="Click Element" library="SeleniumLibrary">
<arg>${2.4Ghz_Bandwidth_dropdown}</arg>
<doc>Click the element identified by ``locator``.</doc>
<msg timestamp="20210617 15:08:24.031" level="INFO">Clicking element '//tbody/tr[@id='tr_bandwidth_both']/td[@class='tdText']/div[1]'.</msg>
<status status="PASS" starttime="20210617 15:08:24.030" endtime="20210617 15:08:24.255"/>
</kw>
<kw name="Click Element" library="SeleniumLibrary">
<arg>//*[@id="tr_bandwidth_both"]/td[2]/div[1]/ul/li[${item label}]/a</arg>
<doc>Click the element identified by ``locator``.</doc>
<msg timestamp="20210617 15:08:24.256" level="INFO">Clicking element '//*[@id="tr_bandwidth_both"]/td[2]/div[1]/ul/li[2]/a'.</msg>
<status status="PASS" starttime="20210617 15:08:24.256" endtime="20210617 15:08:24.481"/>
</kw>
<status status="PASS" starttime="20210617 15:08:24.030" endtime="20210617 15:08:24.481"/>
</kw>
<kw name="Save the WiFi setting" library="WLANPage">
<kw name="Click Element" library="SeleniumLibrary">
<arg>${WLAN_save_setting}</arg>
<doc>Click the element identified by ``locator``.</doc>
<msg timestamp="20210617 15:08:24.482" level="INFO">Clicking element '//*[@id="save"]/span[2]'.</msg>
<status status="PASS" starttime="20210617 15:08:24.482" endtime="20210617 15:08:24.735"/>
</kw>
<kw name="Sleep" library="BuiltIn">
<arg>15s</arg>
<doc>Pauses the test executed for the given time.</doc>
<msg timestamp="20210617 15:08:39.750" level="INFO">Slept 15 seconds</msg>
<status status="PASS" starttime="20210617 15:08:24.736" endtime="20210617 15:08:39.750"/>
</kw>
<status status="PASS" starttime="20210617 15:08:24.481" endtime="20210617 15:08:39.750"/>
</kw>
<kw name="Telnet to DUT Console" library="Telnet">
<kw name="Open Connection" library="Telnet">
<arg>192.168.2.254</arg>
<arg>prompt_is_regexp=yes</arg>
<arg>prompt=#</arg>
<doc>Opens a new Telnet connection to the given host and port.</doc>
<msg timestamp="20210617 15:08:39.751" level="INFO">Opening connection to 192.168.2.254:23 with prompt: # (regexp)</msg>
<status status="PASS" starttime="20210617 15:08:39.751" endtime="20210617 15:08:39.753"/>
</kw>
<kw name="Login" library="Telnet">
<arg>ls</arg>
<arg>date</arg>
<arg>login_prompt=#</arg>
<arg>password_prompt=#</arg>
<doc>Logs in to the Telnet server with the given user information.</doc>
<msg timestamp="20210617 15:08:39.891" level="INFO">BusyBox v1.26.2 (2020-06-23 18:38:50 CST) built-in shell (ash)
Enter 'help' for a list of built-in commands.

# ls
[1;34mbin[0m      [1;34mdev[0m      [1;36mmnt[0m      [1;34mproc[0m     [1;34msys[0m      [1;36mvar[0m
[1;34mbootfs[0m   [1;36metc[0m      [1;36mopt[0m      [1;34mramdisk[0m  [1;34mtmp[0m      [1;34mwww[0m
[1;34mdata[0m     [1;34mlib[0m      [1;34mowl[0m      [1;34msbin[0m     [1;34musr[0m
# date
Thu Jan  1 05:29:23 UTC 1970
#</msg>
<status status="PASS" starttime="20210617 15:08:39.753" endtime="20210617 15:08:39.891"/>
</kw>
<status status="PASS" starttime="20210617 15:08:39.750" endtime="20210617 15:08:39.891"/>
</kw>
<kw name="Get the 2.4Ghz channel id from console" library="Telnet">
<var>${2.4Ghz_ChannelID_Console}</var>
<kw name="Execute Command" library="Telnet">
<var>${out}</var>
<arg>cat /etc/config/.glbcfg |grep 24G_Channel=</arg>
<doc>Executes the given ``command`` and reads, logs, and returns everything until the prompt.</doc>
<msg timestamp="20210617 15:08:39.896" level="INFO">cat /etc/config/.glbcfg |grep 24G_Channel=</msg>
<msg timestamp="20210617 15:08:40.009" level="INFO">ARC_WLAN_24G_Channel=13
#</msg>
<msg timestamp="20210617 15:08:40.009" level="INFO">${out} = ARC_WLAN_24G_Channel=13
#</msg>
<status status="PASS" starttime="20210617 15:08:39.892" endtime="20210617 15:08:40.009"/>
</kw>
<kw name="Log" library="BuiltIn">
<arg>${out}</arg>
<doc>Logs the given message with the given level.</doc>
<msg timestamp="20210617 15:08:40.010" level="INFO">ARC_WLAN_24G_Channel=13
#</msg>
<status status="PASS" starttime="20210617 15:08:40.009" endtime="20210617 15:08:40.010"/>
</kw>
<kw name="Get Regexp Matches" library="String">
<var>${result}</var>
<arg>${out}</arg>
<arg>=(\\d+)</arg>
<arg>1</arg>
<doc>Returns a list of all non-overlapping matches in the given string.</doc>
<msg timestamp="20210617 15:08:40.010" level="INFO">${result} = ['13']</msg>
<status status="PASS" starttime="20210617 15:08:40.010" endtime="20210617 15:08:40.010"/>
</kw>
<kw name="Log" library="BuiltIn">
<arg>2.4Ghz Channel ID from console is ${result[0]}</arg>
<doc>Logs the given message with the given level.</doc>
<msg timestamp="20210617 15:08:40.011" level="INFO">2.4Ghz Channel ID from console is 13</msg>
<status status="PASS" starttime="20210617 15:08:40.010" endtime="20210617 15:08:40.011"/>
</kw>
<msg timestamp="20210617 15:08:40.012" level="INFO">${2.4Ghz_ChannelID_Console} = 13</msg>
<status status="PASS" starttime="20210617 15:08:39.891" endtime="20210617 15:08:40.012"/>
</kw>
<kw name="Log" library="BuiltIn">
<arg>Channel ID from Console is ${2.4Ghz_ChannelID_Console}</arg>
<doc>Logs the given message with the given level.</doc>
<msg timestamp="20210617 15:08:40.013" level="INFO">Channel ID from Console is 13</msg>
<status status="PASS" starttime="20210617 15:08:40.012" endtime="20210617 15:08:40.013"/>
</kw>
<kw name="Close All Connections" library="Telnet">
<doc>Closes all open connections and empties the connection cache.</doc>
<status status="PASS" starttime="20210617 15:08:40.013" endtime="20210617 15:08:40.013"/>
</kw>
<kw name="Should Be Equal" library="BuiltIn">
<arg>${2.4Ghz_ChannelID_Console}</arg>
<arg>${24GHz_Channel}</arg>
<doc>Fails if the given objects are unequal.</doc>
<status status="PASS" starttime="20210617 15:08:40.013" endtime="20210617 15:08:40.014"/>
</kw>
<status status="PASS" starttime="20210617 15:08:18.493" endtime="20210617 15:08:40.014"/>
</kw>
<kw name="Logout from DUT" library="CommonFunction" type="TEARDOWN">
<kw name="Unselect Frame" library="SeleniumLibrary">
<doc>Sets the main frame as the current frame.</doc>
<status status="PASS" starttime="20210617 15:08:40.015" endtime="20210617 15:08:40.019"/>
</kw>
<kw name="Click Element" library="SeleniumLibrary">
<arg>${Logout_button}</arg>
<doc>Click the element identified by ``locator``.</doc>
<msg timestamp="20210617 15:08:40.019" level="INFO">Clicking element 'btn_logout'.</msg>
<status status="PASS" starttime="20210617 15:08:40.019" endtime="20210617 15:08:40.254"/>
</kw>
<kw name="Sleep" library="BuiltIn">
<arg>2s</arg>
<doc>Pauses the test executed for the given time.</doc>
<msg timestamp="20210617 15:08:42.259" level="INFO">Slept 2 seconds</msg>
<status status="PASS" starttime="20210617 15:08:40.254" endtime="20210617 15:08:42.259"/>
</kw>
<kw name="Close All Browsers" library="SeleniumLibrary">
<doc>Closes all open browsers and resets the browser cache.</doc>
<status status="PASS" starttime="20210617 15:08:42.259" endtime="20210617 15:08:43.281"/>
</kw>
<status status="PASS" starttime="20210617 15:08:40.015" endtime="20210617 15:08:43.281"/>
</kw>
<status status="PASS" starttime="20210617 15:07:57.390" endtime="20210617 15:08:43.282"/>
</test>
<status status="PASS" starttime="20210617 14:49:01.329" endtime="20210617 15:08:43.286"/>
</suite>
<statistics>
<total>
<stat pass="26" fail="0" skip="0">All Tests</stat>
</total>
<tag>
</tag>
<suite>
<stat pass="26" fail="0" skip="0" id="s1" name="WLAN ChannelID">WLAN ChannelID</stat>
</suite>
</statistics>
<errors>
</errors>
</robot>
