<?xml version="1.0" encoding="UTF-8"?>
<robot generator="Robot 4.0.1 (Python 3.9.4 on win32)" generated="20210618 13:07:59.265" rpa="false" schemaversion="2">
<suite id="s1" name="CommonWindowsFunction" source="D:\Personal\Automation\KPN\WiFi\Resource\CommonWindowsFunction.robot">
<test id="s1-t1" name="Example">
<kw name="Log" library="BuiltIn">
<arg>${cmd}</arg>
<doc>Logs the given message with the given level.</doc>
<msg timestamp="20210618 13:07:59.353" level="INFO">netsh wlan show network mode=bssid | Select-String -Pattern "jacques" -Context 1,16</msg>
<status status="PASS" starttime="20210618 13:07:59.352" endtime="20210618 13:07:59.353"/>
</kw>
<kw name="Run Process" library="Process">
<var>${result}</var>
<arg>C:\\Windows\\System32\\WindowsPowerShell\\v1.0\\powershell.exe</arg>
<arg>${cmd}</arg>
<arg>shell=True</arg>
<doc>Runs a process and waits for it to complete.</doc>
<msg timestamp="20210618 13:07:59.355" level="INFO">Starting process:
C:\Windows\System32\WindowsPowerShell\v1.0\powershell.exe "netsh wlan show network mode=bssid | Select-String -Pattern \"jacques\" -Context 1,16"</msg>
<msg timestamp="20210618 13:07:59.360" level="INFO">Waiting for process to complete.</msg>
<msg timestamp="20210618 13:08:00.130" level="INFO">Process completed.</msg>
<msg timestamp="20210618 13:08:00.131" level="INFO">${result} = &lt;result object with rc 0&gt;</msg>
<status status="PASS" starttime="20210618 13:07:59.354" endtime="20210618 13:08:00.131"/>
</kw>
<kw name="Log" library="BuiltIn">
<arg>${result.stdout}</arg>
<doc>Logs the given message with the given level.</doc>
<msg timestamp="20210618 13:08:00.134" level="INFO">
  
&gt; SSID 1 : jacques
      Network type            : Infrastructure
      Authentication          : WPA2-Personal
      Encryption              : CCMP 
      BSSID 1                 : 94:6a:b0:0d:03:66
           Signal             : 99%  
           Radio type         : 802.11ac
           Channel            : 48 
           Basic rates (Mbps) : 12 24 58.5
           Other rates (Mbps) : 18 36 48 54 526.5
      BSSID 2                 : 94:6a:b0:0d:03:65
           Signal             : 99%  
           Radio type         : 802.11n
           Channel            : 3 
           Basic rates (Mbps) : 6.5 16 19.5 117
           Other rates (Mbps) : 18 19.5 24 36 39 48 54 156
  

</msg>
<status status="PASS" starttime="20210618 13:08:00.131" endtime="20210618 13:08:00.134"/>
</kw>
<kw name="Log" library="BuiltIn">
<arg>${result.stderr}</arg>
<doc>Logs the given message with the given level.</doc>
<msg timestamp="20210618 13:08:00.136" level="INFO"/>
<status status="PASS" starttime="20210618 13:08:00.135" endtime="20210618 13:08:00.136"/>
</kw>
<kw name="Log" library="BuiltIn">
<arg>${result}</arg>
<doc>Logs the given message with the given level.</doc>
<msg timestamp="20210618 13:08:00.137" level="INFO">&lt;result object with rc 0&gt;</msg>
<status status="PASS" starttime="20210618 13:08:00.137" endtime="20210618 13:08:00.137"/>
</kw>
<kw name="Get Regexp Matches" library="String">
<var>${Analyser_ChannelID_5Ghz}</var>
<arg>${result.stdout}</arg>
<arg>= Channel.*: (\\d+)</arg>
<arg>1</arg>
<doc>Returns a list of all non-overlapping matches in the given string.</doc>
<msg timestamp="20210618 13:08:00.139" level="INFO">${Analyser_ChannelID_5Ghz} = []</msg>
<status status="PASS" starttime="20210618 13:08:00.138" endtime="20210618 13:08:00.139"/>
</kw>
<kw name="Log" library="BuiltIn">
<arg>Analyser 5Ghz Channel ID is ${Analyser_ChannelID_5Ghz}</arg>
<doc>Logs the given message with the given level.</doc>
<msg timestamp="20210618 13:08:00.140" level="INFO">Analyser 5Ghz Channel ID is []</msg>
<status status="PASS" starttime="20210618 13:08:00.140" endtime="20210618 13:08:00.141"/>
</kw>
<status status="PASS" starttime="20210618 13:07:59.351" endtime="20210618 13:08:00.141"/>
</test>
<status status="PASS" starttime="20210618 13:07:59.268" endtime="20210618 13:08:00.146"/>
</suite>
<statistics>
<total>
<stat pass="1" fail="0" skip="0">All Tests</stat>
</total>
<tag>
</tag>
<suite>
<stat pass="1" fail="0" skip="0" id="s1" name="CommonWindowsFunction">CommonWindowsFunction</stat>
</suite>
</statistics>
<errors>
</errors>
</robot>
