<?xml version="1.0" encoding="UTF-8"?>
<robot generator="Robot 4.0.1 (Python 3.9.4 on win32)" generated="20210702 19:42:17.306" rpa="false" schemaversion="2">
<suite id="s1" name="SW2 WLAN ECO Setting" source="D:\Personal\Automation\KPN\WiFi\Tests\SW2_WLAN_ECO_Setting.robot">
<kw name="Fetch the Initial SSID" type="SETUP">
<kw name="Login to DUT" library="SW2CommonFunction">
<kw name="Open Browser" library="SeleniumLibrary">
<arg>${HOME_PAGE}</arg>
<arg>${BROWSER}</arg>
<doc>Opens a new browser instance to the optional ``url``.</doc>
<msg timestamp="20210702 19:42:24.643" level="INFO">Opening browser 'firefox' to base url 'http://192.168.2.10/login.htm'.</msg>
<msg timestamp="20210702 19:42:25.803" level="INFO">Firefox driver log is always forced to to: D:\Personal\Automation\KPN\WiFi\result\geckodriver-64.log</msg>
<status status="PASS" starttime="20210702 19:42:24.642" endtime="20210702 19:42:51.955"/>
</kw>
<kw name="Maximize Browser Window" library="SeleniumLibrary">
<doc>Maximizes current browser window.</doc>
<status status="PASS" starttime="20210702 19:42:51.956" endtime="20210702 19:42:51.963"/>
</kw>
<kw name="Sleep" library="BuiltIn">
<arg>2s</arg>
<doc>Pauses the test executed for the given time.</doc>
<msg timestamp="20210702 19:42:53.968" level="INFO">Slept 2 seconds</msg>
<status status="PASS" starttime="20210702 19:42:51.963" endtime="20210702 19:42:53.969"/>
</kw>
<kw name="Press Keys" library="SeleniumLibrary">
<arg>${Password}</arg>
<arg>${Password_value}</arg>
<doc>Simulates the user pressing key(s) to an element or on the active browser.</doc>
<msg timestamp="20210702 19:42:53.978" level="INFO">Sending key(s) ('Qwerty1!',) to //input[@name='ui_pws'] element.</msg>
<msg timestamp="20210702 19:42:54.358" level="INFO">Sending keys Qwerty1!</msg>
<status status="PASS" starttime="20210702 19:42:53.969" endtime="20210702 19:42:54.414"/>
</kw>
<kw name="Sleep" library="BuiltIn">
<arg>2s</arg>
<doc>Pauses the test executed for the given time.</doc>
<msg timestamp="20210702 19:42:56.462" level="INFO">Slept 2 seconds</msg>
<status status="PASS" starttime="20210702 19:42:54.414" endtime="20210702 19:42:56.463"/>
</kw>
<kw name="Click Element" library="SeleniumLibrary">
<arg>${Login_button}</arg>
<doc>Click the element identified by ``locator``.</doc>
<msg timestamp="20210702 19:42:56.474" level="INFO">Clicking element '//div[@id='btn_loginbtn']'.</msg>
<status status="PASS" starttime="20210702 19:42:56.465" endtime="20210702 19:42:56.943"/>
</kw>
<kw name="Sleep" library="BuiltIn">
<arg>2s</arg>
<doc>Pauses the test executed for the given time.</doc>
<msg timestamp="20210702 19:42:58.952" level="INFO">Slept 2 seconds</msg>
<status status="PASS" starttime="20210702 19:42:56.943" endtime="20210702 19:42:58.956"/>
</kw>
<kw name="Select Frame" library="SeleniumLibrary">
<arg>id:frm_main2</arg>
<doc>Sets frame identified by ``locator`` as the current frame.</doc>
<msg timestamp="20210702 19:42:58.958" level="INFO">Selecting frame 'id:frm_main2'.</msg>
<status status="PASS" starttime="20210702 19:42:58.957" endtime="20210702 19:42:58.993"/>
</kw>
<kw name="Wait Until Page Contains" library="SeleniumLibrary">
<arg>${Status}</arg>
<arg>10s</arg>
<doc>Waits until ``text`` appears on the current page.</doc>
<status status="PASS" starttime="20210702 19:42:58.994" endtime="20210702 19:42:59.021"/>
</kw>
<status status="PASS" starttime="20210702 19:42:24.642" endtime="20210702 19:42:59.022"/>
</kw>
<kw name="Go to Settings Page" library="SW2SettingPage">
<kw name="Unselect Frame" library="SeleniumLibrary">
<doc>Sets the main frame as the current frame.</doc>
<status status="PASS" starttime="20210702 19:42:59.038" endtime="20210702 19:42:59.053"/>
</kw>
<kw name="Select Frame" library="SeleniumLibrary">
<arg>name:topFrame</arg>
<doc>Sets frame identified by ``locator`` as the current frame.</doc>
<msg timestamp="20210702 19:42:59.054" level="INFO">Selecting frame 'name:topFrame'.</msg>
<status status="PASS" starttime="20210702 19:42:59.054" endtime="20210702 19:42:59.079"/>
</kw>
<kw name="Click Element" library="SeleniumLibrary">
<arg>${Settings_Tab}</arg>
<doc>Click the element identified by ``locator``.</doc>
<msg timestamp="20210702 19:42:59.080" level="INFO">Clicking element '//div[@id='id_nav_1']'.</msg>
<status status="PASS" starttime="20210702 19:42:59.079" endtime="20210702 19:42:59.362"/>
</kw>
<kw name="Sleep" library="BuiltIn">
<arg>2s</arg>
<doc>Pauses the test executed for the given time.</doc>
<msg timestamp="20210702 19:43:01.372" level="INFO">Slept 2 seconds</msg>
<status status="PASS" starttime="20210702 19:42:59.363" endtime="20210702 19:43:01.372"/>
</kw>
<kw name="Unselect Frame" library="SeleniumLibrary">
<doc>Sets the main frame as the current frame.</doc>
<status status="PASS" starttime="20210702 19:43:01.373" endtime="20210702 19:43:01.377"/>
</kw>
<kw name="Select Frame" library="SeleniumLibrary">
<arg>id:frm_main2</arg>
<doc>Sets frame identified by ``locator`` as the current frame.</doc>
<msg timestamp="20210702 19:43:01.378" level="INFO">Selecting frame 'id:frm_main2'.</msg>
<status status="PASS" starttime="20210702 19:43:01.377" endtime="20210702 19:43:01.387"/>
</kw>
<kw name="Wait Until Page Contains" library="SeleniumLibrary">
<arg>${Wireless Settings}</arg>
<arg>5s</arg>
<doc>Waits until ``text`` appears on the current page.</doc>
<status status="PASS" starttime="20210702 19:43:01.387" endtime="20210702 19:43:01.566"/>
</kw>
<status status="PASS" starttime="20210702 19:42:59.023" endtime="20210702 19:43:01.567"/>
</kw>
<kw name="Get the SSID name" library="SW2SettingPage">
<var>${Orginal_ssid}</var>
<kw name="Current Frame Should Contain" library="SeleniumLibrary">
<arg>Channel</arg>
<doc>Verifies that the current frame contains ``text``.</doc>
<msg timestamp="20210702 19:43:01.577" level="INFO">Current frame contains text 'Channel'.</msg>
<status status="PASS" starttime="20210702 19:43:01.567" endtime="20210702 19:43:01.577"/>
</kw>
<kw name="Get Element Attribute" library="SeleniumLibrary">
<var>${current_ssid}</var>
<arg>${ssid_name_2.4G}</arg>
<arg>value</arg>
<doc>Returns the value of ``attribute`` from the element ``locator``.</doc>
<msg timestamp="20210702 19:43:01.743" level="INFO">${current_ssid} = owl</msg>
<status status="PASS" starttime="20210702 19:43:01.578" endtime="20210702 19:43:01.743"/>
</kw>
<kw name="Log" library="BuiltIn">
<arg>${current_ssid} is Current ssid</arg>
<doc>Logs the given message with the given level.</doc>
<msg timestamp="20210702 19:43:01.745" level="INFO">owl is Current ssid</msg>
<status status="PASS" starttime="20210702 19:43:01.744" endtime="20210702 19:43:01.745"/>
</kw>
<msg timestamp="20210702 19:43:01.746" level="INFO">${Orginal_ssid} = owl</msg>
<status status="PASS" starttime="20210702 19:43:01.567" endtime="20210702 19:43:01.746"/>
</kw>
<kw name="Set Global Variable" library="BuiltIn">
<arg>${Orginal_ssid}</arg>
<doc>Makes a variable available globally in all tests and suites.</doc>
<msg timestamp="20210702 19:43:01.752" level="INFO">${Orginal_ssid} = owl</msg>
<status status="PASS" starttime="20210702 19:43:01.750" endtime="20210702 19:43:01.752"/>
</kw>
<kw name="Logout from DUT" library="SW2CommonFunction">
<kw name="Unselect Frame" library="SeleniumLibrary">
<doc>Sets the main frame as the current frame.</doc>
<status status="PASS" starttime="20210702 19:43:01.758" endtime="20210702 19:43:01.768"/>
</kw>
<kw name="Select Frame" library="SeleniumLibrary">
<arg>name:topFrame</arg>
<doc>Sets frame identified by ``locator`` as the current frame.</doc>
<msg timestamp="20210702 19:43:01.769" level="INFO">Selecting frame 'name:topFrame'.</msg>
<status status="PASS" starttime="20210702 19:43:01.768" endtime="20210702 19:43:01.782"/>
</kw>
<kw name="Click Element" library="SeleniumLibrary">
<arg>${Logout_button}</arg>
<doc>Click the element identified by ``locator``.</doc>
<msg timestamp="20210702 19:43:01.783" level="INFO">Clicking element '//*[@id="u_login"]'.</msg>
<status status="PASS" starttime="20210702 19:43:01.782" endtime="20210702 19:43:02.014"/>
</kw>
<kw name="Sleep" library="BuiltIn">
<arg>2s</arg>
<doc>Pauses the test executed for the given time.</doc>
<msg timestamp="20210702 19:43:04.057" level="INFO">Slept 2 seconds</msg>
<status status="PASS" starttime="20210702 19:43:02.054" endtime="20210702 19:43:04.058"/>
</kw>
<kw name="Close All Browsers" library="SeleniumLibrary">
<doc>Closes all open browsers and resets the browser cache.</doc>
<status status="PASS" starttime="20210702 19:43:04.059" endtime="20210702 19:43:06.810"/>
</kw>
<status status="PASS" starttime="20210702 19:43:01.752" endtime="20210702 19:43:06.811"/>
</kw>
<status status="PASS" starttime="20210702 19:42:24.641" endtime="20210702 19:43:06.811"/>
</kw>
<test id="s1-t1" name="ECO settings (Wifi signal off)">
<kw name="Login to DUT" library="SW2CommonFunction" type="SETUP">
<kw name="Open Browser" library="SeleniumLibrary">
<arg>${HOME_PAGE}</arg>
<arg>${BROWSER}</arg>
<doc>Opens a new browser instance to the optional ``url``.</doc>
<msg timestamp="20210702 19:43:06.820" level="INFO">Opening browser 'firefox' to base url 'http://192.168.2.10/login.htm'.</msg>
<msg timestamp="20210702 19:43:06.846" level="INFO">Firefox driver log is always forced to to: D:\Personal\Automation\KPN\WiFi\result\geckodriver-65.log</msg>
<status status="PASS" starttime="20210702 19:43:06.819" endtime="20210702 19:43:16.171"/>
</kw>
<kw name="Maximize Browser Window" library="SeleniumLibrary">
<doc>Maximizes current browser window.</doc>
<status status="PASS" starttime="20210702 19:43:16.171" endtime="20210702 19:43:16.176"/>
</kw>
<kw name="Sleep" library="BuiltIn">
<arg>2s</arg>
<doc>Pauses the test executed for the given time.</doc>
<msg timestamp="20210702 19:43:18.184" level="INFO">Slept 2 seconds</msg>
<status status="PASS" starttime="20210702 19:43:16.176" endtime="20210702 19:43:18.184"/>
</kw>
<kw name="Press Keys" library="SeleniumLibrary">
<arg>${Password}</arg>
<arg>${Password_value}</arg>
<doc>Simulates the user pressing key(s) to an element or on the active browser.</doc>
<msg timestamp="20210702 19:43:18.185" level="INFO">Sending key(s) ('Qwerty1!',) to //input[@name='ui_pws'] element.</msg>
<msg timestamp="20210702 19:43:18.486" level="INFO">Sending keys Qwerty1!</msg>
<status status="PASS" starttime="20210702 19:43:18.184" endtime="20210702 19:43:18.508"/>
</kw>
<kw name="Sleep" library="BuiltIn">
<arg>2s</arg>
<doc>Pauses the test executed for the given time.</doc>
<msg timestamp="20210702 19:43:20.519" level="INFO">Slept 2 seconds</msg>
<status status="PASS" starttime="20210702 19:43:18.508" endtime="20210702 19:43:20.519"/>
</kw>
<kw name="Click Element" library="SeleniumLibrary">
<arg>${Login_button}</arg>
<doc>Click the element identified by ``locator``.</doc>
<msg timestamp="20210702 19:43:20.520" level="INFO">Clicking element '//div[@id='btn_loginbtn']'.</msg>
<status status="PASS" starttime="20210702 19:43:20.519" endtime="20210702 19:43:20.773"/>
</kw>
<kw name="Sleep" library="BuiltIn">
<arg>2s</arg>
<doc>Pauses the test executed for the given time.</doc>
<msg timestamp="20210702 19:43:22.778" level="INFO">Slept 2 seconds</msg>
<status status="PASS" starttime="20210702 19:43:20.774" endtime="20210702 19:43:22.778"/>
</kw>
<kw name="Select Frame" library="SeleniumLibrary">
<arg>id:frm_main2</arg>
<doc>Sets frame identified by ``locator`` as the current frame.</doc>
<msg timestamp="20210702 19:43:22.779" level="INFO">Selecting frame 'id:frm_main2'.</msg>
<status status="PASS" starttime="20210702 19:43:22.778" endtime="20210702 19:43:22.790"/>
</kw>
<kw name="Wait Until Page Contains" library="SeleniumLibrary">
<arg>${Status}</arg>
<arg>10s</arg>
<doc>Waits until ``text`` appears on the current page.</doc>
<status status="PASS" starttime="20210702 19:43:22.790" endtime="20210702 19:43:22.798"/>
</kw>
<status status="PASS" starttime="20210702 19:43:06.818" endtime="20210702 19:43:22.798"/>
</kw>
<kw name="Go to Settings Page" library="SW2SettingPage">
<kw name="Unselect Frame" library="SeleniumLibrary">
<doc>Sets the main frame as the current frame.</doc>
<status status="PASS" starttime="20210702 19:43:22.802" endtime="20210702 19:43:22.806"/>
</kw>
<kw name="Select Frame" library="SeleniumLibrary">
<arg>name:topFrame</arg>
<doc>Sets frame identified by ``locator`` as the current frame.</doc>
<msg timestamp="20210702 19:43:22.807" level="INFO">Selecting frame 'name:topFrame'.</msg>
<status status="PASS" starttime="20210702 19:43:22.806" endtime="20210702 19:43:22.816"/>
</kw>
<kw name="Click Element" library="SeleniumLibrary">
<arg>${Settings_Tab}</arg>
<doc>Click the element identified by ``locator``.</doc>
<msg timestamp="20210702 19:43:22.816" level="INFO">Clicking element '//div[@id='id_nav_1']'.</msg>
<status status="PASS" starttime="20210702 19:43:22.816" endtime="20210702 19:43:23.044"/>
</kw>
<kw name="Sleep" library="BuiltIn">
<arg>2s</arg>
<doc>Pauses the test executed for the given time.</doc>
<msg timestamp="20210702 19:43:25.057" level="INFO">Slept 2 seconds</msg>
<status status="PASS" starttime="20210702 19:43:23.045" endtime="20210702 19:43:25.057"/>
</kw>
<kw name="Unselect Frame" library="SeleniumLibrary">
<doc>Sets the main frame as the current frame.</doc>
<status status="PASS" starttime="20210702 19:43:25.058" endtime="20210702 19:43:25.061"/>
</kw>
<kw name="Select Frame" library="SeleniumLibrary">
<arg>id:frm_main2</arg>
<doc>Sets frame identified by ``locator`` as the current frame.</doc>
<msg timestamp="20210702 19:43:25.062" level="INFO">Selecting frame 'id:frm_main2'.</msg>
<status status="PASS" starttime="20210702 19:43:25.061" endtime="20210702 19:43:25.072"/>
</kw>
<kw name="Wait Until Page Contains" library="SeleniumLibrary">
<arg>${Wireless Settings}</arg>
<arg>5s</arg>
<doc>Waits until ``text`` appears on the current page.</doc>
<status status="PASS" starttime="20210702 19:43:25.072" endtime="20210702 19:43:25.078"/>
</kw>
<status status="PASS" starttime="20210702 19:43:22.802" endtime="20210702 19:43:25.078"/>
</kw>
<kw name="Disable SSID Broadcast" library="SW2SettingPage">
<kw name="Click Element" library="SeleniumLibrary">
<arg>${SSID_Broadcast_Dropdown}</arg>
<doc>Click the element identified by ``locator``.</doc>
<msg timestamp="20210702 19:43:25.080" level="INFO">Clicking element '//tbody/tr[2]/td[2]/div/div/a'.</msg>
<status status="PASS" starttime="20210702 19:43:25.080" endtime="20210702 19:43:25.324"/>
</kw>
<kw name="Click Element" library="SeleniumLibrary">
<arg>${Main_SSID_Disable}</arg>
<doc>Click the element identified by ``locator``.</doc>
<msg timestamp="20210702 19:43:25.325" level="INFO">Clicking element '//table[1]/tbody/tr[2]/td[2]/div/ul/li[2]'.</msg>
<status status="PASS" starttime="20210702 19:43:25.325" endtime="20210702 19:43:25.544"/>
</kw>
<status status="PASS" starttime="20210702 19:43:25.079" endtime="20210702 19:43:25.544"/>
</kw>
<kw name="Save the WiFi setting" library="SW2SettingPage">
<kw name="Click Element" library="SeleniumLibrary">
<arg>${WLAN_save_setting}</arg>
<doc>Click the element identified by ``locator``.</doc>
<msg timestamp="20210702 19:43:25.546" level="INFO">Clicking element '//span[@class='ButtonMiddle tapurple']'.</msg>
<status status="PASS" starttime="20210702 19:43:25.546" endtime="20210702 19:43:25.825"/>
</kw>
<kw name="Sleep" library="BuiltIn">
<arg>2s</arg>
<doc>Pauses the test executed for the given time.</doc>
<msg timestamp="20210702 19:43:27.835" level="INFO">Slept 2 seconds</msg>
<status status="PASS" starttime="20210702 19:43:25.826" endtime="20210702 19:43:27.835"/>
</kw>
<kw name="Click Element" library="SeleniumLibrary">
<arg>${WLAN_save_setting_Popup}</arg>
<doc>Click the element identified by ``locator``.</doc>
<msg timestamp="20210702 19:43:27.838" level="INFO">Clicking element '//body//div[@id='msgbox']//div//div//div[1]'.</msg>
<status status="PASS" starttime="20210702 19:43:27.836" endtime="20210702 19:43:28.120"/>
</kw>
<kw name="Sleep" library="BuiltIn">
<arg>20s</arg>
<doc>Pauses the test executed for the given time.</doc>
<msg timestamp="20210702 19:43:48.131" level="INFO">Slept 20 seconds</msg>
<status status="PASS" starttime="20210702 19:43:28.120" endtime="20210702 19:43:48.131"/>
</kw>
<status status="PASS" starttime="20210702 19:43:25.545" endtime="20210702 19:43:48.131"/>
</kw>
<kw name="Go to WLAN Guest Page" library="SW2_WLANGuestNetwork">
<kw name="Unselect Frame" library="SeleniumLibrary">
<doc>Sets the main frame as the current frame.</doc>
<status status="PASS" starttime="20210702 19:43:48.133" endtime="20210702 19:43:48.137"/>
</kw>
<kw name="Select Frame" library="SeleniumLibrary">
<arg>id:frm_left</arg>
<doc>Sets frame identified by ``locator`` as the current frame.</doc>
<msg timestamp="20210702 19:43:48.138" level="INFO">Selecting frame 'id:frm_left'.</msg>
<status status="PASS" starttime="20210702 19:43:48.137" endtime="20210702 19:43:48.147"/>
</kw>
<kw name="Click Element" library="SeleniumLibrary">
<arg>${Guest_Network_Tab}</arg>
<doc>Click the element identified by ``locator``.</doc>
<msg timestamp="20210702 19:43:48.147" level="INFO">Clicking element '//div[contains(text(),'Guest Network')]'.</msg>
<status status="PASS" starttime="20210702 19:43:48.147" endtime="20210702 19:43:48.379"/>
</kw>
<kw name="Sleep" library="BuiltIn">
<arg>5s</arg>
<doc>Pauses the test executed for the given time.</doc>
<msg timestamp="20210702 19:43:53.390" level="INFO">Slept 5 seconds</msg>
<status status="PASS" starttime="20210702 19:43:48.380" endtime="20210702 19:43:53.390"/>
</kw>
<kw name="Wait Until Page Contains" library="SeleniumLibrary">
<arg>${Guest_Network_Page}</arg>
<doc>Waits until ``text`` appears on the current page.</doc>
<status status="PASS" starttime="20210702 19:43:53.390" endtime="20210702 19:43:53.404"/>
</kw>
<kw name="Unselect Frame" library="SeleniumLibrary">
<doc>Sets the main frame as the current frame.</doc>
<status status="PASS" starttime="20210702 19:43:53.404" endtime="20210702 19:43:53.410"/>
</kw>
<kw name="Select Frame" library="SeleniumLibrary">
<arg>id:frm_main2</arg>
<doc>Sets frame identified by ``locator`` as the current frame.</doc>
<msg timestamp="20210702 19:43:53.411" level="INFO">Selecting frame 'id:frm_main2'.</msg>
<status status="PASS" starttime="20210702 19:43:53.411" endtime="20210702 19:43:53.419"/>
</kw>
<kw name="Current Frame Should Contain" library="SeleniumLibrary">
<arg>${Guest_Network_Page}</arg>
<doc>Verifies that the current frame contains ``text``.</doc>
<msg timestamp="20210702 19:43:53.427" level="INFO">Current frame contains text 'Guest Network'.</msg>
<status status="PASS" starttime="20210702 19:43:53.419" endtime="20210702 19:43:53.427"/>
</kw>
<status status="PASS" starttime="20210702 19:43:48.132" endtime="20210702 19:43:53.427"/>
</kw>
<kw name="Disable Guest Network" library="SW2_WLANGuestNetwork">
<kw name="Click Element" library="SeleniumLibrary">
<arg>${Wireless_Guest_Dropdown}</arg>
<doc>Click the element identified by ``locator``.</doc>
<msg timestamp="20210702 19:43:53.429" level="INFO">Clicking element '//tbody/tr[1]/td[2]/div/div/a'.</msg>
<status status="PASS" starttime="20210702 19:43:53.429" endtime="20210702 19:43:53.691"/>
</kw>
<kw name="Click Element" library="SeleniumLibrary">
<arg>${Guest_SSID_Disable}</arg>
<doc>Click the element identified by ``locator``.</doc>
<msg timestamp="20210702 19:43:53.692" level="INFO">Clicking element '//tbody/tr[1]/td[2]/div/ul/li[2]/a'.</msg>
<status status="PASS" starttime="20210702 19:43:53.691" endtime="20210702 19:43:53.924"/>
</kw>
<status status="PASS" starttime="20210702 19:43:53.428" endtime="20210702 19:43:53.925"/>
</kw>
<kw name="Save Guest WiFi Network Settings" library="SW2_WLANGuestNetwork">
<kw name="Click Element" library="SeleniumLibrary">
<arg>${Guest_SSID_SaveSetting}</arg>
<doc>Click the element identified by ``locator``.</doc>
<msg timestamp="20210702 19:43:53.927" level="INFO">Clicking element '//tbody/tr/td[2]/div/a/span[2]'.</msg>
<status status="PASS" starttime="20210702 19:43:53.927" endtime="20210702 19:43:54.160"/>
</kw>
<kw name="Sleep" library="BuiltIn">
<arg>15s</arg>
<doc>Pauses the test executed for the given time.</doc>
<msg timestamp="20210702 19:44:09.174" level="INFO">Slept 15 seconds</msg>
<status status="PASS" starttime="20210702 19:43:54.161" endtime="20210702 19:44:09.175"/>
</kw>
<status status="PASS" starttime="20210702 19:43:53.926" endtime="20210702 19:44:09.175"/>
</kw>
<kw name="Logout from DUT" library="SW2CommonFunction">
<kw name="Unselect Frame" library="SeleniumLibrary">
<doc>Sets the main frame as the current frame.</doc>
<status status="PASS" starttime="20210702 19:44:09.177" endtime="20210702 19:44:09.181"/>
</kw>
<kw name="Select Frame" library="SeleniumLibrary">
<arg>name:topFrame</arg>
<doc>Sets frame identified by ``locator`` as the current frame.</doc>
<msg timestamp="20210702 19:44:09.181" level="INFO">Selecting frame 'name:topFrame'.</msg>
<status status="PASS" starttime="20210702 19:44:09.181" endtime="20210702 19:44:09.191"/>
</kw>
<kw name="Click Element" library="SeleniumLibrary">
<arg>${Logout_button}</arg>
<doc>Click the element identified by ``locator``.</doc>
<msg timestamp="20210702 19:44:09.192" level="INFO">Clicking element '//*[@id="u_login"]'.</msg>
<status status="PASS" starttime="20210702 19:44:09.191" endtime="20210702 19:44:09.425"/>
</kw>
<kw name="Sleep" library="BuiltIn">
<arg>2s</arg>
<doc>Pauses the test executed for the given time.</doc>
<msg timestamp="20210702 19:44:11.429" level="INFO">Slept 2 seconds</msg>
<status status="PASS" starttime="20210702 19:44:09.426" endtime="20210702 19:44:11.429"/>
</kw>
<kw name="Close All Browsers" library="SeleniumLibrary">
<doc>Closes all open browsers and resets the browser cache.</doc>
<status status="PASS" starttime="20210702 19:44:11.429" endtime="20210702 19:44:12.776"/>
</kw>
<status status="PASS" starttime="20210702 19:44:09.176" endtime="20210702 19:44:12.777"/>
</kw>
<kw name="Sleep" library="BuiltIn">
<arg>30s</arg>
<doc>Pauses the test executed for the given time.</doc>
<msg timestamp="20210702 19:44:42.791" level="INFO">Slept 30 seconds</msg>
<status status="PASS" starttime="20210702 19:44:12.778" endtime="20210702 19:44:42.791"/>
</kw>
<for flavor="IN RANGE">
<var>${VAR}</var>
<value>10</value>
<iter>
<var name="${VAR}">0</var>
<kw name="Check SSID Broadcast" library="CommonWindowsFunction">
<var>${SSID_Broadcast_result}</var>
<arg>${Orginal_ssid}</arg>
<kw name="Set Variable" library="BuiltIn">
<var>${Broadcast_SSID}</var>
<arg>netsh wlan show network mode=bssid | Select-String -Pattern "${SSID}" -Context 1,16</arg>
<doc>Returns the given values which can then be assigned to a variables.</doc>
<msg timestamp="20210702 19:44:42.799" level="INFO">${Broadcast_SSID} = netsh wlan show network mode=bssid | Select-String -Pattern "owl" -Context 1,16</msg>
<status status="PASS" starttime="20210702 19:44:42.797" endtime="20210702 19:44:42.799"/>
</kw>
<kw name="Run Process" library="Process">
<var>${result}</var>
<arg>C:\\Windows\\System32\\WindowsPowerShell\\v1.0\\powershell.exe</arg>
<arg>${Broadcast_SSID}</arg>
<arg>shell=True</arg>
<doc>Runs a process and waits for it to complete.</doc>
<msg timestamp="20210702 19:44:42.801" level="INFO">Starting process:
C:\Windows\System32\WindowsPowerShell\v1.0\powershell.exe "netsh wlan show network mode=bssid | Select-String -Pattern \"owl\" -Context 1,16"</msg>
<msg timestamp="20210702 19:44:42.818" level="INFO">Waiting for process to complete.</msg>
<msg timestamp="20210702 19:44:43.964" level="INFO">Process completed.</msg>
<msg timestamp="20210702 19:44:43.964" level="INFO">${result} = &lt;result object with rc 0&gt;</msg>
<status status="PASS" starttime="20210702 19:44:42.800" endtime="20210702 19:44:43.964"/>
</kw>
<kw name="Log" library="BuiltIn">
<arg>${result.stdout}</arg>
<doc>Logs the given message with the given level.</doc>
<msg timestamp="20210702 19:44:43.967" level="INFO">
  
&gt; SSID 26 : owl
      Network type            : Infrastructure
      Authentication          : WPA2-Personal
      Encryption              : CCMP 
      BSSID 1                 : 92:19:b5:6e:3f:38
           Signal             : 85%  
           Radio type         : 802.11n
           Channel            : 6 
           Basic rates (Mbps) : 6.5 16 19.5 117
           Other rates (Mbps) : 18 19.5 24 36 39 48 54 156
      BSSID 2                 : 62:19:b5:6e:3f:39
           Signal             : 73%  
           Radio type         : 802.11ac
           Channel            : 64 
           Basic rates (Mbps) : 24 58.5
           Other rates (Mbps) : 12 18 36 48 54 526.5
  
&gt; SSID 27 : owl_Gast
      Network type            : Infrastructure
      Authentication          : WPA2-Personal
      Encryption              : CCMP 
      BSSID 1                 : 62:19:b5:6e:3f:3a
           Signal             : 73%  
           Radio type         : 802.11ac
           Channel            : 64 
           Basic rates (Mbps) : 24 58.5
           Other rates (Mbps) : 12 18 36 48 54 526.5
  
  SSID 28 : Ziggo1CBED56
      Network type            : Infrastructure
      Authentication          : WPA2-Personal
      Encryption              : CCMP 
      BSSID 1                 : ac:22:05:2d:11:2b
           Signal             : 50%  

</msg>
<status status="PASS" starttime="20210702 19:44:43.964" endtime="20210702 19:44:43.967"/>
</kw>
<msg timestamp="20210702 19:44:43.969" level="INFO">${SSID_Broadcast_result} = 
  
&gt; SSID 26 : owl
      Network type            : Infrastructure
      Authentication          : WPA2-Personal
      Encryption              : CCMP 
      BSSID 1                 : 92:19:b5:6e:3f:38...</msg>
<status status="PASS" starttime="20210702 19:44:42.796" endtime="20210702 19:44:43.969"/>
</kw>
<kw name="Convert To String" library="BuiltIn">
<var>${SSID_Broadcast_result}</var>
<arg>${SSID_Broadcast_result}</arg>
<doc>Converts the given item to a Unicode string.</doc>
<msg timestamp="20210702 19:44:43.969" level="INFO">${SSID_Broadcast_result} = 
  
&gt; SSID 26 : owl
      Network type            : Infrastructure
      Authentication          : WPA2-Personal
      Encryption              : CCMP 
      BSSID 1                 : 92:19:b5:6e:3f:38...</msg>
<status status="PASS" starttime="20210702 19:44:43.969" endtime="20210702 19:44:43.969"/>
</kw>
<kw name="Exit For Loop If" library="BuiltIn">
<arg>"${SSID_Broadcast_result.replace('\n','').strip()}"=="${Empty}"</arg>
<doc>Stops executing the enclosing for loop if the ``condition`` is true.</doc>
<status status="PASS" starttime="20210702 19:44:43.969" endtime="20210702 19:44:43.973"/>
</kw>
<kw name="Sleep" library="BuiltIn">
<arg>30s</arg>
<doc>Pauses the test executed for the given time.</doc>
<msg timestamp="20210702 19:45:13.981" level="INFO">Slept 30 seconds</msg>
<status status="PASS" starttime="20210702 19:44:43.973" endtime="20210702 19:45:13.981"/>
</kw>
<status status="PASS" starttime="20210702 19:44:42.796" endtime="20210702 19:45:13.981"/>
</iter>
<iter>
<var name="${VAR}">1</var>
<kw name="Check SSID Broadcast" library="CommonWindowsFunction">
<var>${SSID_Broadcast_result}</var>
<arg>${Orginal_ssid}</arg>
<kw name="Set Variable" library="BuiltIn">
<var>${Broadcast_SSID}</var>
<arg>netsh wlan show network mode=bssid | Select-String -Pattern "${SSID}" -Context 1,16</arg>
<doc>Returns the given values which can then be assigned to a variables.</doc>
<msg timestamp="20210702 19:45:13.983" level="INFO">${Broadcast_SSID} = netsh wlan show network mode=bssid | Select-String -Pattern "owl" -Context 1,16</msg>
<status status="PASS" starttime="20210702 19:45:13.982" endtime="20210702 19:45:13.983"/>
</kw>
<kw name="Run Process" library="Process">
<var>${result}</var>
<arg>C:\\Windows\\System32\\WindowsPowerShell\\v1.0\\powershell.exe</arg>
<arg>${Broadcast_SSID}</arg>
<arg>shell=True</arg>
<doc>Runs a process and waits for it to complete.</doc>
<msg timestamp="20210702 19:45:13.983" level="INFO">Starting process:
C:\Windows\System32\WindowsPowerShell\v1.0\powershell.exe "netsh wlan show network mode=bssid | Select-String -Pattern \"owl\" -Context 1,16"</msg>
<msg timestamp="20210702 19:45:13.986" level="INFO">Waiting for process to complete.</msg>
<msg timestamp="20210702 19:45:14.624" level="INFO">Process completed.</msg>
<msg timestamp="20210702 19:45:14.624" level="INFO">${result} = &lt;result object with rc 0&gt;</msg>
<status status="PASS" starttime="20210702 19:45:13.983" endtime="20210702 19:45:14.625"/>
</kw>
<kw name="Log" library="BuiltIn">
<arg>${result.stdout}</arg>
<doc>Logs the given message with the given level.</doc>
<msg timestamp="20210702 19:45:14.626" level="INFO">
  
&gt; SSID 26 : owl
      Network type            : Infrastructure
      Authentication          : WPA2-Personal
      Encryption              : CCMP 
      BSSID 1                 : 92:19:b5:6e:3f:38
           Signal             : 85%  
           Radio type         : 802.11n
           Channel            : 6 
           Basic rates (Mbps) : 6.5 16 19.5 117
           Other rates (Mbps) : 18 19.5 24 36 39 48 54 156
      BSSID 2                 : 62:19:b5:6e:3f:39
           Signal             : 73%  
           Radio type         : 802.11ac
           Channel            : 64 
           Basic rates (Mbps) : 24 58.5
           Other rates (Mbps) : 12 18 36 48 54 526.5
  
&gt; SSID 27 : owl_Gast
      Network type            : Infrastructure
      Authentication          : WPA2-Personal
      Encryption              : CCMP 
      BSSID 1                 : 62:19:b5:6e:3f:3a
           Signal             : 73%  
           Radio type         : 802.11ac
           Channel            : 64 
           Basic rates (Mbps) : 24 58.5
           Other rates (Mbps) : 12 18 36 48 54 526.5
  
  SSID 28 : Ziggo1CBED56
      Network type            : Infrastructure
      Authentication          : WPA2-Personal
      Encryption              : CCMP 
      BSSID 1                 : ac:22:05:2d:11:2b
           Signal             : 50%  

</msg>
<status status="PASS" starttime="20210702 19:45:14.625" endtime="20210702 19:45:14.626"/>
</kw>
<msg timestamp="20210702 19:45:14.627" level="INFO">${SSID_Broadcast_result} = 
  
&gt; SSID 26 : owl
      Network type            : Infrastructure
      Authentication          : WPA2-Personal
      Encryption              : CCMP 
      BSSID 1                 : 92:19:b5:6e:3f:38...</msg>
<status status="PASS" starttime="20210702 19:45:13.982" endtime="20210702 19:45:14.627"/>
</kw>
<kw name="Convert To String" library="BuiltIn">
<var>${SSID_Broadcast_result}</var>
<arg>${SSID_Broadcast_result}</arg>
<doc>Converts the given item to a Unicode string.</doc>
<msg timestamp="20210702 19:45:14.628" level="INFO">${SSID_Broadcast_result} = 
  
&gt; SSID 26 : owl
      Network type            : Infrastructure
      Authentication          : WPA2-Personal
      Encryption              : CCMP 
      BSSID 1                 : 92:19:b5:6e:3f:38...</msg>
<status status="PASS" starttime="20210702 19:45:14.627" endtime="20210702 19:45:14.628"/>
</kw>
<kw name="Exit For Loop If" library="BuiltIn">
<arg>"${SSID_Broadcast_result.replace('\n','').strip()}"=="${Empty}"</arg>
<doc>Stops executing the enclosing for loop if the ``condition`` is true.</doc>
<status status="PASS" starttime="20210702 19:45:14.628" endtime="20210702 19:45:14.631"/>
</kw>
<kw name="Sleep" library="BuiltIn">
<arg>30s</arg>
<doc>Pauses the test executed for the given time.</doc>
<msg timestamp="20210702 19:45:44.636" level="INFO">Slept 30 seconds</msg>
<status status="PASS" starttime="20210702 19:45:14.631" endtime="20210702 19:45:44.636"/>
</kw>
<status status="PASS" starttime="20210702 19:45:13.981" endtime="20210702 19:45:44.636"/>
</iter>
<iter>
<var name="${VAR}">2</var>
<kw name="Check SSID Broadcast" library="CommonWindowsFunction">
<var>${SSID_Broadcast_result}</var>
<arg>${Orginal_ssid}</arg>
