<?xml version="1.0" encoding="UTF-8"?>
<robot generator="Robot 4.0.1 (Python 3.9.4 on win32)" generated="20210621 12:03:44.133" rpa="false" schemaversion="2">
<suite id="s1" name="WLAN 2.4GHzChannelID" source="D:\Personal\Automation\KPN\WiFi\Tests\WLAN_2.4GHzChannelID.robot">
<test id="s1-t1" name="Verify setting 2.4Ghz ChannelID 1 with Bandwith 20 MHz">
<kw name="Login to DUT" library="CommonFunction" type="SETUP">
<kw name="Open Browser" library="SeleniumLibrary">
<arg>${HOME_PAGE}</arg>
<arg>${BROWSER}</arg>
<doc>Opens a new browser instance to the optional ``url``.</doc>
<msg timestamp="20210621 12:03:44.535" level="INFO">Opening browser 'firefox' to base url 'https://mijnmodem.kpn/login.htm'.</msg>
<msg timestamp="20210621 12:03:44.568" level="INFO">Firefox driver log is always forced to to: D:\Personal\Automation\KPN\WiFi\result\geckodriver-261.log</msg>
<status status="PASS" starttime="20210621 12:03:44.533" endtime="20210621 12:03:56.433"/>
</kw>
<kw name="Maximize Browser Window" library="SeleniumLibrary">
<doc>Maximizes current browser window.</doc>
<status status="PASS" starttime="20210621 12:03:56.433" endtime="20210621 12:03:56.448"/>
</kw>
<kw name="Sleep" library="BuiltIn">
<arg>2s</arg>
<doc>Pauses the test executed for the given time.</doc>
<msg timestamp="20210621 12:03:58.461" level="INFO">Slept 2 seconds</msg>
<status status="PASS" starttime="20210621 12:03:56.448" endtime="20210621 12:03:58.461"/>
</kw>
<kw name="Press Keys" library="SeleniumLibrary">
<arg>${Password}</arg>
<arg>${Password_value}</arg>
<doc>Simulates the user pressing key(s) to an element or on the active browser.</doc>
<msg timestamp="20210621 12:03:58.462" level="INFO">Sending key(s) ('Qwerty1!',) to //input[@name='ui_pws'] element.</msg>
<msg timestamp="20210621 12:03:58.774" level="INFO">Sending keys Qwerty1!</msg>
<status status="PASS" starttime="20210621 12:03:58.461" endtime="20210621 12:03:58.794"/>
</kw>
<kw name="Sleep" library="BuiltIn">
<arg>2s</arg>
<doc>Pauses the test executed for the given time.</doc>
<msg timestamp="20210621 12:04:00.808" level="INFO">Slept 2 seconds</msg>
<status status="PASS" starttime="20210621 12:03:58.794" endtime="20210621 12:04:00.808"/>
</kw>
<kw name="Click Element" library="SeleniumLibrary">
<arg>${Login_button}</arg>
<doc>Click the element identified by ``locator``.</doc>
<msg timestamp="20210621 12:04:00.809" level="INFO">Clicking element '//tbody/tr[5]/td[1]'.</msg>
<status status="PASS" starttime="20210621 12:04:00.808" endtime="20210621 12:04:02.783"/>
</kw>
<kw name="Sleep" library="BuiltIn">
<arg>5s</arg>
<doc>Pauses the test executed for the given time.</doc>
<msg timestamp="20210621 12:04:07.789" level="INFO">Slept 5 seconds</msg>
<status status="PASS" starttime="20210621 12:04:02.784" endtime="20210621 12:04:07.789"/>
</kw>
<kw name="Wait Until Page Contains" library="SeleniumLibrary">
<arg>${Topology Overview}</arg>
<arg>15s</arg>
<doc>Waits until ``text`` appears on the current page.</doc>
<status status="PASS" starttime="20210621 12:04:07.789" endtime="20210621 12:04:07.797"/>
</kw>
<status status="PASS" starttime="20210621 12:03:44.532" endtime="20210621 12:04:07.797"/>
</kw>
<kw name="Verify 2.4Ghz ChannelID scenarios">
<arg>1</arg>
<arg>2</arg>
<arg>1</arg>
<tag>2.4GhzChannelIDSet</tag>
<tag>Funtional</tag>
<tag>WiFi</tag>
<doc>This Test case is to verify setting different channel and Bandwith</doc>
<kw name="Go to WLAN Page" library="WLANPage">
<kw name="Click Element" library="SeleniumLibrary">
<arg>${WLAN_Tab}</arg>
<doc>Click the element identified by ``locator``.</doc>
<msg timestamp="20210621 12:04:07.799" level="INFO">Clicking element '//a[normalize-space()='WLAN']'.</msg>
<status status="PASS" starttime="20210621 12:04:07.799" endtime="20210621 12:04:07.845"/>
</kw>
<kw name="Sleep" library="BuiltIn">
<arg>5s</arg>
<doc>Pauses the test executed for the given time.</doc>
<msg timestamp="20210621 12:04:12.859" level="INFO">Slept 5 seconds</msg>
<status status="PASS" starttime="20210621 12:04:07.845" endtime="20210621 12:04:12.859"/>
</kw>
<kw name="Wait Until Page Contains" library="SeleniumLibrary">
<arg>Access Points</arg>
<doc>Waits until ``text`` appears on the current page.</doc>
<status status="PASS" starttime="20210621 12:04:12.859" endtime="20210621 12:04:12.866"/>
</kw>
<kw name="Select Frame" library="SeleniumLibrary">
<arg>id:frm_main2</arg>
<doc>Sets frame identified by ``locator`` as the current frame.</doc>
<msg timestamp="20210621 12:04:12.866" level="INFO">Selecting frame 'id:frm_main2'.</msg>
<status status="PASS" starttime="20210621 12:04:12.866" endtime="20210621 12:04:12.874"/>
</kw>
<kw name="Current Frame Should Contain" library="SeleniumLibrary">
<arg>${wlan_page}</arg>
<doc>Verifies that the current frame contains ``text``.</doc>
<msg timestamp="20210621 12:04:12.881" level="INFO">Current frame contains text 'Restore WiFi Defaults'.</msg>
<status status="PASS" starttime="20210621 12:04:12.874" endtime="20210621 12:04:12.881"/>
</kw>
<status status="PASS" starttime="20210621 12:04:07.799" endtime="20210621 12:04:12.881"/>
</kw>
<kw name="Set 2.4Ghz Channel ID with value" library="WLANPage">
<arg>${ChannelID_index}</arg>
<kw name="Click Element" library="SeleniumLibrary">
<arg>${2.4Ghz_ChannelID_dropdown}</arg>
<doc>Click the element identified by ``locator``.</doc>
<msg timestamp="20210621 12:04:12.882" level="INFO">Clicking element '//tbody/tr[@id='tr_wchan_both']/td[@class='tdText']/div[1]'.</msg>
<status status="PASS" starttime="20210621 12:04:12.882" endtime="20210621 12:04:13.105"/>
</kw>
<kw name="Click Element" library="SeleniumLibrary">
<arg>//*[@id="tr_wchan_both"]/td[2]/div[1]/ul/li[${item label}]/a</arg>
<doc>Click the element identified by ``locator``.</doc>
<msg timestamp="20210621 12:04:13.106" level="INFO">Clicking element '//*[@id="tr_wchan_both"]/td[2]/div[1]/ul/li[2]/a'.</msg>
<status status="PASS" starttime="20210621 12:04:13.105" endtime="20210621 12:04:13.332"/>
</kw>
<status status="PASS" starttime="20210621 12:04:12.881" endtime="20210621 12:04:13.332"/>
</kw>
<kw name="Set 2.4Ghz Bandwith with value" library="WLANPage">
<arg>${24GHz_Bandwidth}</arg>
<kw name="Click Element" library="SeleniumLibrary">
<arg>${2.4Ghz_Bandwidth_dropdown}</arg>
<doc>Click the element identified by ``locator``.</doc>
<msg timestamp="20210621 12:04:13.333" level="INFO">Clicking element '//tbody/tr[@id='tr_bandwidth_both']/td[@class='tdText']/div[1]'.</msg>
<status status="PASS" starttime="20210621 12:04:13.333" endtime="20210621 12:04:13.559"/>
</kw>
<kw name="Click Element" library="SeleniumLibrary">
<arg>//*[@id="tr_bandwidth_both"]/td[2]/div[1]/ul/li[${item label}]/a</arg>
<doc>Click the element identified by ``locator``.</doc>
<msg timestamp="20210621 12:04:13.560" level="INFO">Clicking element '//*[@id="tr_bandwidth_both"]/td[2]/div[1]/ul/li[1]/a'.</msg>
<status status="PASS" starttime="20210621 12:04:13.560" endtime="20210621 12:04:13.810"/>
</kw>
<status status="PASS" starttime="20210621 12:04:13.333" endtime="20210621 12:04:13.811"/>
</kw>
<kw name="Save the WiFi setting" library="WLANPage">
<kw name="Click Element" library="SeleniumLibrary">
<arg>${WLAN_save_setting}</arg>
<doc>Click the element identified by ``locator``.</doc>
<msg timestamp="20210621 12:04:13.812" level="INFO">Clicking element '//*[@id="save"]/span[2]'.</msg>
<status status="PASS" starttime="20210621 12:04:13.812" endtime="20210621 12:04:14.086"/>
</kw>
<kw name="Capture Page Screenshot" library="SeleniumLibrary">
<arg>${TEST_NAME}.png</arg>
<doc>Takes a screenshot of the current page and embeds it into a log file.</doc>
<msg timestamp="20210621 12:04:14.191" level="INFO" html="true">&lt;/td&gt;&lt;/tr&gt;&lt;tr&gt;&lt;td colspan="3"&gt;&lt;a href="Verify%20setting%202.4Ghz%20ChannelID%201%20with%20Bandwith%2020%20MHz.png"&gt;&lt;img src="Verify%20setting%202.4Ghz%20ChannelID%201%20with%20Bandwith%2020%20MHz.png" width="800px"&gt;&lt;/a&gt;</msg>
<status status="PASS" starttime="20210621 12:04:14.087" endtime="20210621 12:04:14.192"/>
</kw>
<kw name="Sleep" library="BuiltIn">
<arg>15s</arg>
<doc>Pauses the test executed for the given time.</doc>
<msg timestamp="20210621 12:04:29.204" level="INFO">Slept 15 seconds</msg>
<status status="PASS" starttime="20210621 12:04:14.192" endtime="20210621 12:04:29.204"/>
</kw>
<status status="PASS" starttime="20210621 12:04:13.811" endtime="20210621 12:04:29.205"/>
</kw>
<kw name="Logout from DUT" library="CommonFunction">
<kw name="Unselect Frame" library="SeleniumLibrary">
<doc>Sets the main frame as the current frame.</doc>
<status status="PASS" starttime="20210621 12:04:29.206" endtime="20210621 12:04:29.210"/>
</kw>
<kw name="Click Element" library="SeleniumLibrary">
<arg>${Logout_button}</arg>
<doc>Click the element identified by ``locator``.</doc>
<msg timestamp="20210621 12:04:29.211" level="INFO">Clicking element 'btn_logout'.</msg>
<status status="PASS" starttime="20210621 12:04:29.210" endtime="20210621 12:04:29.576"/>
</kw>
<kw name="Sleep" library="BuiltIn">
<arg>2s</arg>
<doc>Pauses the test executed for the given time.</doc>
<msg timestamp="20210621 12:04:31.580" level="INFO">Slept 2 seconds</msg>
<status status="PASS" starttime="20210621 12:04:29.576" endtime="20210621 12:04:31.580"/>
</kw>
<kw name="Close All Browsers" library="SeleniumLibrary">
<doc>Closes all open browsers and resets the browser cache.</doc>
<status status="PASS" starttime="20210621 12:04:31.580" endtime="20210621 12:04:32.761"/>
</kw>
<status status="PASS" starttime="20210621 12:04:29.205" endtime="20210621 12:04:32.761"/>
</kw>
<kw name="Telnet to DUT Console" library="Telnet">
<kw name="Open Connection" library="Telnet">
<arg>192.168.2.254</arg>
<arg>prompt_is_regexp=yes</arg>
<arg>prompt=#</arg>
<doc>Opens a new Telnet connection to the given host and port.</doc>
<msg timestamp="20210621 12:04:32.763" level="INFO">Opening connection to 192.168.2.254:23 with prompt: # (regexp)</msg>
<status status="PASS" starttime="20210621 12:04:32.762" endtime="20210621 12:04:32.764"/>
</kw>
<kw name="Login" library="Telnet">
<arg>ls</arg>
<arg>date</arg>
<arg>login_prompt=#</arg>
<arg>password_prompt=#</arg>
<doc>Logs in to the Telnet server with the given user information.</doc>
<msg timestamp="20210621 12:04:32.904" level="INFO">BusyBox v1.26.2 (2020-06-23 18:38:50 CST) built-in shell (ash)
Enter 'help' for a list of built-in commands.

# ls
[1;34mbin[0m      [1;34mdev[0m      [1;36mmnt[0m      [1;34mproc[0m     [1;34msys[0m      [1;36mvar[0m
[1;34mbootfs[0m   [1;36metc[0m      [1;36mopt[0m      [1;34mramdisk[0m  [1;34mtmp[0m      [1;34mwww[0m
[1;34mdata[0m     [1;34mlib[0m      [1;34mowl[0m      [1;34msbin[0m     [1;34musr[0m
# date
Thu Jan  1 02:25:39 UTC 1970
#</msg>
<status status="PASS" starttime="20210621 12:04:32.764" endtime="20210621 12:04:32.904"/>
</kw>
<status status="PASS" starttime="20210621 12:04:32.762" endtime="20210621 12:04:32.905"/>
</kw>
<kw name="Get the 2.4Ghz channel id from console" library="Telnet">
<var>${2.4Ghz_ChannelID_Console}</var>
<kw name="Execute Command" library="Telnet">
<var>${out}</var>
<arg>cat /etc/config/.glbcfg |grep 24G_Channel=</arg>
<doc>Executes the given ``command`` and reads, logs, and returns everything until the prompt.</doc>
<msg timestamp="20210621 12:04:32.908" level="INFO">cat /etc/config/.glbcfg |grep 24G_Channel=</msg>
<msg timestamp="20210621 12:04:33.010" level="INFO">ARC_WLAN_24G_Channel=1
#</msg>
<msg timestamp="20210621 12:04:33.010" level="INFO">${out} = ARC_WLAN_24G_Channel=1
#</msg>
<status status="PASS" starttime="20210621 12:04:32.905" endtime="20210621 12:04:33.010"/>
</kw>
<kw name="Log" library="BuiltIn">
<arg>${out}</arg>
<doc>Logs the given message with the given level.</doc>
<msg timestamp="20210621 12:04:33.011" level="INFO">ARC_WLAN_24G_Channel=1
#</msg>
<status status="PASS" starttime="20210621 12:04:33.011" endtime="20210621 12:04:33.011"/>
</kw>
<kw name="Get Regexp Matches" library="String">
<var>${result}</var>
<arg>${out}</arg>
<arg>=(\\d+)</arg>
<arg>1</arg>
<doc>Returns a list of all non-overlapping matches in the given string.</doc>
<msg timestamp="20210621 12:04:33.012" level="INFO">${result} = ['1']</msg>
<status status="PASS" starttime="20210621 12:04:33.011" endtime="20210621 12:04:33.012"/>
</kw>
<kw name="Log" library="BuiltIn">
<arg>2.4Ghz Channel ID from console is ${result[0]}</arg>
<doc>Logs the given message with the given level.</doc>
<msg timestamp="20210621 12:04:33.013" level="INFO">2.4Ghz Channel ID from console is 1</msg>
<status status="PASS" starttime="20210621 12:04:33.012" endtime="20210621 12:04:33.013"/>
</kw>
<msg timestamp="20210621 12:04:33.014" level="INFO">${2.4Ghz_ChannelID_Console} = 1</msg>
<status status="PASS" starttime="20210621 12:04:32.905" endtime="20210621 12:04:33.014"/>
</kw>
<kw name="Log" library="BuiltIn">
<arg>Channel ID from Console is ${2.4Ghz_ChannelID_Console}</arg>
<doc>Logs the given message with the given level.</doc>
<msg timestamp="20210621 12:04:33.014" level="INFO">Channel ID from Console is 1</msg>
<status status="PASS" starttime="20210621 12:04:33.014" endtime="20210621 12:04:33.014"/>
</kw>
<kw name="Close All Connections" library="Telnet">
<doc>Closes all open connections and empties the connection cache.</doc>
<status status="PASS" starttime="20210621 12:04:33.015" endtime="20210621 12:04:33.015"/>
</kw>
<kw name="Should Be Equal" library="BuiltIn">
<arg>${2.4Ghz_ChannelID_Console}</arg>
<arg>${24GHz_Channel}</arg>
<doc>Fails if the given objects are unequal.</doc>
<status status="PASS" starttime="20210621 12:04:33.015" endtime="20210621 12:04:33.015"/>
</kw>
<kw name="Sleep" library="BuiltIn">
<arg>90s</arg>
<doc>Pauses the test executed for the given time.</doc>
<msg timestamp="20210621 12:06:03.029" level="INFO">Slept 1 minute 30 seconds</msg>
<status status="PASS" starttime="20210621 12:04:33.015" endtime="20210621 12:06:03.029"/>
</kw>
<for flavor="IN">
<var>${VAR}</var>
<value>@{Loop}</value>
<iter>
<var name="${VAR}">1</var>
<kw name="Fetch the Channel IDs from Windows Analyser" library="CommonWindowsFunction">
<var>${2.4Ghz_ChannelID_Analyser}</var>
<kw name="Run Process" library="Process">
<arg>C:\\Windows\\System32\\WindowsPowerShell\\v1.0\\powershell.exe</arg>
<arg>${cmd}</arg>
<arg>shell=True</arg>
<doc>Runs a process and waits for it to complete.</doc>
<msg timestamp="20210621 12:06:03.030" level="INFO">Starting process:
C:\Windows\System32\WindowsPowerShell\v1.0\powershell.exe "netsh wlan show network mode=bssid | Select-String -Pattern \"jacques\" -Context 1,16"</msg>
<msg timestamp="20210621 12:06:03.034" level="INFO">Waiting for process to complete.</msg>
<msg timestamp="20210621 12:06:03.611" level="INFO">Process completed.</msg>
<status status="PASS" starttime="20210621 12:06:03.030" endtime="20210621 12:06:03.611"/>
</kw>
<kw name="Run Process" library="Process">
<var>${result}</var>
<arg>C:\\Windows\\System32\\WindowsPowerShell\\v1.0\\powershell.exe</arg>
<arg>${cmd}</arg>
<arg>shell=True</arg>
<doc>Runs a process and waits for it to complete.</doc>
<msg timestamp="20210621 12:06:03.612" level="INFO">Starting process:
C:\Windows\System32\WindowsPowerShell\v1.0\powershell.exe "netsh wlan show network mode=bssid | Select-String -Pattern \"jacques\" -Context 1,16"</msg>
<msg timestamp="20210621 12:06:03.616" level="INFO">Waiting for process to complete.</msg>
<msg timestamp="20210621 12:06:04.151" level="INFO">Process completed.</msg>
<msg timestamp="20210621 12:06:04.152" level="INFO">${result} = &lt;result object with rc 0&gt;</msg>
<status status="PASS" starttime="20210621 12:06:03.612" endtime="20210621 12:06:04.152"/>
</kw>
<kw name="Log" library="BuiltIn">
<arg>${result.stdout}</arg>
<doc>Logs the given message with the given level.</doc>
<msg timestamp="20210621 12:06:04.153" level="INFO">
  
&gt; SSID 9 : jacques
      Network type            : Infrastructure
      Authentication          : WPA2-Personal
      Encryption              : CCMP 
      BSSID 1                 : 94:6a:b0:0d:03:66
           Signal             : 99%  
           Radio type         : 802.11ac
           Channel            : 40 
           Basic rates (Mbps) : 12 24 58.5
           Other rates (Mbps) : 18 36 48 54 526.5
      BSSID 2                 : 94:6a:b0:0d:03:65
           Signal             : 99%  
           Radio type         : 802.11n
           Channel            : 1 
           Basic rates (Mbps) : 6.5 16 19.5 117
           Other rates (Mbps) : 18 19.5 24 36 39 48 54 156
  

</msg>
<status status="PASS" starttime="20210621 12:06:04.152" endtime="20210621 12:06:04.153"/>
</kw>
<kw name="Get Regexp Matches" library="String">
<var>${Analyser_ChannelID_5Ghz}</var>
<arg>${result.stdout}</arg>
<arg>Channel.*: (\\d+)</arg>
<arg>1</arg>
<doc>Returns a list of all non-overlapping matches in the given string.</doc>
<msg timestamp="20210621 12:06:04.155" level="INFO">${Analyser_ChannelID_5Ghz} = ['40', '1']</msg>
<status status="PASS" starttime="20210621 12:06:04.154" endtime="20210621 12:06:04.155"/>
</kw>
<kw name="Log" library="BuiltIn">
<arg>Analyser Channel IDs are ${Analyser_ChannelID_5Ghz[0]} and ${Analyser_ChannelID_5Ghz[1]}</arg>
<doc>Logs the given message with the given level.</doc>
<msg timestamp="20210621 12:06:04.157" level="INFO">Analyser Channel IDs are 40 and 1</msg>
<status status="PASS" starttime="20210621 12:06:04.155" endtime="20210621 12:06:04.157"/>
</kw>
<msg timestamp="20210621 12:06:04.159" level="INFO">${2.4Ghz_ChannelID_Analyser} = ['40', '1']</msg>
<status status="PASS" starttime="20210621 12:06:03.030" endtime="20210621 12:06:04.159"/>
</kw>
<kw name="Get Length" library="BuiltIn">
<var>${2.4Ghz_ChannelID_Analyser_Length}</var>
<arg>${2.4Ghz_ChannelID_Analyser}</arg>
<doc>Returns and logs the length of the given item as an integer.</doc>
<msg timestamp="20210621 12:06:04.160" level="INFO">Length is 2</msg>
<msg timestamp="20210621 12:06:04.160" level="INFO">${2.4Ghz_ChannelID_Analyser_Length} = 2</msg>
<status status="PASS" starttime="20210621 12:06:04.159" endtime="20210621 12:06:04.160"/>
</kw>
<kw name="Log" library="BuiltIn">
<arg>ChannelIDs are ${2.4Ghz_ChannelID_Analyser} and Length of ChannelIDs is ${2.4Ghz_ChannelID_Analyser_Length}</arg>
<doc>Logs the given message with the given level.</doc>
<msg timestamp="20210621 12:06:04.161" level="INFO">ChannelIDs are ['40', '1'] and Length of ChannelIDs is 2</msg>
<status status="PASS" starttime="20210621 12:06:04.160" endtime="20210621 12:06:04.161"/>
</kw>
<kw name="Exit For Loop If" library="BuiltIn">
<arg>${2.4Ghz_ChannelID_Analyser_Length} &gt;= 2</arg>
<doc>Stops executing the enclosing for loop if the ``condition`` is true.</doc>
<msg timestamp="20210621 12:06:04.161" level="INFO">Exiting for loop altogether.</msg>
<status status="PASS" starttime="20210621 12:06:04.161" endtime="20210621 12:06:04.161"/>
</kw>
<status status="PASS" starttime="20210621 12:06:03.030" endtime="20210621 12:06:04.161"/>
</iter>
<status status="PASS" starttime="20210621 12:06:03.029" endtime="20210621 12:06:04.161"/>
</for>
<kw name="List Should Contain Value" library="Collections">
<arg>${2.4Ghz_ChannelID_Analyser}</arg>
<arg>${2.4Ghz_ChannelID_Console}</arg>
<doc>Fails if the ``value`` is not found from ``list``.</doc>
<status status="PASS" starttime="20210621 12:06:04.162" endtime="20210621 12:06:04.162"/>
</kw>
<status status="PASS" starttime="20210621 12:04:07.798" endtime="20210621 12:06:04.162"/>
</kw>
<status status="PASS" starttime="20210621 12:03:44.532" endtime="20210621 12:06:04.163"/>
</test>
<test id="s1-t2" name="Verify setting 2.4Ghz ChannelID 2 with Bandwith 20 MHz">
<kw name="Login to DUT" library="CommonFunction" type="SETUP">
<kw name="Open Browser" library="SeleniumLibrary">
<arg>${HOME_PAGE}</arg>
<arg>${BROWSER}</arg>
<doc>Opens a new browser instance to the optional ``url``.</doc>
<msg timestamp="20210621 12:06:04.166" level="INFO">Opening browser 'firefox' to base url 'https://mijnmodem.kpn/login.htm'.</msg>
<msg timestamp="20210621 12:06:04.197" level="INFO">Firefox driver log is always forced to to: D:\Personal\Automation\KPN\WiFi\result\geckodriver-262.log</msg>
<status status="PASS" starttime="20210621 12:06:04.166" endtime="20210621 12:06:14.164"/>
</kw>
<kw name="Maximize Browser Window" library="SeleniumLibrary">
<doc>Maximizes current browser window.</doc>
<status status="PASS" starttime="20210621 12:06:14.164" endtime="20210621 12:06:14.179"/>
</kw>
<kw name="Sleep" library="BuiltIn">
<arg>2s</arg>
<doc>Pauses the test executed for the given time.</doc>
<msg timestamp="20210621 12:06:16.186" level="INFO">Slept 2 seconds</msg>
<status status="PASS" starttime="20210621 12:06:14.180" endtime="20210621 12:06:16.186"/>
</kw>
<kw name="Press Keys" library="SeleniumLibrary">
<arg>${Password}</arg>
<arg>${Password_value}</arg>
<doc>Simulates the user pressing key(s) to an element or on the active browser.</doc>
<msg timestamp="20210621 12:06:16.187" level="INFO">Sending key(s) ('Qwerty1!',) to //input[@name='ui_pws'] element.</msg>
<msg timestamp="20210621 12:06:16.481" level="INFO">Sending keys Qwerty1!</msg>
<status status="PASS" starttime="20210621 12:06:16.186" endtime="20210621 12:06:16.497"/>
</kw>
<kw name="Sleep" library="BuiltIn">
<arg>2s</arg>
<doc>Pauses the test executed for the given time.</doc>
<msg timestamp="20210621 12:06:18.507" level="INFO">Slept 2 seconds</msg>
<status status="PASS" starttime="20210621 12:06:16.497" endtime="20210621 12:06:18.507"/>
</kw>
<kw name="Click Element" library="SeleniumLibrary">
<arg>${Login_button}</arg>
<doc>Click the element identified by ``locator``.</doc>
<msg timestamp="20210621 12:06:18.508" level="INFO">Clicking element '//tbody/tr[5]/td[1]'.</msg>
<status status="PASS" starttime="20210621 12:06:18.507" endtime="20210621 12:06:20.340"/>
</kw>
<kw name="Sleep" library="BuiltIn">
<arg>5s</arg>
<doc>Pauses the test executed for the given time.</doc>
<msg timestamp="20210621 12:06:25.341" level="INFO">Slept 5 seconds</msg>
<status status="PASS" starttime="20210621 12:06:20.340" endtime="20210621 12:06:25.341"/>
</kw>
<kw name="Wait Until Page Contains" library="SeleniumLibrary">
<arg>${Topology Overview}</arg>
<arg>15s</arg>
<doc>Waits until ``text`` appears on the current page.</doc>
<status status="PASS" starttime="20210621 12:06:25.342" endtime="20210621 12:06:25.349"/>
</kw>
<status status="PASS" starttime="20210621 12:06:04.165" endtime="20210621 12:06:25.349"/>
</kw>
<kw name="Verify 2.4Ghz ChannelID scenarios">
<arg>2</arg>
<arg>3</arg>
<arg>1</arg>
<tag>2.4GhzChannelIDSet</tag>
<tag>Funtional</tag>
<tag>WiFi</tag>
<doc>This Test case is to verify setting different channel and Bandwith</doc>
<kw name="Go to WLAN Page" library="WLANPage">
<kw name="Click Element" library="SeleniumLibrary">
<arg>${WLAN_Tab}</arg>
<doc>Click the element identified by ``locator``.</doc>
<msg timestamp="20210621 12:06:25.351" level="INFO">Clicking element '//a[normalize-space()='WLAN']'.</msg>
<status status="PASS" starttime="20210621 12:06:25.351" endtime="20210621 12:06:25.393"/>
</kw>
<kw name="Sleep" library="BuiltIn">
<arg>5s</arg>
<doc>Pauses the test executed for the given time.</doc>
<msg timestamp="20210621 12:06:30.403" level="INFO">Slept 5 seconds</msg>
<status status="PASS" starttime="20210621 12:06:25.394" endtime="20210621 12:06:30.403"/>
</kw>
<kw name="Wait Until Page Contains" library="SeleniumLibrary">
<arg>Access Points</arg>
<doc>Waits until ``text`` appears on the current page.</doc>
<status status="PASS" starttime="20210621 12:06:30.403" endtime="20210621 12:06:30.410"/>
</kw>
<kw name="Select Frame" library="SeleniumLibrary">
<arg>id:frm_main2</arg>
<doc>Sets frame identified by ``locator`` as the current frame.</doc>
<msg timestamp="20210621 12:06:30.411" level="INFO">Selecting frame 'id:frm_main2'.</msg>
<status status="PASS" starttime="20210621 12:06:30.410" endtime="20210621 12:06:30.418"/>
</kw>
<kw name="Current Frame Should Contain" library="SeleniumLibrary">
<arg>${wlan_page}</arg>
<doc>Verifies that the current frame contains ``text``.</doc>
<msg timestamp="20210621 12:06:30.424" level="INFO">Current frame contains text 'Restore WiFi Defaults'.</msg>
<status status="PASS" starttime="20210621 12:06:30.418" endtime="20210621 12:06:30.425"/>
</kw>
<status status="PASS" starttime="20210621 12:06:25.350" endtime="20210621 12:06:30.425"/>
</kw>
<kw name="Set 2.4Ghz Channel ID with value" library="WLANPage">
<arg>${ChannelID_index}</arg>
<kw name="Click Element" library="SeleniumLibrary">
<arg>${2.4Ghz_ChannelID_dropdown}</arg>
<doc>Click the element identified by ``locator``.</doc>
<msg timestamp="20210621 12:06:30.426" level="INFO">Clicking element '//tbody/tr[@id='tr_wchan_both']/td[@class='tdText']/div[1]'.</msg>
<status status="PASS" starttime="20210621 12:06:30.425" endtime="20210621 12:06:30.647"/>
</kw>
<kw name="Click Element" library="SeleniumLibrary">
<arg>//*[@id="tr_wchan_both"]/td[2]/div[1]/ul/li[${item label}]/a</arg>
<doc>Click the element identified by ``locator``.</doc>
<msg timestamp="20210621 12:06:30.648" level="INFO">Clicking element '//*[@id="tr_wchan_both"]/td[2]/div[1]/ul/li[3]/a'.</msg>
<status status="PASS" starttime="20210621 12:06:30.648" endtime="20210621 12:06:30.862"/>
</kw>
<status status="PASS" starttime="20210621 12:06:30.425" endtime="20210621 12:06:30.862"/>
</kw>
<kw name="Set 2.4Ghz Bandwith with value" library="WLANPage">
<arg>${24GHz_Bandwidth}</arg>
<kw name="Click Element" library="SeleniumLibrary">
<arg>${2.4Ghz_Bandwidth_dropdown}</arg>
<doc>Click the element identified by ``locator``.</doc>
<msg timestamp="20210621 12:06:30.864" level="INFO">Clicking element '//tbody/tr[@id='tr_bandwidth_both']/td[@class='tdText']/div[1]'.</msg>
<status status="PASS" starttime="20210621 12:06:30.863" endtime="20210621 12:06:31.090"/>
</kw>
<kw name="Click Element" library="SeleniumLibrary">
<arg>//*[@id="tr_bandwidth_both"]/td[2]/div[1]/ul/li[${item label}]/a</arg>
<doc>Click the element identified by ``locator``.</doc>
<msg timestamp="20210621 12:06:31.092" level="INFO">Clicking element '//*[@id="tr_bandwidth_both"]/td[2]/div[1]/ul/li[1]/a'.</msg>
<status status="PASS" starttime="20210621 12:06:31.090" endtime="20210621 12:06:31.317"/>
</kw>
<status status="PASS" starttime="20210621 12:06:30.863" endtime="20210621 12:06:31.318"/>
</kw>
<kw name="Save the WiFi setting" library="WLANPage">
<kw name="Click Element" library="SeleniumLibrary">
<arg>${WLAN_save_setting}</arg>
<doc>Click the element identified by ``locator``.</doc>
<msg timestamp="20210621 12:06:31.318" level="INFO">Clicking element '//*[@id="save"]/span[2]'.</msg>
<status status="PASS" starttime="20210621 12:06:31.318" endtime="20210621 12:06:31.560"/>
</kw>
<kw name="Capture Page Screenshot" library="SeleniumLibrary">
<arg>${TEST_NAME}.png</arg>
<doc>Takes a screenshot of the current page and embeds it into a log file.</doc>
<msg timestamp="20210621 12:06:31.625" level="INFO" html="true">&lt;/td&gt;&lt;/tr&gt;&lt;tr&gt;&lt;td colspan="3"&gt;&lt;a href="Verify%20setting%202.4Ghz%20ChannelID%202%20with%20Bandwith%2020%20MHz.png"&gt;&lt;img src="Verify%20setting%202.4Ghz%20ChannelID%202%20with%20Bandwith%2020%20MHz.png" width="800px"&gt;&lt;/a&gt;</msg>
<status status="PASS" starttime="20210621 12:06:31.561" endtime="20210621 12:06:31.626"/>
</kw>
<kw name="Sleep" library="BuiltIn">
<arg>15s</arg>
<doc>Pauses the test executed for the given time.</doc>
<msg timestamp="20210621 12:06:46.629" level="INFO">Slept 15 seconds</msg>
<status status="PASS" starttime="20210621 12:06:31.626" endtime="20210621 12:06:46.629"/>
</kw>
<status status="PASS" starttime="20210621 12:06:31.318" endtime="20210621 12:06:46.631"/>
</kw>
<kw name="Logout from DUT" library="CommonFunction">
<kw name="Unselect Frame" library="SeleniumLibrary">
<doc>Sets the main frame as the current frame.</doc>
<status status="PASS" starttime="20210621 12:06:46.632" endtime="20210621 12:06:46.637"/>
</kw>
<kw name="Click Element" library="SeleniumLibrary">
<arg>${Logout_button}</arg>
<doc>Click the element identified by ``locator``.</doc>
<msg timestamp="20210621 12:06:46.638" level="INFO">Clicking element 'btn_logout'.</msg>
<status status="PASS" starttime="20210621 12:06:46.637" endtime="20210621 12:06:46.883"/>
</kw>
<kw name="Sleep" library="BuiltIn">
<arg>2s</arg>
<doc>Pauses the test executed for the given time.</doc>
<msg timestamp="20210621 12:06:48.884" level="INFO">Slept 2 seconds</msg>
<status status="PASS" starttime="20210621 12:06:46.883" endtime="20210621 12:06:48.884"/>
</kw>
<kw name="Close All Browsers" library="SeleniumLibrary">
<doc>Closes all open browsers and resets the browser cache.</doc>
<status status="PASS" starttime="20210621 12:06:48.884" endtime="20210621 12:06:50.349"/>
</kw>
<status status="PASS" starttime="20210621 12:06:46.631" endtime="20210621 12:06:50.349"/>
</kw>
<kw name="Telnet to DUT Console" library="Telnet">
<kw name="Open Connection" library="Telnet">
<arg>192.168.2.254</arg>
<arg>prompt_is_regexp=yes</arg>
<arg>prompt=#</arg>
<doc>Opens a new Telnet connection to the given host and port.</doc>
<msg timestamp="20210621 12:06:50.350" level="INFO">Opening connection to 192.168.2.254:23 with prompt: # (regexp)</msg>
<status status="PASS" starttime="20210621 12:06:50.350" endtime="20210621 12:06:50.351"/>
</kw>
<kw name="Login" library="Telnet">
<arg>ls</arg>
<arg>date</arg>
<arg>login_prompt=#</arg>
<arg>password_prompt=#</arg>
<doc>Logs in to the Telnet server with the given user information.</doc>
<msg timestamp="20210621 12:06:50.497" level="INFO">BusyBox v1.26.2 (2020-06-23 18:38:50 CST) built-in shell (ash)
Enter 'help' for a list of built-in commands.

# ls
[1;34mbin[0m      [1;34mdev[0m      [1;36mmnt[0m      [1;34mproc[0m     [1;34msys[0m      [1;36mvar[0m
[1;34mbootfs[0m   [1;36metc[0m      [1;36mopt[0m      [1;34mramdisk[0m  [1;34mtmp[0m      [1;34mwww[0m
[1;34mdata[0m     [1;34mlib[0m      [1;34mowl[0m      [1;34msbin[0m     [1;34musr[0m
# date
Thu Jan  1 02:27:57 UTC 1970
#</msg>
<status status="PASS" starttime="20210621 12:06:50.352" endtime="20210621 12:06:50.497"/>
</kw>
<status status="PASS" starttime="20210621 12:06:50.350" endtime="20210621 12:06:50.497"/>
</kw>
<kw name="Get the 2.4Ghz channel id from console" library="Telnet">
<var>${2.4Ghz_ChannelID_Console}</var>
<kw name="Execute Command" library="Telnet">
<var>${out}</var>
<arg>cat /etc/config/.glbcfg |grep 24G_Channel=</arg>
<doc>Executes the given ``command`` and reads, logs, and returns everything until the prompt.</doc>
<msg timestamp="20210621 12:06:50.500" level="INFO">cat /etc/config/.glbcfg |grep 24G_Channel=</msg>
<msg timestamp="20210621 12:06:50.602" level="INFO">ARC_WLAN_24G_Channel=2
#</msg>
<msg timestamp="20210621 12:06:50.602" level="INFO">${out} = ARC_WLAN_24G_Channel=2
#</msg>
<status status="PASS" starttime="20210621 12:06:50.498" endtime="20210621 12:06:50.602"/>
</kw>
<kw name="Log" library="BuiltIn">
<arg>${out}</arg>
<doc>Logs the given message with the given level.</doc>
<msg timestamp="20210621 12:06:50.603" level="INFO">ARC_WLAN_24G_Channel=2
#</msg>
<status status="PASS" starttime="20210621 12:06:50.602" endtime="20210621 12:06:50.603"/>
</kw>
<kw name="Get Regexp Matches" library="String">
<var>${result}</var>
<arg>${out}</arg>
<arg>=(\\d+)</arg>
<arg>1</arg>
<doc>Returns a list of all non-overlapping matches in the given string.</doc>
<msg timestamp="20210621 12:06:50.603" level="INFO">${result} = ['2']</msg>
<status status="PASS" starttime="20210621 12:06:50.603" endtime="20210621 12:06:50.603"/>
</kw>
<kw name="Log" library="BuiltIn">
<arg>2.4Ghz Channel ID from console is ${result[0]}</arg>
<doc>Logs the given message with the given level.</doc>
<msg timestamp="20210621 12:06:50.605" level="INFO">2.4Ghz Channel ID from console is 2</msg>
<status status="PASS" starttime="20210621 12:06:50.603" endtime="20210621 12:06:50.605"/>
</kw>
<msg timestamp="20210621 12:06:50.606" level="INFO">${2.4Ghz_ChannelID_Console} = 2</msg>
<status status="PASS" starttime="20210621 12:06:50.497" endtime="20210621 12:06:50.606"/>
</kw>
<kw name="Log" library="BuiltIn">
<arg>Channel ID from Console is ${2.4Ghz_ChannelID_Console}</arg>
<doc>Logs the given message with the given level.</doc>
<msg timestamp="20210621 12:06:50.606" level="INFO">Channel ID from Console is 2</msg>
<status status="PASS" starttime="20210621 12:06:50.606" endtime="20210621 12:06:50.607"/>
</kw>
<kw name="Close All Connections" library="Telnet">
<doc>Closes all open connections and empties the connection cache.</doc>
<status status="PASS" starttime="20210621 12:06:50.607" endtime="20210621 12:06:50.607"/>
</kw>
<kw name="Should Be Equal" library="BuiltIn">
<arg>${2.4Ghz_ChannelID_Console}</arg>
<arg>${24GHz_Channel}</arg>
<doc>Fails if the given objects are unequal.</doc>
<status status="PASS" starttime="20210621 12:06:50.607" endtime="20210621 12:06:50.607"/>
</kw>
<kw name="Sleep" library="BuiltIn">
<arg>90s</arg>
<doc>Pauses the test executed for the given time.</doc>
<msg timestamp="20210621 12:08:20.610" level="INFO">Slept 1 minute 30 seconds</msg>
<status status="PASS" starttime="20210621 12:06:50.608" endtime="20210621 12:08:20.610"/>
</kw>
<for flavor="IN">
<var>${VAR}</var>
<value>@{Loop}</value>
<iter>
<var name="${VAR}">1</var>
<kw name="Fetch the Channel IDs from Windows Analyser" library="CommonWindowsFunction">
<var>${2.4Ghz_ChannelID_Analyser}</var>
<kw name="Run Process" library="Process">
<arg>C:\\Windows\\System32\\WindowsPowerShell\\v1.0\\powershell.exe</arg>
<arg>${cmd}</arg>
<arg>shell=True</arg>
<doc>Runs a process and waits for it to complete.</doc>
<msg timestamp="20210621 12:08:20.613" level="INFO">Starting process:
C:\Windows\System32\WindowsPowerShell\v1.0\powershell.exe "netsh wlan show network mode=bssid | Select-String -Pattern \"jacques\" -Context 1,16"</msg>
<msg timestamp="20210621 12:08:20.618" level="INFO">Waiting for process to complete.</msg>
<msg timestamp="20210621 12:08:21.421" level="INFO">Process completed.</msg>
<status status="PASS" starttime="20210621 12:08:20.612" endtime="20210621 12:08:21.422"/>
</kw>
<kw name="Run Process" library="Process">
<var>${result}</var>
<arg>C:\\Windows\\System32\\WindowsPowerShell\\v1.0\\powershell.exe</arg>
<arg>${cmd}</arg>
<arg>shell=True</arg>
<doc>Runs a process and waits for it to complete.</doc>
<msg timestamp="20210621 12:08:21.423" level="INFO">Starting process:
C:\Windows\System32\WindowsPowerShell\v1.0\powershell.exe "netsh wlan show network mode=bssid | Select-String -Pattern \"jacques\" -Context 1,16"</msg>
<msg timestamp="20210621 12:08:21.428" level="INFO">Waiting for process to complete.</msg>
<msg timestamp="20210621 12:08:22.020" level="INFO">Process completed.</msg>
<msg timestamp="20210621 12:08:22.020" level="INFO">${result} = &lt;result object with rc 0&gt;</msg>
<status status="PASS" starttime="20210621 12:08:21.422" endtime="20210621 12:08:22.020"/>
</kw>
<kw name="Log" library="BuiltIn">
<arg>${result.stdout}</arg>
<doc>Logs the given message with the given level.</doc>
<msg timestamp="20210621 12:08:22.022" level="INFO">
  
&gt; SSID 2 : jacques
      Network type            : Infrastructure
      Authentication          : WPA2-Personal
      Encryption              : CCMP 
      BSSID 1                 : 94:6a:b0:0d:03:66
           Signal             : 99%  
           Radio type         : 802.11ac
           Channel            : 40 
           Basic rates (Mbps) : 12 24 58.5
           Other rates (Mbps) : 18 36 48 54 526.5
      BSSID 2                 : 94:6a:b0:0d:03:65
           Signal             : 99%  
           Radio type         : 802.11n
           Channel            : 2 
           Basic rates (Mbps) : 6.5 16 19.5 117
           Other rates (Mbps) : 18 19.5 24 36 39 48 54 156
  

</msg>
<status status="PASS" starttime="20210621 12:08:22.021" endtime="20210621 12:08:22.022"/>
</kw>
<kw name="Get Regexp Matches" library="String">
<var>${Analyser_ChannelID_5Ghz}</var>
<arg>${result.stdout}</arg>
<arg>Channel.*: (\\d+)</arg>
<arg>1</arg>
<doc>Returns a list of all non-overlapping matches in the given string.</doc>
<msg timestamp="20210621 12:08:22.023" level="INFO">${Analyser_ChannelID_5Ghz} = ['40', '2']</msg>
<status status="PASS" starttime="20210621 12:08:22.022" endtime="20210621 12:08:22.023"/>
</kw>
<kw name="Log" library="BuiltIn">
<arg>Analyser Channel IDs are ${Analyser_ChannelID_5Ghz[0]} and ${Analyser_ChannelID_5Ghz[1]}</arg>
<doc>Logs the given message with the given level.</doc>
<msg timestamp="20210621 12:08:22.026" level="INFO">Analyser Channel IDs are 40 and 2</msg>
<status status="PASS" starttime="20210621 12:08:22.024" endtime="20210621 12:08:22.026"/>
</kw>
<msg timestamp="20210621 12:08:22.028" level="INFO">${2.4Ghz_ChannelID_Analyser} = ['40', '2']</msg>
<status status="PASS" starttime="20210621 12:08:20.611" endtime="20210621 12:08:22.028"/>
</kw>
<kw name="Get Length" library="BuiltIn">
<var>${2.4Ghz_ChannelID_Analyser_Length}</var>
<arg>${2.4Ghz_ChannelID_Analyser}</arg>
<doc>Returns and logs the length of the given item as an integer.</doc>
<msg timestamp="20210621 12:08:22.028" level="INFO">Length is 2</msg>
<msg timestamp="20210621 12:08:22.029" level="INFO">${2.4Ghz_ChannelID_Analyser_Length} = 2</msg>
<status status="PASS" starttime="20210621 12:08:22.028" endtime="20210621 12:08:22.029"/>
</kw>
<kw name="Log" library="BuiltIn">
<arg>ChannelIDs are ${2.4Ghz_ChannelID_Analyser} and Length of ChannelIDs is ${2.4Ghz_ChannelID_Analyser_Length}</arg>
<doc>Logs the given message with the given level.</doc>
<msg timestamp="20210621 12:08:22.030" level="INFO">ChannelIDs are ['40', '2'] and Length of ChannelIDs is 2</msg>
<status status="PASS" starttime="20210621 12:08:22.029" endtime="20210621 12:08:22.030"/>
</kw>
<kw name="Exit For Loop If" library="BuiltIn">
<arg>${2.4Ghz_ChannelID_Analyser_Length} &gt;= 2</arg>
<doc>Stops executing the enclosing for loop if the ``condition`` is true.</doc>
<msg timestamp="20210621 12:08:22.030" level="INFO">Exiting for loop altogether.</msg>
<status status="PASS" starttime="20210621 12:08:22.030" endtime="20210621 12:08:22.030"/>
</kw>
<status status="PASS" starttime="20210621 12:08:20.611" endtime="20210621 12:08:22.030"/>
</iter>
<status status="PASS" starttime="20210621 12:08:20.610" endtime="20210621 12:08:22.030"/>
</for>
<kw name="List Should Contain Value" library="Collections">
<arg>${2.4Ghz_ChannelID_Analyser}</arg>
<arg>${2.4Ghz_ChannelID_Console}</arg>
<doc>Fails if the ``value`` is not found from ``list``.</doc>
<status status="PASS" starttime="20210621 12:08:22.031" endtime="20210621 12:08:22.031"/>
</kw>
<status status="PASS" starttime="20210621 12:06:25.350" endtime="20210621 12:08:22.031"/>
</kw>
<status status="PASS" starttime="20210621 12:06:04.164" endtime="20210621 12:08:22.032"/>
</test>
<test id="s1-t3" name="Verify setting 2.4Ghz ChannelID 3 with Bandwith 20 MHz">
<kw name="Login to DUT" library="CommonFunction" type="SETUP">
<kw name="Open Browser" library="SeleniumLibrary">
<arg>${HOME_PAGE}</arg>
<arg>${BROWSER}</arg>
<doc>Opens a new browser instance to the optional ``url``.</doc>
<msg timestamp="20210621 12:08:22.036" level="INFO">Opening browser 'firefox' to base url 'https://mijnmodem.kpn/login.htm'.</msg>
<msg timestamp="20210621 12:08:22.071" level="INFO">Firefox driver log is always forced to to: D:\Personal\Automation\KPN\WiFi\result\geckodriver-263.log</msg>
<status status="PASS" starttime="20210621 12:08:22.036" endtime="20210621 12:08:32.865"/>
</kw>
<kw name="Maximize Browser Window" library="SeleniumLibrary">
<doc>Maximizes current browser window.</doc>
<status status="PASS" starttime="20210621 12:08:32.865" endtime="20210621 12:08:32.882"/>
</kw>
<kw name="Sleep" library="BuiltIn">
<arg>2s</arg>
<doc>Pauses the test executed for the given time.</doc>
<msg timestamp="20210621 12:08:34.890" level="INFO">Slept 2 seconds</msg>
<status status="PASS" starttime="20210621 12:08:32.883" endtime="20210621 12:08:34.890"/>
</kw>
<kw name="Press Keys" library="SeleniumLibrary">
<arg>${Password}</arg>
<arg>${Password_value}</arg>
<doc>Simulates the user pressing key(s) to an element or on the active browser.</doc>
<msg timestamp="20210621 12:08:34.891" level="INFO">Sending key(s) ('Qwerty1!',) to //input[@name='ui_pws'] element.</msg>
<msg timestamp="20210621 12:08:35.186" level="INFO">Sending keys Qwerty1!</msg>
<status status="PASS" starttime="20210621 12:08:34.890" endtime="20210621 12:08:35.202"/>
</kw>
<kw name="Sleep" library="BuiltIn">
<arg>2s</arg>
<doc>Pauses the test executed for the given time.</doc>
<msg timestamp="20210621 12:08:37.204" level="INFO">Slept 2 seconds</msg>
<status status="PASS" starttime="20210621 12:08:35.203" endtime="20210621 12:08:37.204"/>
</kw>
<kw name="Click Element" library="SeleniumLibrary">
<arg>${Login_button}</arg>
<doc>Click the element identified by ``locator``.</doc>
<msg timestamp="20210621 12:08:37.205" level="INFO">Clicking element '//tbody/tr[5]/td[1]'.</msg>
<status status="PASS" starttime="20210621 12:08:37.204" endtime="20210621 12:08:38.987"/>
</kw>
<kw name="Sleep" library="BuiltIn">
<arg>5s</arg>
<doc>Pauses the test executed for the given time.</doc>
<msg timestamp="20210621 12:08:44.000" level="INFO">Slept 5 seconds</msg>
<status status="PASS" starttime="20210621 12:08:38.987" endtime="20210621 12:08:44.000"/>
</kw>
<kw name="Wait Until Page Contains" library="SeleniumLibrary">
<arg>${Topology Overview}</arg>
<arg>15s</arg>
<doc>Waits until ``text`` appears on the current page.</doc>
<status status="PASS" starttime="20210621 12:08:44.000" endtime="20210621 12:08:44.007"/>
</kw>
<status status="PASS" starttime="20210621 12:08:22.035" endtime="20210621 12:08:44.007"/>
</kw>
<kw name="Verify 2.4Ghz ChannelID scenarios">
<arg>3</arg>
<arg>4</arg>
<arg>1</arg>
<tag>2.4GhzChannelIDSet</tag>
<tag>Funtional</tag>
<tag>WiFi</tag>
<doc>This Test case is to verify setting different channel and Bandwith</doc>
<kw name="Go to WLAN Page" library="WLANPage">
<kw name="Click Element" library="SeleniumLibrary">
<arg>${WLAN_Tab}</arg>
<doc>Click the element identified by ``locator``.</doc>
<msg timestamp="20210621 12:08:44.009" level="INFO">Clicking element '//a[normalize-space()='WLAN']'.</msg>
<status status="PASS" starttime="20210621 12:08:44.009" endtime="20210621 12:08:44.053"/>
</kw>
<kw name="Sleep" library="BuiltIn">
<arg>5s</arg>
<doc>Pauses the test executed for the given time.</doc>
<msg timestamp="20210621 12:08:49.060" level="INFO">Slept 5 seconds</msg>
<status status="PASS" starttime="20210621 12:08:44.053" endtime="20210621 12:08:49.060"/>
</kw>
<kw name="Wait Until Page Contains" library="SeleniumLibrary">
<arg>Access Points</arg>
<doc>Waits until ``text`` appears on the current page.</doc>
<status status="PASS" starttime="20210621 12:08:49.061" endtime="20210621 12:08:49.068"/>
</kw>
<kw name="Select Frame" library="SeleniumLibrary">
<arg>id:frm_main2</arg>
<doc>Sets frame identified by ``locator`` as the current frame.</doc>
<msg timestamp="20210621 12:08:49.069" level="INFO">Selecting frame 'id:frm_main2'.</msg>
<status status="PASS" starttime="20210621 12:08:49.069" endtime="20210621 12:08:49.082"/>
</kw>
<kw name="Current Frame Should Contain" library="SeleniumLibrary">
<arg>${wlan_page}</arg>
<doc>Verifies that the current frame contains ``text``.</doc>
<msg timestamp="20210621 12:08:49.088" level="INFO">Current frame contains text 'Restore WiFi Defaults'.</msg>
<status status="PASS" starttime="20210621 12:08:49.082" endtime="20210621 12:08:49.088"/>
</kw>
<status status="PASS" starttime="20210621 12:08:44.009" endtime="20210621 12:08:49.088"/>
</kw>
<kw name="Set 2.4Ghz Channel ID with value" library="WLANPage">
<arg>${ChannelID_index}</arg>
<kw name="Click Element" library="SeleniumLibrary">
<arg>${2.4Ghz_ChannelID_dropdown}</arg>
<doc>Click the element identified by ``locator``.</doc>
<msg timestamp="20210621 12:08:49.089" level="INFO">Clicking element '//tbody/tr[@id='tr_wchan_both']/td[@class='tdText']/div[1]'.</msg>
<status status="PASS" starttime="20210621 12:08:49.089" endtime="20210621 12:08:49.318"/>
</kw>
<kw name="Click Element" library="SeleniumLibrary">
<arg>//*[@id="tr_wchan_both"]/td[2]/div[1]/ul/li[${item label}]/a</arg>
<doc>Click the element identified by ``locator``.</doc>
<msg timestamp="20210621 12:08:49.319" level="INFO">Clicking element '//*[@id="tr_wchan_both"]/td[2]/div[1]/ul/li[4]/a'.</msg>
<status status="PASS" starttime="20210621 12:08:49.319" endtime="20210621 12:08:49.545"/>
</kw>
<status status="PASS" starttime="20210621 12:08:49.088" endtime="20210621 12:08:49.546"/>
</kw>
<kw name="Set 2.4Ghz Bandwith with value" library="WLANPage">
<arg>${24GHz_Bandwidth}</arg>
<kw name="Click Element" library="SeleniumLibrary">
<arg>${2.4Ghz_Bandwidth_dropdown}</arg>
<doc>Click the element identified by ``locator``.</doc>
<msg timestamp="20210621 12:08:49.547" level="INFO">Clicking element '//tbody/tr[@id='tr_bandwidth_both']/td[@class='tdText']/div[1]'.</msg>
<status status="PASS" starttime="20210621 12:08:49.546" endtime="20210621 12:08:49.772"/>
</kw>
<kw name="Click Element" library="SeleniumLibrary">
<arg>//*[@id="tr_bandwidth_both"]/td[2]/div[1]/ul/li[${item label}]/a</arg>
<doc>Click the element identified by ``locator``.</doc>
<msg timestamp="20210621 12:08:49.772" level="INFO">Clicking element '//*[@id="tr_bandwidth_both"]/td[2]/div[1]/ul/li[1]/a'.</msg>
<status status="PASS" starttime="20210621 12:08:49.772" endtime="20210621 12:08:49.999"/>
</kw>
<status status="PASS" starttime="20210621 12:08:49.546" endtime="20210621 12:08:50.000"/>
</kw>
<kw name="Save the WiFi setting" library="WLANPage">
<kw name="Click Element" library="SeleniumLibrary">
<arg>${WLAN_save_setting}</arg>
<doc>Click the element identified by ``locator``.</doc>
<msg timestamp="20210621 12:08:50.000" level="INFO">Clicking element '//*[@id="save"]/span[2]'.</msg>
<status status="PASS" starttime="20210621 12:08:50.000" endtime="20210621 12:08:50.241"/>
</kw>
<kw name="Capture Page Screenshot" library="SeleniumLibrary">
<arg>${TEST_NAME}.png</arg>
<doc>Takes a screenshot of the current page and embeds it into a log file.</doc>
<msg timestamp="20210621 12:08:50.315" level="INFO" html="true">&lt;/td&gt;&lt;/tr&gt;&lt;tr&gt;&lt;td colspan="3"&gt;&lt;a href="Verify%20setting%202.4Ghz%20ChannelID%203%20with%20Bandwith%2020%20MHz.png"&gt;&lt;img src="Verify%20setting%202.4Ghz%20ChannelID%203%20with%20Bandwith%2020%20MHz.png" width="800px"&gt;&lt;/a&gt;</msg>
<status status="PASS" starttime="20210621 12:08:50.241" endtime="20210621 12:08:50.315"/>
</kw>
<kw name="Sleep" library="BuiltIn">
<arg>15s</arg>
<doc>Pauses the test executed for the given time.</doc>
<msg timestamp="20210621 12:09:05.326" level="INFO">Slept 15 seconds</msg>
<status status="PASS" starttime="20210621 12:08:50.316" endtime="20210621 12:09:05.326"/>
</kw>
<status status="PASS" starttime="20210621 12:08:50.000" endtime="20210621 12:09:05.327"/>
</kw>
<kw name="Logout from DUT" library="CommonFunction">
<kw name="Unselect Frame" library="SeleniumLibrary">
<doc>Sets the main frame as the current frame.</doc>
<status status="PASS" starttime="20210621 12:09:05.327" endtime="20210621 12:09:05.333"/>
</kw>
<kw name="Click Element" library="SeleniumLibrary">
<arg>${Logout_button}</arg>
<doc>Click the element identified by ``locator``.</doc>
<msg timestamp="20210621 12:09:05.334" level="INFO">Clicking element 'btn_logout'.</msg>
<status status="PASS" starttime="20210621 12:09:05.333" endtime="20210621 12:09:05.728"/>
</kw>
<kw name="Sleep" library="BuiltIn">
<arg>2s</arg>
<doc>Pauses the test executed for the given time.</doc>
<msg timestamp="20210621 12:09:07.736" level="INFO">Slept 2 seconds</msg>
<status status="PASS" starttime="20210621 12:09:05.728" endtime="20210621 12:09:07.736"/>
</kw>
<kw name="Close All Browsers" library="SeleniumLibrary">
<doc>Closes all open browsers and resets the browser cache.</doc>
<status status="PASS" starttime="20210621 12:09:07.736" endtime="20210621 12:09:08.965"/>
</kw>
<status status="PASS" starttime="20210621 12:09:05.327" endtime="20210621 12:09:08.966"/>
</kw>
<kw name="Telnet to DUT Console" library="Telnet">
<kw name="Open Connection" library="Telnet">
<arg>192.168.2.254</arg>
<arg>prompt_is_regexp=yes</arg>
<arg>prompt=#</arg>
<doc>Opens a new Telnet connection to the given host and port.</doc>
<msg timestamp="20210621 12:09:08.966" level="INFO">Opening connection to 192.168.2.254:23 with prompt: # (regexp)</msg>
<status status="PASS" starttime="20210621 12:09:08.966" endtime="20210621 12:09:08.967"/>
</kw>
<kw name="Login" library="Telnet">
<arg>ls</arg>
<arg>date</arg>
<arg>login_prompt=#</arg>
<arg>password_prompt=#</arg>
<doc>Logs in to the Telnet server with the given user information.</doc>
<msg timestamp="20210621 12:09:09.109" level="INFO">BusyBox v1.26.2 (2020-06-23 18:38:50 CST) built-in shell (ash)
Enter 'help' for a list of built-in commands.

# ls
[1;34mbin[0m      [1;34mdev[0m      [1;36mmnt[0m      [1;34mproc[0m     [1;34msys[0m      [1;36mvar[0m
[1;34mbootfs[0m   [1;36metc[0m      [1;36mopt[0m      [1;34mramdisk[0m  [1;34mtmp[0m      [1;34mwww[0m
[1;34mdata[0m     [1;34mlib[0m      [1;34mowl[0m      [1;34msbin[0m     [1;34musr[0m
# date
Thu Jan  1 02:30:16 UTC 1970
#</msg>
<status status="PASS" starttime="20210621 12:09:08.967" endtime="20210621 12:09:09.109"/>
</kw>
<status status="PASS" starttime="20210621 12:09:08.966" endtime="20210621 12:09:09.110"/>
</kw>
<kw name="Get the 2.4Ghz channel id from console" library="Telnet">
<var>${2.4Ghz_ChannelID_Console}</var>
<kw name="Execute Command" library="Telnet">
<var>${out}</var>
<arg>cat /etc/config/.glbcfg |grep 24G_Channel=</arg>
<doc>Executes the given ``command`` and reads, logs, and returns everything until the prompt.</doc>
<msg timestamp="20210621 12:09:09.112" level="INFO">cat /etc/config/.glbcfg |grep 24G_Channel=</msg>
<msg timestamp="20210621 12:09:09.215" level="INFO">ARC_WLAN_24G_Channel=3
#</msg>
<msg timestamp="20210621 12:09:09.215" level="INFO">${out} = ARC_WLAN_24G_Channel=3
#</msg>
<status status="PASS" starttime="20210621 12:09:09.110" endtime="20210621 12:09:09.215"/>
</kw>
<kw name="Log" library="BuiltIn">
<arg>${out}</arg>
<doc>Logs the given message with the given level.</doc>
<msg timestamp="20210621 12:09:09.216" level="INFO">ARC_WLAN_24G_Channel=3
#</msg>
<status status="PASS" starttime="20210621 12:09:09.215" endtime="20210621 12:09:09.216"/>
</kw>
<kw name="Get Regexp Matches" library="String">
<var>${result}</var>
<arg>${out}</arg>
<arg>=(\\d+)</arg>
<arg>1</arg>
<doc>Returns a list of all non-overlapping matches in the given string.</doc>
<msg timestamp="20210621 12:09:09.216" level="INFO">${result} = ['3']</msg>
<status status="PASS" starttime="20210621 12:09:09.216" endtime="20210621 12:09:09.216"/>
</kw>
<kw name="Log" library="BuiltIn">
<arg>2.4Ghz Channel ID from console is ${result[0]}</arg>
<doc>Logs the given message with the given level.</doc>
<msg timestamp="20210621 12:09:09.217" level="INFO">2.4Ghz Channel ID from console is 3</msg>
<status status="PASS" starttime="20210621 12:09:09.216" endtime="20210621 12:09:09.217"/>
</kw>
<msg timestamp="20210621 12:09:09.219" level="INFO">${2.4Ghz_ChannelID_Console} = 3</msg>
<status status="PASS" starttime="20210621 12:09:09.110" endtime="20210621 12:09:09.219"/>
</kw>
<kw name="Log" library="BuiltIn">
<arg>Channel ID from Console is ${2.4Ghz_ChannelID_Console}</arg>
<doc>Logs the given message with the given level.</doc>
<msg timestamp="20210621 12:09:09.219" level="INFO">Channel ID from Console is 3</msg>
<status status="PASS" starttime="20210621 12:09:09.219" endtime="20210621 12:09:09.219"/>
</kw>
<kw name="Close All Connections" library="Telnet">
<doc>Closes all open connections and empties the connection cache.</doc>
<status status="PASS" starttime="20210621 12:09:09.219" endtime="20210621 12:09:09.220"/>
</kw>
<kw name="Should Be Equal" library="BuiltIn">
<arg>${2.4Ghz_ChannelID_Console}</arg>
<arg>${24GHz_Channel}</arg>
<doc>Fails if the given objects are unequal.</doc>
<status status="PASS" starttime="20210621 12:09:09.220" endtime="20210621 12:09:09.220"/>
</kw>
<kw name="Sleep" library="BuiltIn">
<arg>90s</arg>
<doc>Pauses the test executed for the given time.</doc>
<msg timestamp="20210621 12:10:39.229" level="INFO">Slept 1 minute 30 seconds</msg>
<status status="PASS" starttime="20210621 12:09:09.220" endtime="20210621 12:10:39.231"/>
</kw>
<for flavor="IN">
<var>${VAR}</var>
<value>@{Loop}</value>
<iter>
<var name="${VAR}">1</var>
<kw name="Fetch the Channel IDs from Windows Analyser" library="CommonWindowsFunction">
<var>${2.4Ghz_ChannelID_Analyser}</var>
<kw name="Run Process" library="Process">
<arg>C:\\Windows\\System32\\WindowsPowerShell\\v1.0\\powershell.exe</arg>
<arg>${cmd}</arg>
<arg>shell=True</arg>
<doc>Runs a process and waits for it to complete.</doc>
<msg timestamp="20210621 12:10:39.233" level="INFO">Starting process:
C:\Windows\System32\WindowsPowerShell\v1.0\powershell.exe "netsh wlan show network mode=bssid | Select-String -Pattern \"jacques\" -Context 1,16"</msg>
<msg timestamp="20210621 12:10:39.238" level="INFO">Waiting for process to complete.</msg>
<msg timestamp="20210621 12:10:40.169" level="INFO">Process completed.</msg>
<status status="PASS" starttime="20210621 12:10:39.233" endtime="20210621 12:10:40.170"/>
</kw>
<kw name="Run Process" library="Process">
<var>${result}</var>
<arg>C:\\Windows\\System32\\WindowsPowerShell\\v1.0\\powershell.exe</arg>
<arg>${cmd}</arg>
<arg>shell=True</arg>
<doc>Runs a process and waits for it to complete.</doc>
<msg timestamp="20210621 12:10:40.172" level="INFO">Starting process:
C:\Windows\System32\WindowsPowerShell\v1.0\powershell.exe "netsh wlan show network mode=bssid | Select-String -Pattern \"jacques\" -Context 1,16"</msg>
<msg timestamp="20210621 12:10:40.180" level="INFO">Waiting for process to complete.</msg>
<msg timestamp="20210621 12:10:40.830" level="INFO">Process completed.</msg>
<msg timestamp="20210621 12:10:40.830" level="INFO">${result} = &lt;result object with rc 0&gt;</msg>
<status status="PASS" starttime="20210621 12:10:40.170" endtime="20210621 12:10:40.830"/>
</kw>
<kw name="Log" library="BuiltIn">
<arg>${result.stdout}</arg>
<doc>Logs the given message with the given level.</doc>
<msg timestamp="20210621 12:10:40.831" level="INFO">
  
&gt; SSID 10 : jacques
      Network type            : Infrastructure
      Authentication          : WPA2-Personal
      Encryption              : CCMP 
      BSSID 1                 : 94:6a:b0:0d:03:65
           Signal             : 99%  
           Radio type         : 802.11n
           Channel            : 3 
           Basic rates (Mbps) : 6.5 16 19.5 117
           Other rates (Mbps) : 18 19.5 24 36 39 48 54 156
      BSSID 2                 : 94:6a:b0:0d:03:66
           Signal             : 99%  
           Radio type         : 802.11ac
           Channel            : 40 
           Basic rates (Mbps) : 12 24 58.5
           Other rates (Mbps) : 18 36 48 54 526.5
  

</msg>
<status status="PASS" starttime="20210621 12:10:40.830" endtime="20210621 12:10:40.832"/>
</kw>
<kw name="Get Regexp Matches" library="String">
<var>${Analyser_ChannelID_5Ghz}</var>
<arg>${result.stdout}</arg>
<arg>Channel.*: (\\d+)</arg>
<arg>1</arg>
<doc>Returns a list of all non-overlapping matches in the given string.</doc>
<msg timestamp="20210621 12:10:40.833" level="INFO">${Analyser_ChannelID_5Ghz} = ['3', '40']</msg>
<status status="PASS" starttime="20210621 12:10:40.832" endtime="20210621 12:10:40.833"/>
</kw>
<kw name="Log" library="BuiltIn">
<arg>Analyser Channel IDs are ${Analyser_ChannelID_5Ghz[0]} and ${Analyser_ChannelID_5Ghz[1]}</arg>
<doc>Logs the given message with the given level.</doc>
<msg timestamp="20210621 12:10:40.836" level="INFO">Analyser Channel IDs are 3 and 40</msg>
<status status="PASS" starttime="20210621 12:10:40.833" endtime="20210621 12:10:40.836"/>
</kw>
<msg timestamp="20210621 12:10:40.840" level="INFO">${2.4Ghz_ChannelID_Analyser} = ['3', '40']</msg>
<status status="PASS" starttime="20210621 12:10:39.232" endtime="20210621 12:10:40.840"/>
</kw>
<kw name="Get Length" library="BuiltIn">
<var>${2.4Ghz_ChannelID_Analyser_Length}</var>
<arg>${2.4Ghz_ChannelID_Analyser}</arg>
<doc>Returns and logs the length of the given item as an integer.</doc>
<msg timestamp="20210621 12:10:40.841" level="INFO">Length is 2</msg>
<msg timestamp="20210621 12:10:40.842" level="INFO">${2.4Ghz_ChannelID_Analyser_Length} = 2</msg>
<status status="PASS" starttime="20210621 12:10:40.840" endtime="20210621 12:10:40.842"/>
</kw>
<kw name="Log" library="BuiltIn">
<arg>ChannelIDs are ${2.4Ghz_ChannelID_Analyser} and Length of ChannelIDs is ${2.4Ghz_ChannelID_Analyser_Length}</arg>
<doc>Logs the given message with the given level.</doc>
<msg timestamp="20210621 12:10:40.842" level="INFO">ChannelIDs are ['3', '40'] and Length of ChannelIDs is 2</msg>
<status status="PASS" starttime="20210621 12:10:40.842" endtime="20210621 12:10:40.842"/>
</kw>
<kw name="Exit For Loop If" library="BuiltIn">
<arg>${2.4Ghz_ChannelID_Analyser_Length} &gt;= 2</arg>
<doc>Stops executing the enclosing for loop if the ``condition`` is true.</doc>
<msg timestamp="20210621 12:10:40.843" level="INFO">Exiting for loop altogether.</msg>
<status status="PASS" starttime="20210621 12:10:40.842" endtime="20210621 12:10:40.843"/>
</kw>
<status status="PASS" starttime="20210621 12:10:39.232" endtime="20210621 12:10:40.843"/>
</iter>
<status status="PASS" starttime="20210621 12:10:39.231" endtime="20210621 12:10:40.843"/>
</for>
<kw name="List Should Contain Value" library="Collections">
<arg>${2.4Ghz_ChannelID_Analyser}</arg>
<arg>${2.4Ghz_ChannelID_Console}</arg>
<doc>Fails if the ``value`` is not found from ``list``.</doc>
<status status="PASS" starttime="20210621 12:10:40.843" endtime="20210621 12:10:40.844"/>
</kw>
<status status="PASS" starttime="20210621 12:08:44.008" endtime="20210621 12:10:40.844"/>
</kw>
<status status="PASS" starttime="20210621 12:08:22.033" endtime="20210621 12:10:40.844"/>
</test>
<test id="s1-t4" name="Verify setting 2.4Ghz ChannelID 4 with Bandwith 20 MHz">
<kw name="Login to DUT" library="CommonFunction" type="SETUP">
<kw name="Open Browser" library="SeleniumLibrary">
<arg>${HOME_PAGE}</arg>
<arg>${BROWSER}</arg>
<doc>Opens a new browser instance to the optional ``url``.</doc>
<msg timestamp="20210621 12:10:40.848" level="INFO">Opening browser 'firefox' to base url 'https://mijnmodem.kpn/login.htm'.</msg>
<msg timestamp="20210621 12:10:40.894" level="INFO">Firefox driver log is always forced to to: D:\Personal\Automation\KPN\WiFi\result\geckodriver-264.log</msg>
<status status="PASS" starttime="20210621 12:10:40.847" endtime="20210621 12:10:51.765"/>
</kw>
<kw name="Maximize Browser Window" library="SeleniumLibrary">
<doc>Maximizes current browser window.</doc>
<status status="PASS" starttime="20210621 12:10:51.766" endtime="20210621 12:10:51.804"/>
</kw>
<kw name="Sleep" library="BuiltIn">
<arg>2s</arg>
<doc>Pauses the test executed for the given time.</doc>
<msg timestamp="20210621 12:10:53.816" level="INFO">Slept 2 seconds</msg>
<status status="PASS" starttime="20210621 12:10:51.805" endtime="20210621 12:10:53.816"/>
</kw>
<kw name="Press Keys" library="SeleniumLibrary">
<arg>${Password}</arg>
<arg>${Password_value}</arg>
<doc>Simulates the user pressing key(s) to an element or on the active browser.</doc>
<msg timestamp="20210621 12:10:53.817" level="INFO">Sending key(s) ('Qwerty1!',) to //input[@name='ui_pws'] element.</msg>
<msg timestamp="20210621 12:10:54.133" level="INFO">Sending keys Qwerty1!</msg>
<status status="PASS" starttime="20210621 12:10:53.816" endtime="20210621 12:10:54.170"/>
</kw>
<kw name="Sleep" library="BuiltIn">
<arg>2s</arg>
<doc>Pauses the test executed for the given time.</doc>
<msg timestamp="20210621 12:10:56.175" level="INFO">Slept 2 seconds</msg>
<status status="PASS" starttime="20210621 12:10:54.171" endtime="20210621 12:10:56.176"/>
</kw>
<kw name="Click Element" library="SeleniumLibrary">
<arg>${Login_button}</arg>
<doc>Click the element identified by ``locator``.</doc>
<msg timestamp="20210621 12:10:56.178" level="INFO">Clicking element '//tbody/tr[5]/td[1]'.</msg>
<status status="PASS" starttime="20210621 12:10:56.177" endtime="20210621 12:10:58.382"/>
</kw>
<kw name="Sleep" library="BuiltIn">
<arg>5s</arg>
<doc>Pauses the test executed for the given time.</doc>
<msg timestamp="20210621 12:11:03.393" level="INFO">Slept 5 seconds</msg>
<status status="PASS" starttime="20210621 12:10:58.382" endtime="20210621 12:11:03.393"/>
</kw>
<kw name="Wait Until Page Contains" library="SeleniumLibrary">
<arg>${Topology Overview}</arg>
<arg>15s</arg>
<doc>Waits until ``text`` appears on the current page.</doc>
<status status="PASS" starttime="20210621 12:11:03.393" endtime="20210621 12:11:03.403"/>
</kw>
<status status="PASS" starttime="20210621 12:10:40.847" endtime="20210621 12:11:03.404"/>
</kw>
<kw name="Verify 2.4Ghz ChannelID scenarios">
<arg>4</arg>
<arg>5</arg>
<arg>1</arg>
<tag>2.4GhzChannelIDSet</tag>
<tag>Funtional</tag>
<tag>WiFi</tag>
<doc>This Test case is to verify setting different channel and Bandwith</doc>
<kw name="Go to WLAN Page" library="WLANPage">
<kw name="Click Element" library="SeleniumLibrary">
<arg>${WLAN_Tab}</arg>
<doc>Click the element identified by ``locator``.</doc>
<msg timestamp="20210621 12:11:03.406" level="INFO">Clicking element '//a[normalize-space()='WLAN']'.</msg>
<status status="PASS" starttime="20210621 12:11:03.405" endtime="20210621 12:11:03.446"/>
</kw>
<kw name="Sleep" library="BuiltIn">
<arg>5s</arg>
<doc>Pauses the test executed for the given time.</doc>
<msg timestamp="20210621 12:11:08.447" level="INFO">Slept 5 seconds</msg>
<status status="PASS" starttime="20210621 12:11:03.446" endtime="20210621 12:11:08.447"/>
</kw>
<kw name="Wait Until Page Contains" library="SeleniumLibrary">
<arg>Access Points</arg>
<doc>Waits until ``text`` appears on the current page.</doc>
<status status="PASS" starttime="20210621 12:11:08.448" endtime="20210621 12:11:08.454"/>
</kw>
<kw name="Select Frame" library="SeleniumLibrary">
<arg>id:frm_main2</arg>
<doc>Sets frame identified by ``locator`` as the current frame.</doc>
<msg timestamp="20210621 12:11:08.454" level="INFO">Selecting frame 'id:frm_main2'.</msg>
<status status="PASS" starttime="20210621 12:11:08.454" endtime="20210621 12:11:08.462"/>
</kw>
<kw name="Current Frame Should Contain" library="SeleniumLibrary">
<arg>${wlan_page}</arg>
<doc>Verifies that the current frame contains ``text``.</doc>
<msg timestamp="20210621 12:11:08.468" level="INFO">Current frame contains text 'Restore WiFi Defaults'.</msg>
<status status="PASS" starttime="20210621 12:11:08.462" endtime="20210621 12:11:08.469"/>
</kw>
<status status="PASS" starttime="20210621 12:11:03.405" endtime="20210621 12:11:08.469"/>
</kw>
<kw name="Set 2.4Ghz Channel ID with value" library="WLANPage">
<arg>${ChannelID_index}</arg>
<kw name="Click Element" library="SeleniumLibrary">
<arg>${2.4Ghz_ChannelID_dropdown}</arg>
<doc>Click the element identified by ``locator``.</doc>
<msg timestamp="20210621 12:11:08.470" level="INFO">Clicking element '//tbody/tr[@id='tr_wchan_both']/td[@class='tdText']/div[1]'.</msg>
<status status="PASS" starttime="20210621 12:11:08.470" endtime="20210621 12:11:08.692"/>
</kw>
<kw name="Click Element" library="SeleniumLibrary">
<arg>//*[@id="tr_wchan_both"]/td[2]/div[1]/ul/li[${item label}]/a</arg>
<doc>Click the element identified by ``locator``.</doc>
<msg timestamp="20210621 12:11:08.692" level="INFO">Clicking element '//*[@id="tr_wchan_both"]/td[2]/div[1]/ul/li[5]/a'.</msg>
<status status="PASS" starttime="20210621 12:11:08.692" endtime="20210621 12:11:08.917"/>
</kw>
<status status="PASS" starttime="20210621 12:11:08.469" endtime="20210621 12:11:08.917"/>
</kw>
<kw name="Set 2.4Ghz Bandwith with value" library="WLANPage">
<arg>${24GHz_Bandwidth}</arg>
<kw name="Click Element" library="SeleniumLibrary">
<arg>${2.4Ghz_Bandwidth_dropdown}</arg>
<doc>Click the element identified by ``locator``.</doc>
<msg timestamp="20210621 12:11:08.919" level="INFO">Clicking element '//tbody/tr[@id='tr_bandwidth_both']/td[@class='tdText']/div[1]'.</msg>
<status status="PASS" starttime="20210621 12:11:08.919" endtime="20210621 12:11:09.146"/>
</kw>
<kw name="Click Element" library="SeleniumLibrary">
<arg>//*[@id="tr_bandwidth_both"]/td[2]/div[1]/ul/li[${item label}]/a</arg>
<doc>Click the element identified by ``locator``.</doc>
<msg timestamp="20210621 12:11:09.147" level="INFO">Clicking element '//*[@id="tr_bandwidth_both"]/td[2]/div[1]/ul/li[1]/a'.</msg>
<status status="PASS" starttime="20210621 12:11:09.146" endtime="20210621 12:11:09.376"/>
</kw>
<status status="PASS" starttime="20210621 12:11:08.918" endtime="20210621 12:11:09.376"/>
</kw>
<kw name="Save the WiFi setting" library="WLANPage">
<kw name="Click Element" library="SeleniumLibrary">
<arg>${WLAN_save_setting}</arg>
<doc>Click the element identified by ``locator``.</doc>
<msg timestamp="20210621 12:11:09.377" level="INFO">Clicking element '//*[@id="save"]/span[2]'.</msg>
<status status="PASS" starttime="20210621 12:11:09.377" endtime="20210621 12:11:09.646"/>
</kw>
<kw name="Capture Page Screenshot" library="SeleniumLibrary">
<arg>${TEST_NAME}.png</arg>
<doc>Takes a screenshot of the current page and embeds it into a log file.</doc>
<msg timestamp="20210621 12:11:09.732" level="INFO" html="true">&lt;/td&gt;&lt;/tr&gt;&lt;tr&gt;&lt;td colspan="3"&gt;&lt;a href="Verify%20setting%202.4Ghz%20ChannelID%204%20with%20Bandwith%2020%20MHz.png"&gt;&lt;img src="Verify%20setting%202.4Ghz%20ChannelID%204%20with%20Bandwith%2020%20MHz.png" width="800px"&gt;&lt;/a&gt;</msg>
<status status="PASS" starttime="20210621 12:11:09.646" endtime="20210621 12:11:09.732"/>
</kw>
<kw name="Sleep" library="BuiltIn">
<arg>15s</arg>
<doc>Pauses the test executed for the given time.</doc>
<msg timestamp="20210621 12:11:24.739" level="INFO">Slept 15 seconds</msg>
<status status="PASS" starttime="20210621 12:11:09.732" endtime="20210621 12:11:24.739"/>
</kw>
<status status="PASS" starttime="20210621 12:11:09.376" endtime="20210621 12:11:24.740"/>
</kw>
<kw name="Logout from DUT" library="CommonFunction">
<kw name="Unselect Frame" library="SeleniumLibrary">
<doc>Sets the main frame as the current frame.</doc>
<status status="PASS" starttime="20210621 12:11:24.741" endtime="20210621 12:11:24.747"/>
</kw>
<kw name="Click Element" library="SeleniumLibrary">
<arg>${Logout_button}</arg>
<doc>Click the element identified by ``locator``.</doc>
<msg timestamp="20210621 12:11:24.748" level="INFO">Clicking element 'btn_logout'.</msg>
<status status="PASS" starttime="20210621 12:11:24.748" endtime="20210621 12:11:25.025"/>
</kw>
<kw name="Sleep" library="BuiltIn">
<arg>2s</arg>
<doc>Pauses the test executed for the given time.</doc>
<msg timestamp="20210621 12:11:27.027" level="INFO">Slept 2 seconds</msg>
<status status="PASS" starttime="20210621 12:11:25.025" endtime="20210621 12:11:27.027"/>
</kw>
<kw name="Close All Browsers" library="SeleniumLibrary">
<doc>Closes all open browsers and resets the browser cache.</doc>
<status status="PASS" starttime="20210621 12:11:27.027" endtime="20210621 12:11:29.210"/>
</kw>
<status status="PASS" starttime="20210621 12:11:24.740" endtime="20210621 12:11:29.212"/>
</kw>
<kw name="Telnet to DUT Console" library="Telnet">
<kw name="Open Connection" library="Telnet">
<arg>192.168.2.254</arg>
<arg>prompt_is_regexp=yes</arg>
<arg>prompt=#</arg>
<doc>Opens a new Telnet connection to the given host and port.</doc>
<msg timestamp="20210621 12:11:29.216" level="INFO">Opening connection to 192.168.2.254:23 with prompt: # (regexp)</msg>
<status status="PASS" starttime="20210621 12:11:29.215" endtime="20210621 12:11:29.237"/>
</kw>
<kw name="Login" library="Telnet">
<arg>ls</arg>
<arg>date</arg>
<arg>login_prompt=#</arg>
<arg>password_prompt=#</arg>
<doc>Logs in to the Telnet server with the given user information.</doc>
<msg timestamp="20210621 12:11:29.427" level="INFO">BusyBox v1.26.2 (2020-06-23 18:38:50 CST) built-in shell (ash)
Enter 'help' for a list of built-in commands.

# ls
[1;34mbin[0m      [1;34mdev[0m      [1;36mmnt[0m      [1;34mproc[0m     [1;34msys[0m      [1;36mvar[0m
[1;34mbootfs[0m   [1;36metc[0m      [1;36mopt[0m      [1;34mramdisk[0m  [1;34mtmp[0m      [1;34mwww[0m
[1;34mdata[0m     [1;34mlib[0m      [1;34mowl[0m      [1;34msbin[0m     [1;34musr[0m
# date
Thu Jan  1 02:32:36 UTC 1970
#</msg>
<status status="PASS" starttime="20210621 12:11:29.237" endtime="20210621 12:11:29.427"/>
</kw>
<status status="PASS" starttime="20210621 12:11:29.213" endtime="20210621 12:11:29.428"/>
</kw>
<kw name="Get the 2.4Ghz channel id from console" library="Telnet">
<var>${2.4Ghz_ChannelID_Console}</var>
<kw name="Execute Command" library="Telnet">
<var>${out}</var>
<arg>cat /etc/config/.glbcfg |grep 24G_Channel=</arg>
<doc>Executes the given ``command`` and reads, logs, and returns everything until the prompt.</doc>
<msg timestamp="20210621 12:11:29.433" level="INFO">cat /etc/config/.glbcfg |grep 24G_Channel=</msg>
<msg timestamp="20210621 12:11:29.485" level="INFO">ARC_WLAN_24G_Channel=4
#</msg>
<msg timestamp="20210621 12:11:29.486" level="INFO">${out} = ARC_WLAN_24G_Channel=4
#</msg>
<status status="PASS" starttime="20210621 12:11:29.429" endtime="20210621 12:11:29.486"/>
</kw>
<kw name="Log" library="BuiltIn">
<arg>${out}</arg>
<doc>Logs the given message with the given level.</doc>
<msg timestamp="20210621 12:11:29.487" level="INFO">ARC_WLAN_24G_Channel=4
#</msg>
<status status="PASS" starttime="20210621 12:11:29.486" endtime="20210621 12:11:29.487"/>
</kw>
<kw name="Get Regexp Matches" library="String">
<var>${result}</var>
<arg>${out}</arg>
<arg>=(\\d+)</arg>
<arg>1</arg>
<doc>Returns a list of all non-overlapping matches in the given string.</doc>
<msg timestamp="20210621 12:11:29.488" level="INFO">${result} = ['4']</msg>
<status status="PASS" starttime="20210621 12:11:29.487" endtime="20210621 12:11:29.488"/>
</kw>
<kw name="Log" library="BuiltIn">
<arg>2.4Ghz Channel ID from console is ${result[0]}</arg>
<doc>Logs the given message with the given level.</doc>
<msg timestamp="20210621 12:11:29.490" level="INFO">2.4Ghz Channel ID from console is 4</msg>
<status status="PASS" starttime="20210621 12:11:29.488" endtime="20210621 12:11:29.491"/>
</kw>
<msg timestamp="20210621 12:11:29.494" level="INFO">${2.4Ghz_ChannelID_Console} = 4</msg>
<status status="PASS" starttime="20210621 12:11:29.428" endtime="20210621 12:11:29.495"/>
</kw>
<kw name="Log" library="BuiltIn">
<arg>Channel ID from Console is ${2.4Ghz_ChannelID_Console}</arg>
<doc>Logs the given message with the given level.</doc>
<msg timestamp="20210621 12:11:29.496" level="INFO">Channel ID from Console is 4</msg>
<status status="PASS" starttime="20210621 12:11:29.495" endtime="20210621 12:11:29.496"/>
</kw>
<kw name="Close All Connections" library="Telnet">
<doc>Closes all open connections and empties the connection cache.</doc>
<status status="PASS" starttime="20210621 12:11:29.496" endtime="20210621 12:11:29.497"/>
</kw>
<kw name="Should Be Equal" library="BuiltIn">
<arg>${2.4Ghz_ChannelID_Console}</arg>
<arg>${24GHz_Channel}</arg>
<doc>Fails if the given objects are unequal.</doc>
<status status="PASS" starttime="20210621 12:11:29.497" endtime="20210621 12:11:29.498"/>
</kw>
<kw name="Sleep" library="BuiltIn">
<arg>90s</arg>
<doc>Pauses the test executed for the given time.</doc>
<msg timestamp="20210621 12:12:59.508" level="INFO">Slept 1 minute 30 seconds</msg>
<status status="PASS" starttime="20210621 12:11:29.499" endtime="20210621 12:12:59.508"/>
</kw>
<for flavor="IN">
<var>${VAR}</var>
<value>@{Loop}</value>
<iter>
<var name="${VAR}">1</var>
<kw name="Fetch the Channel IDs from Windows Analyser" library="CommonWindowsFunction">
<var>${2.4Ghz_ChannelID_Analyser}</var>
<kw name="Run Process" library="Process">
<arg>C:\\Windows\\System32\\WindowsPowerShell\\v1.0\\powershell.exe</arg>
<arg>${cmd}</arg>
<arg>shell=True</arg>
<doc>Runs a process and waits for it to complete.</doc>
<msg timestamp="20210621 12:12:59.510" level="INFO">Starting process:
C:\Windows\System32\WindowsPowerShell\v1.0\powershell.exe "netsh wlan show network mode=bssid | Select-String -Pattern \"jacques\" -Context 1,16"</msg>
<msg timestamp="20210621 12:12:59.516" level="INFO">Waiting for process to complete.</msg>
<msg timestamp="20210621 12:13:00.243" level="INFO">Process completed.</msg>
<status status="PASS" starttime="20210621 12:12:59.510" endtime="20210621 12:13:00.244"/>
</kw>
<kw name="Run Process" library="Process">
<var>${result}</var>
<arg>C:\\Windows\\System32\\WindowsPowerShell\\v1.0\\powershell.exe</arg>
<arg>${cmd}</arg>
<arg>shell=True</arg>
<doc>Runs a process and waits for it to complete.</doc>
<msg timestamp="20210621 12:13:00.245" level="INFO">Starting process:
C:\Windows\System32\WindowsPowerShell\v1.0\powershell.exe "netsh wlan show network mode=bssid | Select-String -Pattern \"jacques\" -Context 1,16"</msg>
<msg timestamp="20210621 12:13:00.248" level="INFO">Waiting for process to complete.</msg>
<msg timestamp="20210621 12:13:00.847" level="INFO">Process completed.</msg>
<msg timestamp="20210621 12:13:00.848" level="INFO">${result} = &lt;result object with rc 0&gt;</msg>
<status status="PASS" starttime="20210621 12:13:00.244" endtime="20210621 12:13:00.848"/>
</kw>
<kw name="Log" library="BuiltIn">
<arg>${result.stdout}</arg>
<doc>Logs the given message with the given level.</doc>
<msg timestamp="20210621 12:13:00.850" level="INFO">
  
&gt; SSID 4 : jacques
      Network type            : Infrastructure
      Authentication          : WPA2-Personal
      Encryption              : CCMP 
      BSSID 1                 : 94:6a:b0:0d:03:65
           Signal             : 99%  
           Radio type         : 802.11n
           Channel            : 4 
           Basic rates (Mbps) : 6.5 16 19.5 117
           Other rates (Mbps) : 18 19.5 24 36 39 48 54 156
      BSSID 2                 : 94:6a:b0:0d:03:66
           Signal             : 99%  
           Radio type         : 802.11ac
           Channel            : 40 
           Basic rates (Mbps) : 12 24 58.5
           Other rates (Mbps) : 18 36 48 54 526.5
  

</msg>
<status status="PASS" starttime="20210621 12:13:00.848" endtime="20210621 12:13:00.851"/>
</kw>
<kw name="Get Regexp Matches" library="String">
<var>${Analyser_ChannelID_5Ghz}</var>
<arg>${result.stdout}</arg>
<arg>Channel.*: (\\d+)</arg>
<arg>1</arg>
<doc>Returns a list of all non-overlapping matches in the given string.</doc>
<msg timestamp="20210621 12:13:00.853" level="INFO">${Analyser_ChannelID_5Ghz} = ['4', '40']</msg>
<status status="PASS" starttime="20210621 12:13:00.851" endtime="20210621 12:13:00.853"/>
</kw>
<kw name="Log" library="BuiltIn">
<arg>Analyser Channel IDs are ${Analyser_ChannelID_5Ghz[0]} and ${Analyser_ChannelID_5Ghz[1]}</arg>
<doc>Logs the given message with the given level.</doc>
<msg timestamp="20210621 12:13:00.855" level="INFO">Analyser Channel IDs are 4 and 40</msg>
<status status="PASS" starttime="20210621 12:13:00.853" endtime="20210621 12:13:00.855"/>
</kw>
<msg timestamp="20210621 12:13:00.858" level="INFO">${2.4Ghz_ChannelID_Analyser} = ['4', '40']</msg>
<status status="PASS" starttime="20210621 12:12:59.509" endtime="20210621 12:13:00.858"/>
</kw>
<kw name="Get Length" library="BuiltIn">
<var>${2.4Ghz_ChannelID_Analyser_Length}</var>
<arg>${2.4Ghz_ChannelID_Analyser}</arg>
<doc>Returns and logs the length of the given item as an integer.</doc>
<msg timestamp="20210621 12:13:00.859" level="INFO">Length is 2</msg>
<msg timestamp="20210621 12:13:00.860" level="INFO">${2.4Ghz_ChannelID_Analyser_Length} = 2</msg>
<status status="PASS" starttime="20210621 12:13:00.859" endtime="20210621 12:13:00.860"/>
</kw>
<kw name="Log" library="BuiltIn">
<arg>ChannelIDs are ${2.4Ghz_ChannelID_Analyser} and Length of ChannelIDs is ${2.4Ghz_ChannelID_Analyser_Length}</arg>
<doc>Logs the given message with the given level.</doc>
<msg timestamp="20210621 12:13:00.860" level="INFO">ChannelIDs are ['4', '40'] and Length of ChannelIDs is 2</msg>
<status status="PASS" starttime="20210621 12:13:00.860" endtime="20210621 12:13:00.860"/>
</kw>
<kw name="Exit For Loop If" library="BuiltIn">
<arg>${2.4Ghz_ChannelID_Analyser_Length} &gt;= 2</arg>
<doc>Stops executing the enclosing for loop if the ``condition`` is true.</doc>
<msg timestamp="20210621 12:13:00.861" level="INFO">Exiting for loop altogether.</msg>
<status status="PASS" starttime="20210621 12:13:00.860" endtime="20210621 12:13:00.861"/>
</kw>
<status status="PASS" starttime="20210621 12:12:59.509" endtime="20210621 12:13:00.861"/>
</iter>
<status status="PASS" starttime="20210621 12:12:59.509" endtime="20210621 12:13:00.861"/>
</for>
<kw name="List Should Contain Value" library="Collections">
<arg>${2.4Ghz_ChannelID_Analyser}</arg>
<arg>${2.4Ghz_ChannelID_Console}</arg>
<doc>Fails if the ``value`` is not found from ``list``.</doc>
<status status="PASS" starttime="20210621 12:13:00.861" endtime="20210621 12:13:00.861"/>
</kw>
<status status="PASS" starttime="20210621 12:11:03.404" endtime="20210621 12:13:00.861"/>
</kw>
<status status="PASS" starttime="20210621 12:10:40.846" endtime="20210621 12:13:00.862"/>
</test>
<test id="s1-t5" name="Verify setting 2.4Ghz ChannelID 5 with Bandwith 20 MHz">
<kw name="Login to DUT" library="CommonFunction" type="SETUP">
<kw name="Open Browser" library="SeleniumLibrary">
<arg>${HOME_PAGE}</arg>
<arg>${BROWSER}</arg>
<doc>Opens a new browser instance to the optional ``url``.</doc>
<msg timestamp="20210621 12:13:00.865" level="INFO">Opening browser 'firefox' to base url 'https://mijnmodem.kpn/login.htm'.</msg>
<msg timestamp="20210621 12:13:00.902" level="INFO">Firefox driver log is always forced to to: D:\Personal\Automation\KPN\WiFi\result\geckodriver-265.log</msg>
<status status="PASS" starttime="20210621 12:13:00.865" endtime="20210621 12:13:11.034"/>
</kw>
<kw name="Maximize Browser Window" library="SeleniumLibrary">
<doc>Maximizes current browser window.</doc>
<status status="PASS" starttime="20210621 12:13:11.035" endtime="20210621 12:13:11.065"/>
</kw>
<kw name="Sleep" library="BuiltIn">
<arg>2s</arg>
<doc>Pauses the test executed for the given time.</doc>
<msg timestamp="20210621 12:13:13.065" level="INFO">Slept 2 seconds</msg>
<status status="PASS" starttime="20210621 12:13:11.065" endtime="20210621 12:13:13.065"/>
</kw>
<kw name="Press Keys" library="SeleniumLibrary">
<arg>${Password}</arg>
<arg>${Password_value}</arg>
<doc>Simulates the user pressing key(s) to an element or on the active browser.</doc>
<msg timestamp="20210621 12:13:13.067" level="INFO">Sending key(s) ('Qwerty1!',) to //input[@name='ui_pws'] element.</msg>
<msg timestamp="20210621 12:13:13.365" level="INFO">Sending keys Qwerty1!</msg>
<status status="PASS" starttime="20210621 12:13:13.066" endtime="20210621 12:13:13.386"/>
</kw>
<kw name="Sleep" library="BuiltIn">
<arg>2s</arg>
<doc>Pauses the test executed for the given time.</doc>
<msg timestamp="20210621 12:13:15.394" level="INFO">Slept 2 seconds</msg>
<status status="PASS" starttime="20210621 12:13:13.387" endtime="20210621 12:13:15.394"/>
</kw>
<kw name="Click Element" library="SeleniumLibrary">
<arg>${Login_button}</arg>
<doc>Click the element identified by ``locator``.</doc>
<msg timestamp="20210621 12:13:15.395" level="INFO">Clicking element '//tbody/tr[5]/td[1]'.</msg>
<status status="PASS" starttime="20210621 12:13:15.394" endtime="20210621 12:13:17.624"/>
</kw>
<kw name="Sleep" library="BuiltIn">
<arg>5s</arg>
<doc>Pauses the test executed for the given time.</doc>
<msg timestamp="20210621 12:13:22.636" level="INFO">Slept 5 seconds</msg>
<status status="PASS" starttime="20210621 12:13:17.624" endtime="20210621 12:13:22.636"/>
</kw>
<kw name="Wait Until Page Contains" library="SeleniumLibrary">
[...]
</kw>
<kw name="Click Element" library="SeleniumLibrary">
<arg>${Login_button}</arg>
<doc>Click the element identified by ``locator``.</doc>
<status status="NOT RUN" starttime="20210621 12:48:40.078" endtime="20210621 12:48:40.078"/>
</kw>
<kw name="Sleep" library="BuiltIn">
<arg>5s</arg>
<doc>Pauses the test executed for the given time.</doc>
<status status="NOT RUN" starttime="20210621 12:48:40.078" endtime="20210621 12:48:40.078"/>
</kw>
<kw name="Wait Until Page Contains" library="SeleniumLibrary">
<arg>${Topology Overview}</arg>
<arg>15s</arg>
<doc>Waits until ``text`` appears on the current page.</doc>
<status status="NOT RUN" starttime="20210621 12:48:40.079" endtime="20210621 12:48:40.079"/>
</kw>
<status status="FAIL" starttime="20210621 12:48:30.442" endtime="20210621 12:48:40.079"/>
</kw>
<status status="FAIL" starttime="20210621 12:48:30.440" endtime="20210621 12:48:40.080">Setup failed:
WebDriverException: Message: Reached error page: about:neterror?e=dnsNotFound&amp;u=https%3A//mijnmodem.kpn/login.htm&amp;c=UTF-8&amp;d=We%20can%E2%80%99t%20connect%20to%20the%20server%20at%20mijnmodem.kpn.
</status>
</test>
<test id="s1-t26" name="Verify setting 2.4Ghz ChannelID 13 with Bandwith 20/40 MHz">
<kw name="Login to DUT" library="CommonFunction" type="SETUP">
<kw name="Open Browser" library="SeleniumLibrary">
<arg>${HOME_PAGE}</arg>
<arg>${BROWSER}</arg>
<doc>Opens a new browser instance to the optional ``url``.</doc>
<msg timestamp="20210621 12:48:40.100" level="INFO">Opening browser 'firefox' to base url 'https://mijnmodem.kpn/login.htm'.</msg>
<msg timestamp="20210621 12:48:40.151" level="INFO">Firefox driver log is always forced to to: D:\Personal\Automation\KPN\WiFi\result\geckodriver-286.log</msg>
<status status="PASS" starttime="20210621 12:48:40.099" endtime="20210621 12:48:55.901"/>
</kw>
<kw name="Maximize Browser Window" library="SeleniumLibrary">
<doc>Maximizes current browser window.</doc>
<status status="PASS" starttime="20210621 12:48:55.902" endtime="20210621 12:48:55.930"/>
</kw>
<kw name="Sleep" library="BuiltIn">
<arg>2s</arg>
<doc>Pauses the test executed for the given time.</doc>
<msg timestamp="20210621 12:48:57.934" level="INFO">Slept 2 seconds</msg>
<status status="PASS" starttime="20210621 12:48:55.930" endtime="20210621 12:48:57.934"/>
</kw>
<kw name="Press Keys" library="SeleniumLibrary">
<arg>${Password}</arg>
<arg>${Password_value}</arg>
<doc>Simulates the user pressing key(s) to an element or on the active browser.</doc>
<msg timestamp="20210621 12:48:57.936" level="INFO">Sending key(s) ('Qwerty1!',) to //input[@name='ui_pws'] element.</msg>
<msg timestamp="20210621 12:48:58.269" level="INFO">Sending keys Qwerty1!</msg>
<status status="PASS" starttime="20210621 12:48:57.934" endtime="20210621 12:48:58.309"/>
</kw>
<kw name="Sleep" library="BuiltIn">
<arg>2s</arg>
<doc>Pauses the test executed for the given time.</doc>
<msg timestamp="20210621 12:49:00.315" level="INFO">Slept 2 seconds</msg>
<status status="PASS" starttime="20210621 12:48:58.309" endtime="20210621 12:49:00.315"/>
</kw>
<kw name="Click Element" library="SeleniumLibrary">
<arg>${Login_button}</arg>
<doc>Click the element identified by ``locator``.</doc>
<msg timestamp="20210621 12:49:00.315" level="INFO">Clicking element '//tbody/tr[5]/td[1]'.</msg>
<status status="PASS" starttime="20210621 12:49:00.315" endtime="20210621 12:49:02.152"/>
</kw>
<kw name="Sleep" library="BuiltIn">
<arg>5s</arg>
<doc>Pauses the test executed for the given time.</doc>
<msg timestamp="20210621 12:49:07.166" level="INFO">Slept 5 seconds</msg>
<status status="PASS" starttime="20210621 12:49:02.152" endtime="20210621 12:49:07.166"/>
</kw>
<kw name="Wait Until Page Contains" library="SeleniumLibrary">
<arg>${Topology Overview}</arg>
<arg>15s</arg>
<doc>Waits until ``text`` appears on the current page.</doc>
<status status="PASS" starttime="20210621 12:49:07.166" endtime="20210621 12:49:07.176"/>
</kw>
<status status="PASS" starttime="20210621 12:48:40.098" endtime="20210621 12:49:07.176"/>
</kw>
<kw name="Verify 2.4Ghz ChannelID scenarios">
<arg>13</arg>
<arg>14</arg>
<arg>2</arg>
<tag>2.4GhzChannelIDSet</tag>
<tag>Funtional</tag>
<tag>WiFi</tag>
<doc>This Test case is to verify setting different channel and Bandwith</doc>
<kw name="Go to WLAN Page" library="WLANPage">
<kw name="Click Element" library="SeleniumLibrary">
<arg>${WLAN_Tab}</arg>
<doc>Click the element identified by ``locator``.</doc>
<msg timestamp="20210621 12:49:07.179" level="INFO">Clicking element '//a[normalize-space()='WLAN']'.</msg>
<status status="PASS" starttime="20210621 12:49:07.179" endtime="20210621 12:49:07.222"/>
</kw>
<kw name="Sleep" library="BuiltIn">
<arg>5s</arg>
<doc>Pauses the test executed for the given time.</doc>
<msg timestamp="20210621 12:49:12.233" level="INFO">Slept 5 seconds</msg>
<status status="PASS" starttime="20210621 12:49:07.223" endtime="20210621 12:49:12.233"/>
</kw>
<kw name="Wait Until Page Contains" library="SeleniumLibrary">
<arg>Access Points</arg>
<doc>Waits until ``text`` appears on the current page.</doc>
<status status="PASS" starttime="20210621 12:49:12.233" endtime="20210621 12:49:12.243"/>
</kw>
<kw name="Select Frame" library="SeleniumLibrary">
<arg>id:frm_main2</arg>
<doc>Sets frame identified by ``locator`` as the current frame.</doc>
<msg timestamp="20210621 12:49:12.244" level="INFO">Selecting frame 'id:frm_main2'.</msg>
<status status="PASS" starttime="20210621 12:49:12.244" endtime="20210621 12:49:12.265"/>
</kw>
<kw name="Current Frame Should Contain" library="SeleniumLibrary">
<arg>${wlan_page}</arg>
<doc>Verifies that the current frame contains ``text``.</doc>
<msg timestamp="20210621 12:49:12.272" level="INFO">Current frame contains text 'Restore WiFi Defaults'.</msg>
<status status="PASS" starttime="20210621 12:49:12.265" endtime="20210621 12:49:12.273"/>
</kw>
<status status="PASS" starttime="20210621 12:49:07.178" endtime="20210621 12:49:12.273"/>
</kw>
<kw name="Set 2.4Ghz Channel ID with value" library="WLANPage">
<arg>${ChannelID_index}</arg>
<kw name="Click Element" library="SeleniumLibrary">
<arg>${2.4Ghz_ChannelID_dropdown}</arg>
<doc>Click the element identified by ``locator``.</doc>
<msg timestamp="20210621 12:49:12.274" level="INFO">Clicking element '//tbody/tr[@id='tr_wchan_both']/td[@class='tdText']/div[1]'.</msg>
<status status="PASS" starttime="20210621 12:49:12.274" endtime="20210621 12:49:12.508"/>
</kw>
<kw name="Click Element" library="SeleniumLibrary">
<arg>//*[@id="tr_wchan_both"]/td[2]/div[1]/ul/li[${item label}]/a</arg>
<doc>Click the element identified by ``locator``.</doc>
<msg timestamp="20210621 12:49:12.509" level="INFO">Clicking element '//*[@id="tr_wchan_both"]/td[2]/div[1]/ul/li[14]/a'.</msg>
<status status="PASS" starttime="20210621 12:49:12.508" endtime="20210621 12:49:12.733"/>
</kw>
<status status="PASS" starttime="20210621 12:49:12.273" endtime="20210621 12:49:12.733"/>
</kw>
<kw name="Set 2.4Ghz Bandwith with value" library="WLANPage">
<arg>${24GHz_Bandwidth}</arg>
<kw name="Click Element" library="SeleniumLibrary">
<arg>${2.4Ghz_Bandwidth_dropdown}</arg>
<doc>Click the element identified by ``locator``.</doc>
<msg timestamp="20210621 12:49:12.734" level="INFO">Clicking element '//tbody/tr[@id='tr_bandwidth_both']/td[@class='tdText']/div[1]'.</msg>
<status status="PASS" starttime="20210621 12:49:12.734" endtime="20210621 12:49:12.960"/>
</kw>
<kw name="Click Element" library="SeleniumLibrary">
<arg>//*[@id="tr_bandwidth_both"]/td[2]/div[1]/ul/li[${item label}]/a</arg>
<doc>Click the element identified by ``locator``.</doc>
<msg timestamp="20210621 12:49:12.961" level="INFO">Clicking element '//*[@id="tr_bandwidth_both"]/td[2]/div[1]/ul/li[2]/a'.</msg>
<status status="PASS" starttime="20210621 12:49:12.960" endtime="20210621 12:49:13.189"/>
</kw>
<status status="PASS" starttime="20210621 12:49:12.733" endtime="20210621 12:49:13.189"/>
</kw>
<kw name="Save the WiFi setting" library="WLANPage">
<kw name="Click Element" library="SeleniumLibrary">
<arg>${WLAN_save_setting}</arg>
<doc>Click the element identified by ``locator``.</doc>
<msg timestamp="20210621 12:49:13.190" level="INFO">Clicking element '//*[@id="save"]/span[2]'.</msg>
<status status="PASS" starttime="20210621 12:49:13.190" endtime="20210621 12:49:13.445"/>
</kw>
<kw name="Capture Page Screenshot" library="SeleniumLibrary">
<arg>${TEST_NAME}.png</arg>
<doc>Takes a screenshot of the current page and embeds it into a log file.</doc>
<msg timestamp="20210621 12:49:13.529" level="INFO" html="true">&lt;/td&gt;&lt;/tr&gt;&lt;tr&gt;&lt;td colspan="3"&gt;&lt;a href="Verify%20setting%202.4Ghz%20ChannelID%2013%20with%20Bandwith%2020/40%20MHz.png"&gt;&lt;img src="Verify%20setting%202.4Ghz%20ChannelID%2013%20with%20Bandwith%2020/40%20MHz.png" width="800px"&gt;&lt;/a&gt;</msg>
<status status="PASS" starttime="20210621 12:49:13.445" endtime="20210621 12:49:13.529"/>
</kw>
<kw name="Sleep" library="BuiltIn">
<arg>15s</arg>
<doc>Pauses the test executed for the given time.</doc>
<msg timestamp="20210621 12:49:28.532" level="INFO">Slept 15 seconds</msg>
<status status="PASS" starttime="20210621 12:49:13.529" endtime="20210621 12:49:28.532"/>
</kw>
<status status="PASS" starttime="20210621 12:49:13.189" endtime="20210621 12:49:28.532"/>
</kw>
<kw name="Logout from DUT" library="CommonFunction">
<kw name="Unselect Frame" library="SeleniumLibrary">
<doc>Sets the main frame as the current frame.</doc>
<status status="PASS" starttime="20210621 12:49:28.533" endtime="20210621 12:49:28.536"/>
</kw>
<kw name="Click Element" library="SeleniumLibrary">
<arg>${Logout_button}</arg>
<doc>Click the element identified by ``locator``.</doc>
<msg timestamp="20210621 12:49:28.536" level="INFO">Clicking element 'btn_logout'.</msg>
<status status="PASS" starttime="20210621 12:49:28.536" endtime="20210621 12:49:28.971"/>
</kw>
<kw name="Sleep" library="BuiltIn">
<arg>2s</arg>
<doc>Pauses the test executed for the given time.</doc>
<msg timestamp="20210621 12:49:30.974" level="INFO">Slept 2 seconds</msg>
<status status="PASS" starttime="20210621 12:49:28.972" endtime="20210621 12:49:30.974"/>
</kw>
<kw name="Close All Browsers" library="SeleniumLibrary">
<doc>Closes all open browsers and resets the browser cache.</doc>
<status status="PASS" starttime="20210621 12:49:30.974" endtime="20210621 12:49:36.004"/>
</kw>
<status status="PASS" starttime="20210621 12:49:28.532" endtime="20210621 12:49:36.004"/>
</kw>
<kw name="Telnet to DUT Console" library="Telnet">
<kw name="Open Connection" library="Telnet">
<arg>192.168.2.254</arg>
<arg>prompt_is_regexp=yes</arg>
<arg>prompt=#</arg>
<doc>Opens a new Telnet connection to the given host and port.</doc>
<msg timestamp="20210621 12:49:36.005" level="INFO">Opening connection to 192.168.2.254:23 with prompt: # (regexp)</msg>
<status status="PASS" starttime="20210621 12:49:36.005" endtime="20210621 12:49:36.008"/>
</kw>
<kw name="Login" library="Telnet">
<arg>ls</arg>
<arg>date</arg>
<arg>login_prompt=#</arg>
<arg>password_prompt=#</arg>
<doc>Logs in to the Telnet server with the given user information.</doc>
<msg timestamp="20210621 12:49:36.155" level="INFO">BusyBox v1.26.2 (2020-06-23 18:38:50 CST) built-in shell (ash)
Enter 'help' for a list of built-in commands.

# ls
[1;34mbin[0m      [1;34mdev[0m      [1;36mmnt[0m      [1;34mproc[0m     [1;34msys[0m      [1;36mvar[0m
[1;34mbootfs[0m   [1;36metc[0m      [1;36mopt[0m      [1;34mramdisk[0m  [1;34mtmp[0m      [1;34mwww[0m
[1;34mdata[0m     [1;34mlib[0m      [1;34mowl[0m      [1;34msbin[0m     [1;34musr[0m
# date
Thu Jan  1 03:10:43 UTC 1970
#</msg>
<status status="PASS" starttime="20210621 12:49:36.008" endtime="20210621 12:49:36.156"/>
</kw>
<status status="PASS" starttime="20210621 12:49:36.004" endtime="20210621 12:49:36.156"/>
</kw>
<kw name="Get the 2.4Ghz channel id from console" library="Telnet">
<var>${2.4Ghz_ChannelID_Console}</var>
<kw name="Execute Command" library="Telnet">
<var>${out}</var>
<arg>cat /etc/config/.glbcfg |grep 24G_Channel=</arg>
<doc>Executes the given ``command`` and reads, logs, and returns everything until the prompt.</doc>
<msg timestamp="20210621 12:49:36.165" level="INFO">cat /etc/config/.glbcfg |grep 24G_Channel=</msg>
<msg timestamp="20210621 12:49:36.260" level="INFO">ARC_WLAN_24G_Channel=13
#</msg>
<msg timestamp="20210621 12:49:36.261" level="INFO">${out} = ARC_WLAN_24G_Channel=13
#</msg>
<status status="PASS" starttime="20210621 12:49:36.157" endtime="20210621 12:49:36.261"/>
</kw>
<kw name="Log" library="BuiltIn">
<arg>${out}</arg>
<doc>Logs the given message with the given level.</doc>
<msg timestamp="20210621 12:49:36.262" level="INFO">ARC_WLAN_24G_Channel=13
#</msg>
<status status="PASS" starttime="20210621 12:49:36.261" endtime="20210621 12:49:36.262"/>
</kw>
<kw name="Get Regexp Matches" library="String">
<var>${result}</var>
<arg>${out}</arg>
<arg>=(\\d+)</arg>
<arg>1</arg>
<doc>Returns a list of all non-overlapping matches in the given string.</doc>
<msg timestamp="20210621 12:49:36.263" level="INFO">${result} = ['13']</msg>
<status status="PASS" starttime="20210621 12:49:36.262" endtime="20210621 12:49:36.263"/>
</kw>
<kw name="Log" library="BuiltIn">
<arg>2.4Ghz Channel ID from console is ${result[0]}</arg>
<doc>Logs the given message with the given level.</doc>
<msg timestamp="20210621 12:49:36.266" level="INFO">2.4Ghz Channel ID from console is 13</msg>
<status status="PASS" starttime="20210621 12:49:36.264" endtime="20210621 12:49:36.266"/>
</kw>
<msg timestamp="20210621 12:49:36.267" level="INFO">${2.4Ghz_ChannelID_Console} = 13</msg>
<status status="PASS" starttime="20210621 12:49:36.156" endtime="20210621 12:49:36.267"/>
</kw>
<kw name="Log" library="BuiltIn">
<arg>Channel ID from Console is ${2.4Ghz_ChannelID_Console}</arg>
<doc>Logs the given message with the given level.</doc>
<msg timestamp="20210621 12:49:36.268" level="INFO">Channel ID from Console is 13</msg>
<status status="PASS" starttime="20210621 12:49:36.268" endtime="20210621 12:49:36.268"/>
</kw>
<kw name="Close All Connections" library="Telnet">
<doc>Closes all open connections and empties the connection cache.</doc>
<status status="PASS" starttime="20210621 12:49:36.268" endtime="20210621 12:49:36.268"/>
</kw>
<kw name="Should Be Equal" library="BuiltIn">
<arg>${2.4Ghz_ChannelID_Console}</arg>
<arg>${24GHz_Channel}</arg>
<doc>Fails if the given objects are unequal.</doc>
<status status="PASS" starttime="20210621 12:49:36.269" endtime="20210621 12:49:36.269"/>
</kw>
<kw name="Sleep" library="BuiltIn">
<arg>90s</arg>
<doc>Pauses the test executed for the given time.</doc>
<msg timestamp="20210621 12:51:06.271" level="INFO">Slept 1 minute 30 seconds</msg>
<status status="PASS" starttime="20210621 12:49:36.269" endtime="20210621 12:51:06.271"/>
</kw>
<for flavor="IN">
<var>${VAR}</var>
<value>@{Loop}</value>
<iter>
<var name="${VAR}">1</var>
<kw name="Fetch the Channel IDs from Windows Analyser" library="CommonWindowsFunction">
<var>${2.4Ghz_ChannelID_Analyser}</var>
<kw name="Run Process" library="Process">
<arg>C:\\Windows\\System32\\WindowsPowerShell\\v1.0\\powershell.exe</arg>
<arg>${cmd}</arg>
<arg>shell=True</arg>
<doc>Runs a process and waits for it to complete.</doc>
<msg timestamp="20210621 12:51:06.272" level="INFO">Starting process:
C:\Windows\System32\WindowsPowerShell\v1.0\powershell.exe "netsh wlan show network mode=bssid | Select-String -Pattern \"jacques\" -Context 1,16"</msg>
<msg timestamp="20210621 12:51:06.279" level="INFO">Waiting for process to complete.</msg>
<msg timestamp="20210621 12:51:07.031" level="INFO">Process completed.</msg>
<status status="PASS" starttime="20210621 12:51:06.272" endtime="20210621 12:51:07.031"/>
</kw>
<kw name="Run Process" library="Process">
<var>${result}</var>
<arg>C:\\Windows\\System32\\WindowsPowerShell\\v1.0\\powershell.exe</arg>
<arg>${cmd}</arg>
<arg>shell=True</arg>
<doc>Runs a process and waits for it to complete.</doc>
<msg timestamp="20210621 12:51:07.032" level="INFO">Starting process:
C:\Windows\System32\WindowsPowerShell\v1.0\powershell.exe "netsh wlan show network mode=bssid | Select-String -Pattern \"jacques\" -Context 1,16"</msg>
<msg timestamp="20210621 12:51:07.035" level="INFO">Waiting for process to complete.</msg>
<msg timestamp="20210621 12:51:07.514" level="INFO">Process completed.</msg>
<msg timestamp="20210621 12:51:07.514" level="INFO">${result} = &lt;result object with rc 1&gt;</msg>
<status status="PASS" starttime="20210621 12:51:07.031" endtime="20210621 12:51:07.514"/>
</kw>
<kw name="Log" library="BuiltIn">
<arg>${result.stdout}</arg>
<doc>Logs the given message with the given level.</doc>
<msg timestamp="20210621 12:51:07.516" level="INFO"/>
<status status="PASS" starttime="20210621 12:51:07.515" endtime="20210621 12:51:07.516"/>
</kw>
<kw name="Get Regexp Matches" library="String">
<var>${Analyser_ChannelID_5Ghz}</var>
<arg>${result.stdout}</arg>
<arg>Channel.*: (\\d+)</arg>
<arg>1</arg>
<doc>Returns a list of all non-overlapping matches in the given string.</doc>
<msg timestamp="20210621 12:51:07.517" level="INFO">${Analyser_ChannelID_5Ghz} = []</msg>
<status status="PASS" starttime="20210621 12:51:07.516" endtime="20210621 12:51:07.517"/>
</kw>
<kw name="Log" library="BuiltIn">
<arg>Analyser Channel IDs are ${Analyser_ChannelID_5Ghz[0]} and ${Analyser_ChannelID_5Ghz[1]}</arg>
<doc>Logs the given message with the given level.</doc>
<msg timestamp="20210621 12:51:07.518" level="FAIL">Resolving variable '${Analyser_ChannelID_5Ghz[0]}' failed: IndexError: list index out of range</msg>
<status status="FAIL" starttime="20210621 12:51:07.517" endtime="20210621 12:51:07.519"/>
</kw>
<status status="FAIL" starttime="20210621 12:51:06.272" endtime="20210621 12:51:07.519"/>
</kw>
<kw name="Get Length" library="BuiltIn">
<var>${2.4Ghz_ChannelID_Analyser_Length}</var>
<arg>${2.4Ghz_ChannelID_Analyser}</arg>
<doc>Returns and logs the length of the given item as an integer.</doc>
<status status="NOT RUN" starttime="20210621 12:51:07.519" endtime="20210621 12:51:07.519"/>
</kw>
<kw name="Log" library="BuiltIn">
<arg>ChannelIDs are ${2.4Ghz_ChannelID_Analyser} and Length of ChannelIDs is ${2.4Ghz_ChannelID_Analyser_Length}</arg>
<doc>Logs the given message with the given level.</doc>
<status status="NOT RUN" starttime="20210621 12:51:07.519" endtime="20210621 12:51:07.519"/>
</kw>
<kw name="Exit For Loop If" library="BuiltIn">
<arg>${2.4Ghz_ChannelID_Analyser_Length} &gt;= 2</arg>
<doc>Stops executing the enclosing for loop if the ``condition`` is true.</doc>
<status status="NOT RUN" starttime="20210621 12:51:07.519" endtime="20210621 12:51:07.519"/>
</kw>
<kw name="Sleep" library="BuiltIn">
<arg>30s</arg>
<doc>Pauses the test executed for the given time.</doc>
<status status="NOT RUN" starttime="20210621 12:51:07.520" endtime="20210621 12:51:07.520"/>
</kw>
<status status="FAIL" starttime="20210621 12:51:06.271" endtime="20210621 12:51:07.520"/>
</iter>
<status status="FAIL" starttime="20210621 12:51:06.271" endtime="20210621 12:51:07.520"/>
</for>
<kw name="List Should Contain Value" library="Collections">
<arg>${2.4Ghz_ChannelID_Analyser}</arg>
<arg>${2.4Ghz_ChannelID_Console}</arg>
<doc>Fails if the ``value`` is not found from ``list``.</doc>
<status status="NOT RUN" starttime="20210621 12:51:07.520" endtime="20210621 12:51:07.520"/>
</kw>
<status status="FAIL" starttime="20210621 12:49:07.177" endtime="20210621 12:51:07.520"/>
</kw>
<status status="FAIL" starttime="20210621 12:48:40.095" endtime="20210621 12:51:07.521">Resolving variable '${Analyser_ChannelID_5Ghz[0]}' failed: IndexError: list index out of range</status>
</test>
<status status="FAIL" starttime="20210621 12:03:44.136" endtime="20210621 12:51:07.538"/>
</suite>
<statistics>
<total>
<stat pass="18" fail="8" skip="0">All Tests</stat>
</total>
<tag>
</tag>
<suite>
<stat pass="18" fail="8" skip="0" id="s1" name="WLAN 2.4GHzChannelID">WLAN 2.4GHzChannelID</stat>
</suite>
</statistics>
<errors>
</errors>
</robot>
